0:0:0:0:0:0:0:1 - - [11/Jul/2020:21:04:12 +0200] "GET / HTTP/1.1" 200 - "-" "Mozilla/5.0 (Windows NT 10.0; Win64; x64) AppleWebKit/537.36 (KHTML, like Gecko) Chrome/83.0.4103.97 Safari/537.36" "AXM/Q3UT100b10NXAAAA"
0:0:0:0:0:0:0:1 - - [11/Jul/2020:21:04:12 +0200] "GET /js/main-d0ae3f07.m.d44675df.js HTTP/1.1" 200 - "http://localhost:9000/" "Mozilla/5.0 (Windows NT 10.0; Win64; x64) AppleWebKit/537.36 (KHTML, like Gecko) Chrome/83.0.4103.97 Safari/537.36" "AXM/Q3UT100b10NXAAAD"
0:0:0:0:0:0:0:1 - - [11/Jul/2020:21:04:12 +0200] "GET /js/vendors-main-0dc2813c.m.55195972.chunk.js HTTP/1.1" 200 - "http://localhost:9000/" "Mozilla/5.0 (Windows NT 10.0; Win64; x64) AppleWebKit/537.36 (KHTML, like Gecko) Chrome/83.0.4103.97 Safari/537.36" "AXM/Q3UT100b10NXAAAC"
0:0:0:0:0:0:0:1 - - [11/Jul/2020:21:04:12 +0200] "GET /js/vendors-main-d939e436.m.5f0be7e5.chunk.js HTTP/1.1" 200 - "http://localhost:9000/" "Mozilla/5.0 (Windows NT 10.0; Win64; x64) AppleWebKit/537.36 (KHTML, like Gecko) Chrome/83.0.4103.97 Safari/537.36" "AXM/Q3UT100b10NXAAAB"
0:0:0:0:0:0:0:1 - - [11/Jul/2020:21:04:13 +0200] "GET /api/navigation/global HTTP/1.1" 200 519 "http://localhost:9000/" "Mozilla/5.0 (Windows NT 10.0; Win64; x64) AppleWebKit/537.36 (KHTML, like Gecko) Chrome/83.0.4103.97 Safari/537.36" "AXM/Q3UT100b10NXAAAG"
0:0:0:0:0:0:0:1 - - [11/Jul/2020:21:04:13 +0200] "GET /api/l10n/index?locale=en-US HTTP/1.1" 200 - "http://localhost:9000/" "Mozilla/5.0 (Windows NT 10.0; Win64; x64) AppleWebKit/537.36 (KHTML, like Gecko) Chrome/83.0.4103.97 Safari/537.36" "AXM/Q3UT100b10NXAAAE"
0:0:0:0:0:0:0:1 - - [11/Jul/2020:21:04:13 +0200] "GET /js/23.m.2e0c65f9.chunk.js HTTP/1.1" 200 - "http://localhost:9000/" "Mozilla/5.0 (Windows NT 10.0; Win64; x64) AppleWebKit/537.36 (KHTML, like Gecko) Chrome/83.0.4103.97 Safari/537.36" "AXM/Q3UT100b10NXAAAH"
0:0:0:0:0:0:0:1 - - [11/Jul/2020:21:04:13 +0200] "GET /js/vendors-app-d939e436.m.d1d1a5ee.chunk.js HTTP/1.1" 200 - "http://localhost:9000/" "Mozilla/5.0 (Windows NT 10.0; Win64; x64) AppleWebKit/537.36 (KHTML, like Gecko) Chrome/83.0.4103.97 Safari/537.36" "AXM/Q3UT100b10NXAAAJ"
0:0:0:0:0:0:0:1 - - [11/Jul/2020:21:04:13 +0200] "GET /js/vendors-app-fdadd360.m.9f8c7002.chunk.js HTTP/1.1" 200 - "http://localhost:9000/" "Mozilla/5.0 (Windows NT 10.0; Win64; x64) AppleWebKit/537.36 (KHTML, like Gecko) Chrome/83.0.4103.97 Safari/537.36" "AXM/Q3UT100b10NXAAAI"
0:0:0:0:0:0:0:1 - - [11/Jul/2020:21:04:13 +0200] "GET /js/vendors-app-0f485567.m.941d1505.chunk.js HTTP/1.1" 200 - "http://localhost:9000/" "Mozilla/5.0 (Windows NT 10.0; Win64; x64) AppleWebKit/537.36 (KHTML, like Gecko) Chrome/83.0.4103.97 Safari/537.36" "AXM/Q3UT100b10NXAAAK"
0:0:0:0:0:0:0:1 - - [11/Jul/2020:21:04:13 +0200] "GET /js/vendors-app-3f764be9.m.95447966.chunk.js HTTP/1.1" 200 - "http://localhost:9000/" "Mozilla/5.0 (Windows NT 10.0; Win64; x64) AppleWebKit/537.36 (KHTML, like Gecko) Chrome/83.0.4103.97 Safari/537.36" "AXM/Q3UT100b10NXAAAL"
0:0:0:0:0:0:0:1 - - [11/Jul/2020:21:04:13 +0200] "GET /js/vendors-app-ec8c427e.m.7defc167.chunk.js HTTP/1.1" 200 - "http://localhost:9000/" "Mozilla/5.0 (Windows NT 10.0; Win64; x64) AppleWebKit/537.36 (KHTML, like Gecko) Chrome/83.0.4103.97 Safari/537.36" "AXM/Q3UT100b10NXAAAM"
0:0:0:0:0:0:0:1 - - [11/Jul/2020:21:04:13 +0200] "GET /js/app-493df0b3.m.f7115952.chunk.js HTTP/1.1" 200 - "http://localhost:9000/" "Mozilla/5.0 (Windows NT 10.0; Win64; x64) AppleWebKit/537.36 (KHTML, like Gecko) Chrome/83.0.4103.97 Safari/537.36" "AXM/Q3UT100b10NXAAAN"
0:0:0:0:0:0:0:1 - - [11/Jul/2020:21:04:13 +0200] "GET /api/users/current HTTP/1.1" 200 112 "http://localhost:9000/" "Mozilla/5.0 (Windows NT 10.0; Win64; x64) AppleWebKit/537.36 (KHTML, like Gecko) Chrome/83.0.4103.97 Safari/537.36" "AXM/Q3UT100b10NXAAAF"
0:0:0:0:0:0:0:1 - - [11/Jul/2020:21:04:14 +0200] "GET /api/languages/list HTTP/1.1" 200 479 "http://localhost:9000/" "Mozilla/5.0 (Windows NT 10.0; Win64; x64) AppleWebKit/537.36 (KHTML, like Gecko) Chrome/83.0.4103.97 Safari/537.36" "AXM/Q3UT100b10NXAAAQ"
0:0:0:0:0:0:0:1 - - [11/Jul/2020:21:04:14 +0200] "GET /js/27.m.36e78fe4.chunk.js HTTP/1.1" 200 2202 "http://localhost:9000/" "Mozilla/5.0 (Windows NT 10.0; Win64; x64) AppleWebKit/537.36 (KHTML, like Gecko) Chrome/83.0.4103.97 Safari/537.36" "AXM/Q3UT100b10NXAAAO"
0:0:0:0:0:0:0:1 - - [11/Jul/2020:21:04:14 +0200] "GET /js/376.m.cf916398.chunk.js HTTP/1.1" 200 598 "http://localhost:9000/" "Mozilla/5.0 (Windows NT 10.0; Win64; x64) AppleWebKit/537.36 (KHTML, like Gecko) Chrome/83.0.4103.97 Safari/537.36" "AXM/Q3UT100b10NXAAAP"
0:0:0:0:0:0:0:1 - - [11/Jul/2020:21:04:14 +0200] "GET /js/337.m.c22b700d.chunk.js HTTP/1.1" 200 - "http://localhost:9000/about" "Mozilla/5.0 (Windows NT 10.0; Win64; x64) AppleWebKit/537.36 (KHTML, like Gecko) Chrome/83.0.4103.97 Safari/537.36" "AXM/Q3UT100b10NXAAAR"
0:0:0:0:0:0:0:1 - - [11/Jul/2020:21:04:14 +0200] "GET /images/logo.svg?v=6.6 HTTP/1.1" 200 3507 "http://localhost:9000/about" "Mozilla/5.0 (Windows NT 10.0; Win64; x64) AppleWebKit/537.36 (KHTML, like Gecko) Chrome/83.0.4103.97 Safari/537.36" "AXM/Q3UT100b10NXAAAU"
0:0:0:0:0:0:0:1 - - [11/Jul/2020:21:04:14 +0200] "GET /images/scanner-logos/msbuild.svg HTTP/1.1" 200 722 "http://localhost:9000/about" "Mozilla/5.0 (Windows NT 10.0; Win64; x64) AppleWebKit/537.36 (KHTML, like Gecko) Chrome/83.0.4103.97 Safari/537.36" "AXM/Q3UT100b10NXAAAX"
0:0:0:0:0:0:0:1 - - [11/Jul/2020:21:04:14 +0200] "GET /images/scanner-logos/sonarqube.svg HTTP/1.1" 200 8422 "http://localhost:9000/about" "Mozilla/5.0 (Windows NT 10.0; Win64; x64) AppleWebKit/537.36 (KHTML, like Gecko) Chrome/83.0.4103.97 Safari/537.36" "AXM/Q3UT100b10NXAAAW"
0:0:0:0:0:0:0:1 - - [11/Jul/2020:21:04:14 +0200] "GET /images/scanner-logos/gradle.svg HTTP/1.1" 200 3708 "http://localhost:9000/about" "Mozilla/5.0 (Windows NT 10.0; Win64; x64) AppleWebKit/537.36 (KHTML, like Gecko) Chrome/83.0.4103.97 Safari/537.36" "AXM/Q3UT100b10NXAAAY"
0:0:0:0:0:0:0:1 - - [11/Jul/2020:21:04:14 +0200] "GET /images/scanner-logos/maven.svg HTTP/1.1" 200 2234 "http://localhost:9000/about" "Mozilla/5.0 (Windows NT 10.0; Win64; x64) AppleWebKit/537.36 (KHTML, like Gecko) Chrome/83.0.4103.97 Safari/537.36" "AXM/Q3UT100b10NXAAAZ"
0:0:0:0:0:0:0:1 - - [11/Jul/2020:21:04:14 +0200] "GET /images/scanner-logos/jenkins.svg HTTP/1.1" 200 14902 "http://localhost:9000/about" "Mozilla/5.0 (Windows NT 10.0; Win64; x64) AppleWebKit/537.36 (KHTML, like Gecko) Chrome/83.0.4103.97 Safari/537.36" "AXM/Q3UT100b10NXAAAa"
0:0:0:0:0:0:0:1 - - [11/Jul/2020:21:04:14 +0200] "GET /images/scanner-logos/ant.svg HTTP/1.1" 200 9688 "http://localhost:9000/about" "Mozilla/5.0 (Windows NT 10.0; Win64; x64) AppleWebKit/537.36 (KHTML, like Gecko) Chrome/83.0.4103.97 Safari/537.36" "AXM/Q3UT100b10NXAAAb"
0:0:0:0:0:0:0:1 - - [11/Jul/2020:21:04:14 +0200] "GET /api/settings/values?keys=sonar.lf.aboutText HTTP/1.1" 200 15 "http://localhost:9000/about" "Mozilla/5.0 (Windows NT 10.0; Win64; x64) AppleWebKit/537.36 (KHTML, like Gecko) Chrome/83.0.4103.97 Safari/537.36" "AXM/Q3UT100b10NXAAAV"
0:0:0:0:0:0:0:1 - - [11/Jul/2020:21:04:15 +0200] "GET /favicon.ico HTTP/1.1" 200 5430 "http://localhost:9000/about" "Mozilla/5.0 (Windows NT 10.0; Win64; x64) AppleWebKit/537.36 (KHTML, like Gecko) Chrome/83.0.4103.97 Safari/537.36" "AXM/Q3UT100b10NXAAAc"
0:0:0:0:0:0:0:1 - - [11/Jul/2020:21:04:15 +0200] "GET /api/components/search_projects?ps=1 HTTP/1.1" 200 216 "http://localhost:9000/about" "Mozilla/5.0 (Windows NT 10.0; Win64; x64) AppleWebKit/537.36 (KHTML, like Gecko) Chrome/83.0.4103.97 Safari/537.36" "AXM/Q3UT100b10NXAAAS"
0:0:0:0:0:0:0:1 - - [11/Jul/2020:21:04:15 +0200] "GET /api/issues/search?resolved=false&facets=types&ps=1&additionalFields=_all HTTP/1.1" 200 - "http://localhost:9000/about" "Mozilla/5.0 (Windows NT 10.0; Win64; x64) AppleWebKit/537.36 (KHTML, like Gecko) Chrome/83.0.4103.97 Safari/537.36" "AXM/Q3UT100b10NXAAAT"
0:0:0:0:0:0:0:1 - - [11/Jul/2020:21:04:24 +0200] "GET /js/1.m.08f1eb85.chunk.js HTTP/1.1" 200 - "http://localhost:9000/projects?sort=-analysis_date" "Mozilla/5.0 (Windows NT 10.0; Win64; x64) AppleWebKit/537.36 (KHTML, like Gecko) Chrome/83.0.4103.97 Safari/537.36" "AXM/Q3UT100b10NXAAAd"
0:0:0:0:0:0:0:1 - - [11/Jul/2020:21:04:24 +0200] "GET /js/289.m.3047128c.chunk.js HTTP/1.1" 200 - "http://localhost:9000/projects?sort=-analysis_date" "Mozilla/5.0 (Windows NT 10.0; Win64; x64) AppleWebKit/537.36 (KHTML, like Gecko) Chrome/83.0.4103.97 Safari/537.36" "AXM/Q3UT100b10NXAAAh"
0:0:0:0:0:0:0:1 - - [11/Jul/2020:21:04:24 +0200] "GET /js/7.m.0b26ec3c.chunk.js HTTP/1.1" 200 - "http://localhost:9000/projects?sort=-analysis_date" "Mozilla/5.0 (Windows NT 10.0; Win64; x64) AppleWebKit/537.36 (KHTML, like Gecko) Chrome/83.0.4103.97 Safari/537.36" "AXM/Q3UT100b10NXAAAf"
0:0:0:0:0:0:0:1 - - [11/Jul/2020:21:04:24 +0200] "GET /js/19.m.1290b4f4.chunk.js HTTP/1.1" 200 - "http://localhost:9000/projects?sort=-analysis_date" "Mozilla/5.0 (Windows NT 10.0; Win64; x64) AppleWebKit/537.36 (KHTML, like Gecko) Chrome/83.0.4103.97 Safari/537.36" "AXM/Q3UT100b10NXAAAg"
0:0:0:0:0:0:0:1 - - [11/Jul/2020:21:04:24 +0200] "GET /js/4.m.6cbb060f.chunk.js HTTP/1.1" 200 - "http://localhost:9000/projects?sort=-analysis_date" "Mozilla/5.0 (Windows NT 10.0; Win64; x64) AppleWebKit/537.36 (KHTML, like Gecko) Chrome/83.0.4103.97 Safari/537.36" "AXM/Q3UT100b10NXAAAe"
0:0:0:0:0:0:0:1 - - [11/Jul/2020:21:04:24 +0200] "GET /js/307.m.4548598b.chunk.js HTTP/1.1" 200 - "http://localhost:9000/projects?sort=-analysis_date" "Mozilla/5.0 (Windows NT 10.0; Win64; x64) AppleWebKit/537.36 (KHTML, like Gecko) Chrome/83.0.4103.97 Safari/537.36" "AXM/Q3UT100b10NXAAAi"
0:0:0:0:0:0:0:1 - - [11/Jul/2020:21:04:24 +0200] "GET /js/29.m.deb1556c.chunk.js HTTP/1.1" 200 - "http://localhost:9000/projects?sort=-analysis_date" "Mozilla/5.0 (Windows NT 10.0; Win64; x64) AppleWebKit/537.36 (KHTML, like Gecko) Chrome/83.0.4103.97 Safari/537.36" "AXM/Q3UT100b10NXAAAj"
0:0:0:0:0:0:0:1 - - [11/Jul/2020:21:04:24 +0200] "GET /js/390.m.ae407602.chunk.js HTTP/1.1" 200 941 "http://localhost:9000/projects?sort=-analysis_date" "Mozilla/5.0 (Windows NT 10.0; Win64; x64) AppleWebKit/537.36 (KHTML, like Gecko) Chrome/83.0.4103.97 Safari/537.36" "AXM/Q3UT100b10NXAAAk"
0:0:0:0:0:0:0:1 - - [11/Jul/2020:21:04:24 +0200] "GET /api/components/search_projects?ps=50&facets=reliability_rating%2Csecurity_rating%2Csecurity_review_rating%2Csqale_rating%2Ccoverage%2Cduplicated_lines_density%2Cncloc%2Calert_status%2Clanguages%2Ctags%2Cqualifier&f=analysisDate%2CleakPeriodDate&s=analysisDate&asc=false HTTP/1.1" 200 - "http://localhost:9000/projects?sort=-analysis_date" "Mozilla/5.0 (Windows NT 10.0; Win64; x64) AppleWebKit/537.36 (KHTML, like Gecko) Chrome/83.0.4103.97 Safari/537.36" "AXM/Q3UT100b10NXAAAl"
0:0:0:0:0:0:0:1 - - [11/Jul/2020:21:04:24 +0200] "GET /api/organizations/search?organizations=default-organization HTTP/1.1" 200 189 "http://localhost:9000/projects?sort=-analysis_date" "Mozilla/5.0 (Windows NT 10.0; Win64; x64) AppleWebKit/537.36 (KHTML, like Gecko) Chrome/83.0.4103.97 Safari/537.36" "AXM/Q3UT100b10NXAAAn"
0:0:0:0:0:0:0:1 - - [11/Jul/2020:21:04:24 +0200] "GET /api/measures/search?projectKeys=Django3%2CDjango2%2CDjango%2CPython-Project&metricKeys=alert_status%2Cbugs%2Creliability_rating%2Cvulnerabilities%2Csecurity_rating%2Csecurity_hotspots_reviewed%2Csecurity_review_rating%2Ccode_smells%2Csqale_rating%2Cduplicated_lines_density%2Ccoverage%2Cncloc%2Cncloc_language_distribution%2Cprojects HTTP/1.1" 200 - "http://localhost:9000/projects?sort=-analysis_date" "Mozilla/5.0 (Windows NT 10.0; Win64; x64) AppleWebKit/537.36 (KHTML, like Gecko) Chrome/83.0.4103.97 Safari/537.36" "AXM/Q3UT100b10NXAAAm"
0:0:0:0:0:0:0:1 - - [11/Jul/2020:21:19:19 +0200] "GET /about HTTP/1.1" 200 - "-" "Mozilla/5.0 (Windows NT 10.0; Win64; x64) AppleWebKit/537.36 (KHTML, like Gecko) Chrome/83.0.4103.97 Safari/537.36" "AXM/UUxBV9xD9Gz4AAAA"
0:0:0:0:0:0:0:1 - - [11/Jul/2020:21:19:20 +0200] "GET /api/navigation/global HTTP/1.1" 200 519 "http://localhost:9000/about" "Mozilla/5.0 (Windows NT 10.0; Win64; x64) AppleWebKit/537.36 (KHTML, like Gecko) Chrome/83.0.4103.97 Safari/537.36" "AXM/UUxBV9xD9Gz4AAAD"
0:0:0:0:0:0:0:1 - - [11/Jul/2020:21:19:20 +0200] "GET /api/l10n/index?locale=en-US&ts=2020-07-11T19%3A04%3A13%2B0000 HTTP/1.1" 200 - "http://localhost:9000/about" "Mozilla/5.0 (Windows NT 10.0; Win64; x64) AppleWebKit/537.36 (KHTML, like Gecko) Chrome/83.0.4103.97 Safari/537.36" "AXM/UUxBV9xD9Gz4AAAB"
0:0:0:0:0:0:0:1 - - [11/Jul/2020:21:19:20 +0200] "GET /api/users/current HTTP/1.1" 200 112 "http://localhost:9000/about" "Mozilla/5.0 (Windows NT 10.0; Win64; x64) AppleWebKit/537.36 (KHTML, like Gecko) Chrome/83.0.4103.97 Safari/537.36" "AXM/UUxBV9xD9Gz4AAAC"
0:0:0:0:0:0:0:1 - - [11/Jul/2020:21:19:20 +0200] "GET /api/languages/list HTTP/1.1" 200 479 "http://localhost:9000/about" "Mozilla/5.0 (Windows NT 10.0; Win64; x64) AppleWebKit/537.36 (KHTML, like Gecko) Chrome/83.0.4103.97 Safari/537.36" "AXM/UUxBV9xD9Gz4AAAE"
0:0:0:0:0:0:0:1 - - [11/Jul/2020:21:19:21 +0200] "GET /images/scanner-logos/msbuild.svg HTTP/1.1" 304 - "http://localhost:9000/about" "Mozilla/5.0 (Windows NT 10.0; Win64; x64) AppleWebKit/537.36 (KHTML, like Gecko) Chrome/83.0.4103.97 Safari/537.36" "AXM/UUxBV9xD9Gz4AAAK"
0:0:0:0:0:0:0:1 - - [11/Jul/2020:21:19:21 +0200] "GET /images/scanner-logos/sonarqube.svg HTTP/1.1" 304 - "http://localhost:9000/about" "Mozilla/5.0 (Windows NT 10.0; Win64; x64) AppleWebKit/537.36 (KHTML, like Gecko) Chrome/83.0.4103.97 Safari/537.36" "AXM/UUxBV9xD9Gz4AAAJ"
0:0:0:0:0:0:0:1 - - [11/Jul/2020:21:19:21 +0200] "GET /api/settings/values?keys=sonar.lf.aboutText HTTP/1.1" 200 15 "http://localhost:9000/about" "Mozilla/5.0 (Windows NT 10.0; Win64; x64) AppleWebKit/537.36 (KHTML, like Gecko) Chrome/83.0.4103.97 Safari/537.36" "AXM/UUxBV9xD9Gz4AAAH"
0:0:0:0:0:0:0:1 - - [11/Jul/2020:21:19:21 +0200] "GET /images/logo.svg?v=6.6 HTTP/1.1" 304 - "http://localhost:9000/about" "Mozilla/5.0 (Windows NT 10.0; Win64; x64) AppleWebKit/537.36 (KHTML, like Gecko) Chrome/83.0.4103.97 Safari/537.36" "AXM/UUxBV9xD9Gz4AAAI"
0:0:0:0:0:0:0:1 - - [11/Jul/2020:21:19:21 +0200] "GET /images/scanner-logos/maven.svg HTTP/1.1" 304 - "http://localhost:9000/about" "Mozilla/5.0 (Windows NT 10.0; Win64; x64) AppleWebKit/537.36 (KHTML, like Gecko) Chrome/83.0.4103.97 Safari/537.36" "AXM/UUxBV9xD9Gz4AAAL"
0:0:0:0:0:0:0:1 - - [11/Jul/2020:21:19:21 +0200] "GET /images/scanner-logos/gradle.svg HTTP/1.1" 304 - "http://localhost:9000/about" "Mozilla/5.0 (Windows NT 10.0; Win64; x64) AppleWebKit/537.36 (KHTML, like Gecko) Chrome/83.0.4103.97 Safari/537.36" "AXM/UUxBV9xD9Gz4AAAM"
0:0:0:0:0:0:0:1 - - [11/Jul/2020:21:19:21 +0200] "GET /images/scanner-logos/jenkins.svg HTTP/1.1" 304 - "http://localhost:9000/about" "Mozilla/5.0 (Windows NT 10.0; Win64; x64) AppleWebKit/537.36 (KHTML, like Gecko) Chrome/83.0.4103.97 Safari/537.36" "AXM/UUxBV9xD9Gz4AAAN"
0:0:0:0:0:0:0:1 - - [11/Jul/2020:21:19:21 +0200] "GET /images/scanner-logos/ant.svg HTTP/1.1" 304 - "http://localhost:9000/about" "Mozilla/5.0 (Windows NT 10.0; Win64; x64) AppleWebKit/537.36 (KHTML, like Gecko) Chrome/83.0.4103.97 Safari/537.36" "AXM/UUxBV9xD9Gz4AAAO"
0:0:0:0:0:0:0:1 - - [11/Jul/2020:21:19:21 +0200] "GET /api/components/search_projects?ps=1 HTTP/1.1" 200 216 "http://localhost:9000/about" "Mozilla/5.0 (Windows NT 10.0; Win64; x64) AppleWebKit/537.36 (KHTML, like Gecko) Chrome/83.0.4103.97 Safari/537.36" "AXM/UUxBV9xD9Gz4AAAF"
0:0:0:0:0:0:0:1 - - [11/Jul/2020:21:19:21 +0200] "GET /api/issues/search?resolved=false&facets=types&ps=1&additionalFields=_all HTTP/1.1" 200 - "http://localhost:9000/about" "Mozilla/5.0 (Windows NT 10.0; Win64; x64) AppleWebKit/537.36 (KHTML, like Gecko) Chrome/83.0.4103.97 Safari/537.36" "AXM/UUxBV9xD9Gz4AAAG"
0:0:0:0:0:0:0:1 - - [11/Jul/2020:21:19:22 +0200] "GET /favicon.ico HTTP/1.1" 200 5430 "http://localhost:9000/about" "Mozilla/5.0 (Windows NT 10.0; Win64; x64) AppleWebKit/537.36 (KHTML, like Gecko) Chrome/83.0.4103.97 Safari/537.36" "AXM/UUxBV9xD9Gz4AAAP"
0:0:0:0:0:0:0:1 - - [11/Jul/2020:21:24:39 +0200] "GET /about HTTP/1.1" 200 - "-" "Mozilla/5.0 (Windows NT 10.0; Win64; x64) AppleWebKit/537.36 (KHTML, like Gecko) Chrome/83.0.4103.97 Safari/537.36" "AXM/Vi/CJ7v32aB5AAAA"
0:0:0:0:0:0:0:1 - - [11/Jul/2020:21:24:40 +0200] "GET /api/navigation/global HTTP/1.1" 200 519 "http://localhost:9000/about" "Mozilla/5.0 (Windows NT 10.0; Win64; x64) AppleWebKit/537.36 (KHTML, like Gecko) Chrome/83.0.4103.97 Safari/537.36" "AXM/Vi/CJ7v32aB5AAAD"
0:0:0:0:0:0:0:1 - - [11/Jul/2020:21:24:40 +0200] "GET /api/l10n/index?locale=en-US&ts=2020-07-11T19%3A19%3A20%2B0000 HTTP/1.1" 200 - "http://localhost:9000/about" "Mozilla/5.0 (Windows NT 10.0; Win64; x64) AppleWebKit/537.36 (KHTML, like Gecko) Chrome/83.0.4103.97 Safari/537.36" "AXM/Vi/CJ7v32aB5AAAB"
0:0:0:0:0:0:0:1 - - [11/Jul/2020:21:24:40 +0200] "GET /api/users/current HTTP/1.1" 200 112 "http://localhost:9000/about" "Mozilla/5.0 (Windows NT 10.0; Win64; x64) AppleWebKit/537.36 (KHTML, like Gecko) Chrome/83.0.4103.97 Safari/537.36" "AXM/Vi/CJ7v32aB5AAAC"
0:0:0:0:0:0:0:1 - - [11/Jul/2020:21:24:40 +0200] "GET /favicon.ico HTTP/1.1" 200 5430 "http://localhost:9000/about" "Mozilla/5.0 (Windows NT 10.0; Win64; x64) AppleWebKit/537.36 (KHTML, like Gecko) Chrome/83.0.4103.97 Safari/537.36" "AXM/Vi/CJ7v32aB5AAAE"
0:0:0:0:0:0:0:1 - - [11/Jul/2020:21:24:40 +0200] "GET /api/languages/list HTTP/1.1" 200 479 "http://localhost:9000/about" "Mozilla/5.0 (Windows NT 10.0; Win64; x64) AppleWebKit/537.36 (KHTML, like Gecko) Chrome/83.0.4103.97 Safari/537.36" "AXM/Vi/CJ7v32aB5AAAF"
0:0:0:0:0:0:0:1 - - [11/Jul/2020:21:24:40 +0200] "GET /images/logo.svg?v=6.6 HTTP/1.1" 304 - "http://localhost:9000/about" "Mozilla/5.0 (Windows NT 10.0; Win64; x64) AppleWebKit/537.36 (KHTML, like Gecko) Chrome/83.0.4103.97 Safari/537.36" "AXM/Vi/CJ7v32aB5AAAG"
0:0:0:0:0:0:0:1 - - [11/Jul/2020:21:24:40 +0200] "GET /images/scanner-logos/sonarqube.svg HTTP/1.1" 304 - "http://localhost:9000/about" "Mozilla/5.0 (Windows NT 10.0; Win64; x64) AppleWebKit/537.36 (KHTML, like Gecko) Chrome/83.0.4103.97 Safari/537.36" "AXM/Vi/CJ7v32aB5AAAH"
0:0:0:0:0:0:0:1 - - [11/Jul/2020:21:24:40 +0200] "GET /images/scanner-logos/maven.svg HTTP/1.1" 304 - "http://localhost:9000/about" "Mozilla/5.0 (Windows NT 10.0; Win64; x64) AppleWebKit/537.36 (KHTML, like Gecko) Chrome/83.0.4103.97 Safari/537.36" "AXM/Vi/CJ7v32aB5AAAJ"
0:0:0:0:0:0:0:1 - - [11/Jul/2020:21:24:40 +0200] "GET /images/scanner-logos/msbuild.svg HTTP/1.1" 304 - "http://localhost:9000/about" "Mozilla/5.0 (Windows NT 10.0; Win64; x64) AppleWebKit/537.36 (KHTML, like Gecko) Chrome/83.0.4103.97 Safari/537.36" "AXM/Vi/CJ7v32aB5AAAI"
0:0:0:0:0:0:0:1 - - [11/Jul/2020:21:24:40 +0200] "GET /images/scanner-logos/gradle.svg HTTP/1.1" 304 - "http://localhost:9000/about" "Mozilla/5.0 (Windows NT 10.0; Win64; x64) AppleWebKit/537.36 (KHTML, like Gecko) Chrome/83.0.4103.97 Safari/537.36" "AXM/Vi/CJ7v32aB5AAAK"
0:0:0:0:0:0:0:1 - - [11/Jul/2020:21:24:40 +0200] "GET /images/scanner-logos/jenkins.svg HTTP/1.1" 304 - "http://localhost:9000/about" "Mozilla/5.0 (Windows NT 10.0; Win64; x64) AppleWebKit/537.36 (KHTML, like Gecko) Chrome/83.0.4103.97 Safari/537.36" "AXM/Vi/CJ7v32aB5AAAL"
0:0:0:0:0:0:0:1 - - [11/Jul/2020:21:24:40 +0200] "GET /images/scanner-logos/ant.svg HTTP/1.1" 304 - "http://localhost:9000/about" "Mozilla/5.0 (Windows NT 10.0; Win64; x64) AppleWebKit/537.36 (KHTML, like Gecko) Chrome/83.0.4103.97 Safari/537.36" "AXM/Vi/CJ7v32aB5AAAM"
0:0:0:0:0:0:0:1 - - [11/Jul/2020:21:24:41 +0200] "GET /api/settings/values?keys=sonar.lf.aboutText HTTP/1.1" 200 15 "http://localhost:9000/about" "Mozilla/5.0 (Windows NT 10.0; Win64; x64) AppleWebKit/537.36 (KHTML, like Gecko) Chrome/83.0.4103.97 Safari/537.36" "AXM/Vi/CJ7v32aB5AAAP"
0:0:0:0:0:0:0:1 - - [11/Jul/2020:21:24:41 +0200] "GET /api/components/search_projects?ps=1 HTTP/1.1" 200 216 "http://localhost:9000/about" "Mozilla/5.0 (Windows NT 10.0; Win64; x64) AppleWebKit/537.36 (KHTML, like Gecko) Chrome/83.0.4103.97 Safari/537.36" "AXM/Vi/CJ7v32aB5AAAN"
0:0:0:0:0:0:0:1 - - [11/Jul/2020:21:24:41 +0200] "GET /api/issues/search?resolved=false&facets=types&ps=1&additionalFields=_all HTTP/1.1" 200 - "http://localhost:9000/about" "Mozilla/5.0 (Windows NT 10.0; Win64; x64) AppleWebKit/537.36 (KHTML, like Gecko) Chrome/83.0.4103.97 Safari/537.36" "AXM/Vi/CJ7v32aB5AAAO"
0:0:0:0:0:0:0:1 - - [11/Jul/2020:22:16:06 +0200] "GET / HTTP/1.1" 200 - "-" "Mozilla/5.0 (Windows NT 10.0; Win64; x64) AppleWebKit/537.36 (KHTML, like Gecko) Chrome/83.0.4103.97 Safari/537.36" "-"
0:0:0:0:0:0:0:1 - - [11/Jul/2020:22:16:07 +0200] "GET /api/navigation/global HTTP/1.1" 404 59 "http://localhost:9000/" "Mozilla/5.0 (Windows NT 10.0; Win64; x64) AppleWebKit/537.36 (KHTML, like Gecko) Chrome/83.0.4103.97 Safari/537.36" "-"
0:0:0:0:0:0:0:1 - - [11/Jul/2020:22:16:07 +0200] "GET /api/l10n/index?locale=en-US&ts=2020-07-11T19%3A24%3A40%2B0000 HTTP/1.1" 200 - "http://localhost:9000/" "Mozilla/5.0 (Windows NT 10.0; Win64; x64) AppleWebKit/537.36 (KHTML, like Gecko) Chrome/83.0.4103.97 Safari/537.36" "-"
0:0:0:0:0:0:0:1 - - [11/Jul/2020:22:16:07 +0200] "GET /js/378.m.694eccf0.chunk.js HTTP/1.1" 200 505 "http://localhost:9000/maintenance?return_to=%2F" "Mozilla/5.0 (Windows NT 10.0; Win64; x64) AppleWebKit/537.36 (KHTML, like Gecko) Chrome/83.0.4103.97 Safari/537.36" "-"
0:0:0:0:0:0:0:1 - - [11/Jul/2020:22:16:07 +0200] "GET /js/343.m.363e3b64.chunk.js HTTP/1.1" 200 - "http://localhost:9000/maintenance?return_to=%2F" "Mozilla/5.0 (Windows NT 10.0; Win64; x64) AppleWebKit/537.36 (KHTML, like Gecko) Chrome/83.0.4103.97 Safari/537.36" "-"
0:0:0:0:0:0:0:1 - - [11/Jul/2020:22:16:07 +0200] "GET /api/system/status HTTP/1.1" 200 82 "http://localhost:9000/maintenance?return_to=%2F" "Mozilla/5.0 (Windows NT 10.0; Win64; x64) AppleWebKit/537.36 (KHTML, like Gecko) Chrome/83.0.4103.97 Safari/537.36" "-"
0:0:0:0:0:0:0:1 - - [11/Jul/2020:22:16:13 +0200] "GET /api/system/status HTTP/1.1" 200 82 "http://localhost:9000/maintenance?return_to=%2F" "Mozilla/5.0 (Windows NT 10.0; Win64; x64) AppleWebKit/537.36 (KHTML, like Gecko) Chrome/83.0.4103.97 Safari/537.36" "-"
0:0:0:0:0:0:0:1 - - [11/Jul/2020:22:16:19 +0200] "GET /api/system/status HTTP/1.1" 200 82 "http://localhost:9000/maintenance?return_to=%2F" "Mozilla/5.0 (Windows NT 10.0; Win64; x64) AppleWebKit/537.36 (KHTML, like Gecko) Chrome/83.0.4103.97 Safari/537.36" "-"
0:0:0:0:0:0:0:1 - - [11/Jul/2020:22:16:25 +0200] "GET /api/system/status HTTP/1.1" 200 82 "http://localhost:9000/maintenance?return_to=%2F" "Mozilla/5.0 (Windows NT 10.0; Win64; x64) AppleWebKit/537.36 (KHTML, like Gecko) Chrome/83.0.4103.97 Safari/537.36" "-"
0:0:0:0:0:0:0:1 - - [11/Jul/2020:22:16:31 +0200] "GET /api/system/status HTTP/1.1" 200 82 "http://localhost:9000/maintenance?return_to=%2F" "Mozilla/5.0 (Windows NT 10.0; Win64; x64) AppleWebKit/537.36 (KHTML, like Gecko) Chrome/83.0.4103.97 Safari/537.36" "-"
0:0:0:0:0:0:0:1 - - [11/Jul/2020:22:16:36 +0200] "GET /api/system/status HTTP/1.1" 200 82 "http://localhost:9000/maintenance?return_to=%2F" "Mozilla/5.0 (Windows NT 10.0; Win64; x64) AppleWebKit/537.36 (KHTML, like Gecko) Chrome/83.0.4103.97 Safari/537.36" "-"
0:0:0:0:0:0:0:1 - - [11/Jul/2020:22:16:42 +0200] "GET /api/system/status HTTP/1.1" 200 76 "http://localhost:9000/maintenance?return_to=%2F" "Mozilla/5.0 (Windows NT 10.0; Win64; x64) AppleWebKit/537.36 (KHTML, like Gecko) Chrome/83.0.4103.97 Safari/537.36" "AXM/hdX6bUrjBC1PAAAA"
0:0:0:0:0:0:0:1 - - [11/Jul/2020:22:16:45 +0200] "GET / HTTP/1.1" 200 - "http://localhost:9000/maintenance?return_to=%2F" "Mozilla/5.0 (Windows NT 10.0; Win64; x64) AppleWebKit/537.36 (KHTML, like Gecko) Chrome/83.0.4103.97 Safari/537.36" "AXM/hdX6bUrjBC1PAAAB"
0:0:0:0:0:0:0:1 - - [11/Jul/2020:22:16:45 +0200] "GET /api/l10n/index?locale=en-US&ts=2020-07-11T20%3A16%3A07%2B0000 HTTP/1.1" 304 - "http://localhost:9000/" "Mozilla/5.0 (Windows NT 10.0; Win64; x64) AppleWebKit/537.36 (KHTML, like Gecko) Chrome/83.0.4103.97 Safari/537.36" "AXM/hdX6bUrjBC1PAAAC"
0:0:0:0:0:0:0:1 - - [11/Jul/2020:22:16:45 +0200] "GET /api/navigation/global HTTP/1.1" 200 519 "http://localhost:9000/" "Mozilla/5.0 (Windows NT 10.0; Win64; x64) AppleWebKit/537.36 (KHTML, like Gecko) Chrome/83.0.4103.97 Safari/537.36" "AXM/hdX6bUrjBC1PAAAE"
0:0:0:0:0:0:0:1 - - [11/Jul/2020:22:16:45 +0200] "GET /api/users/current HTTP/1.1" 200 112 "http://localhost:9000/" "Mozilla/5.0 (Windows NT 10.0; Win64; x64) AppleWebKit/537.36 (KHTML, like Gecko) Chrome/83.0.4103.97 Safari/537.36" "AXM/hdX6bUrjBC1PAAAD"
0:0:0:0:0:0:0:1 - - [11/Jul/2020:22:16:45 +0200] "GET /api/languages/list HTTP/1.1" 200 479 "http://localhost:9000/" "Mozilla/5.0 (Windows NT 10.0; Win64; x64) AppleWebKit/537.36 (KHTML, like Gecko) Chrome/83.0.4103.97 Safari/537.36" "AXM/hdX6bUrjBC1PAAAF"
0:0:0:0:0:0:0:1 - - [11/Jul/2020:22:16:46 +0200] "GET /images/scanner-logos/sonarqube.svg HTTP/1.1" 304 - "http://localhost:9000/about" "Mozilla/5.0 (Windows NT 10.0; Win64; x64) AppleWebKit/537.36 (KHTML, like Gecko) Chrome/83.0.4103.97 Safari/537.36" "AXM/hdX6bUrjBC1PAAAK"
0:0:0:0:0:0:0:1 - - [11/Jul/2020:22:16:46 +0200] "GET /images/scanner-logos/msbuild.svg HTTP/1.1" 304 - "http://localhost:9000/about" "Mozilla/5.0 (Windows NT 10.0; Win64; x64) AppleWebKit/537.36 (KHTML, like Gecko) Chrome/83.0.4103.97 Safari/537.36" "AXM/hdX6bUrjBC1PAAAL"
0:0:0:0:0:0:0:1 - - [11/Jul/2020:22:16:46 +0200] "GET /images/logo.svg?v=6.6 HTTP/1.1" 304 - "http://localhost:9000/about" "Mozilla/5.0 (Windows NT 10.0; Win64; x64) AppleWebKit/537.36 (KHTML, like Gecko) Chrome/83.0.4103.97 Safari/537.36" "AXM/hdX6bUrjBC1PAAAJ"
0:0:0:0:0:0:0:1 - - [11/Jul/2020:22:16:46 +0200] "GET /images/scanner-logos/maven.svg HTTP/1.1" 304 - "http://localhost:9000/about" "Mozilla/5.0 (Windows NT 10.0; Win64; x64) AppleWebKit/537.36 (KHTML, like Gecko) Chrome/83.0.4103.97 Safari/537.36" "AXM/hdX6bUrjBC1PAAAM"
0:0:0:0:0:0:0:1 - - [11/Jul/2020:22:16:46 +0200] "GET /api/settings/values?keys=sonar.lf.aboutText HTTP/1.1" 200 15 "http://localhost:9000/about" "Mozilla/5.0 (Windows NT 10.0; Win64; x64) AppleWebKit/537.36 (KHTML, like Gecko) Chrome/83.0.4103.97 Safari/537.36" "AXM/hdX6bUrjBC1PAAAI"
0:0:0:0:0:0:0:1 - - [11/Jul/2020:22:16:46 +0200] "GET /images/scanner-logos/gradle.svg HTTP/1.1" 304 - "http://localhost:9000/about" "Mozilla/5.0 (Windows NT 10.0; Win64; x64) AppleWebKit/537.36 (KHTML, like Gecko) Chrome/83.0.4103.97 Safari/537.36" "AXM/hdX6bUrjBC1PAAAN"
0:0:0:0:0:0:0:1 - - [11/Jul/2020:22:16:46 +0200] "GET /images/scanner-logos/ant.svg HTTP/1.1" 304 - "http://localhost:9000/about" "Mozilla/5.0 (Windows NT 10.0; Win64; x64) AppleWebKit/537.36 (KHTML, like Gecko) Chrome/83.0.4103.97 Safari/537.36" "AXM/hdX6bUrjBC1PAAAP"
0:0:0:0:0:0:0:1 - - [11/Jul/2020:22:16:46 +0200] "GET /images/scanner-logos/jenkins.svg HTTP/1.1" 304 - "http://localhost:9000/about" "Mozilla/5.0 (Windows NT 10.0; Win64; x64) AppleWebKit/537.36 (KHTML, like Gecko) Chrome/83.0.4103.97 Safari/537.36" "AXM/hdX6bUrjBC1PAAAO"
0:0:0:0:0:0:0:1 - - [11/Jul/2020:22:16:47 +0200] "GET /api/components/search_projects?ps=1 HTTP/1.1" 200 216 "http://localhost:9000/about" "Mozilla/5.0 (Windows NT 10.0; Win64; x64) AppleWebKit/537.36 (KHTML, like Gecko) Chrome/83.0.4103.97 Safari/537.36" "AXM/hdX6bUrjBC1PAAAG"
0:0:0:0:0:0:0:1 - - [11/Jul/2020:22:16:47 +0200] "GET /api/issues/search?resolved=false&facets=types&ps=1&additionalFields=_all HTTP/1.1" 200 - "http://localhost:9000/about" "Mozilla/5.0 (Windows NT 10.0; Win64; x64) AppleWebKit/537.36 (KHTML, like Gecko) Chrome/83.0.4103.97 Safari/537.36" "AXM/hdX6bUrjBC1PAAAH"
0:0:0:0:0:0:0:1 - - [11/Jul/2020:22:16:52 +0200] "GET /api/components/search_projects?ps=50&facets=reliability_rating%2Csecurity_rating%2Csecurity_review_rating%2Csqale_rating%2Ccoverage%2Cduplicated_lines_density%2Cncloc%2Calert_status%2Clanguages%2Ctags%2Cqualifier&f=analysisDate%2CleakPeriodDate&s=analysisDate&asc=false HTTP/1.1" 200 - "http://localhost:9000/projects?sort=-analysis_date" "Mozilla/5.0 (Windows NT 10.0; Win64; x64) AppleWebKit/537.36 (KHTML, like Gecko) Chrome/83.0.4103.97 Safari/537.36" "AXM/hdX6bUrjBC1PAAAQ"
0:0:0:0:0:0:0:1 - - [11/Jul/2020:22:16:52 +0200] "GET /api/organizations/search?organizations=default-organization HTTP/1.1" 200 189 "http://localhost:9000/projects?sort=-analysis_date" "Mozilla/5.0 (Windows NT 10.0; Win64; x64) AppleWebKit/537.36 (KHTML, like Gecko) Chrome/83.0.4103.97 Safari/537.36" "AXM/hdX6bUrjBC1PAAAS"
0:0:0:0:0:0:0:1 - - [11/Jul/2020:22:16:52 +0200] "GET /api/measures/search?projectKeys=Django3%2CDjango2%2CDjango%2CPython-Project&metricKeys=alert_status%2Cbugs%2Creliability_rating%2Cvulnerabilities%2Csecurity_rating%2Csecurity_hotspots_reviewed%2Csecurity_review_rating%2Ccode_smells%2Csqale_rating%2Cduplicated_lines_density%2Ccoverage%2Cncloc%2Cncloc_language_distribution%2Cprojects HTTP/1.1" 200 - "http://localhost:9000/projects?sort=-analysis_date" "Mozilla/5.0 (Windows NT 10.0; Win64; x64) AppleWebKit/537.36 (KHTML, like Gecko) Chrome/83.0.4103.97 Safari/537.36" "AXM/hdX6bUrjBC1PAAAR"
0:0:0:0:0:0:0:1 - - [11/Jul/2020:22:17:08 +0200] "GET /js/0.m.9faa583b.chunk.js HTTP/1.1" 200 - "http://localhost:9000/issues?resolved=false" "Mozilla/5.0 (Windows NT 10.0; Win64; x64) AppleWebKit/537.36 (KHTML, like Gecko) Chrome/83.0.4103.97 Safari/537.36" "AXM/hdX6bUrjBC1PAAAT"
0:0:0:0:0:0:0:1 - - [11/Jul/2020:22:17:08 +0200] "GET /js/342.m.ab82bf16.chunk.js HTTP/1.1" 200 - "http://localhost:9000/issues?resolved=false" "Mozilla/5.0 (Windows NT 10.0; Win64; x64) AppleWebKit/537.36 (KHTML, like Gecko) Chrome/83.0.4103.97 Safari/537.36" "AXM/hdX6bUrjBC1PAAAX"
0:0:0:0:0:0:0:1 - - [11/Jul/2020:22:17:08 +0200] "GET /js/297.m.1a0919fa.chunk.js HTTP/1.1" 200 - "http://localhost:9000/issues?resolved=false" "Mozilla/5.0 (Windows NT 10.0; Win64; x64) AppleWebKit/537.36 (KHTML, like Gecko) Chrome/83.0.4103.97 Safari/537.36" "AXM/hdX6bUrjBC1PAAAW"
0:0:0:0:0:0:0:1 - - [11/Jul/2020:22:17:08 +0200] "GET /js/304.m.fb7f95cb.chunk.js HTTP/1.1" 200 - "http://localhost:9000/issues?resolved=false" "Mozilla/5.0 (Windows NT 10.0; Win64; x64) AppleWebKit/537.36 (KHTML, like Gecko) Chrome/83.0.4103.97 Safari/537.36" "AXM/hdX6bUrjBC1PAAAV"
0:0:0:0:0:0:0:1 - - [11/Jul/2020:22:17:08 +0200] "GET /js/11.m.b6655470.chunk.js HTTP/1.1" 200 - "http://localhost:9000/issues?resolved=false" "Mozilla/5.0 (Windows NT 10.0; Win64; x64) AppleWebKit/537.36 (KHTML, like Gecko) Chrome/83.0.4103.97 Safari/537.36" "AXM/hdX6bUrjBC1PAAAU"
0:0:0:0:0:0:0:1 - - [11/Jul/2020:22:17:08 +0200] "GET /js/299.m.f9838581.chunk.js HTTP/1.1" 200 - "http://localhost:9000/issues?resolved=false" "Mozilla/5.0 (Windows NT 10.0; Win64; x64) AppleWebKit/537.36 (KHTML, like Gecko) Chrome/83.0.4103.97 Safari/537.36" "AXM/hdX6bUrjBC1PAAAa"
0:0:0:0:0:0:0:1 - - [11/Jul/2020:22:17:08 +0200] "GET /js/16.m.d742a5e3.chunk.js HTTP/1.1" 200 - "http://localhost:9000/issues?resolved=false" "Mozilla/5.0 (Windows NT 10.0; Win64; x64) AppleWebKit/537.36 (KHTML, like Gecko) Chrome/83.0.4103.97 Safari/537.36" "AXM/hdX6bUrjBC1PAAAZ"
0:0:0:0:0:0:0:1 - - [11/Jul/2020:22:17:08 +0200] "GET /js/2.m.ff63f0ca.chunk.js HTTP/1.1" 200 - "http://localhost:9000/issues?resolved=false" "Mozilla/5.0 (Windows NT 10.0; Win64; x64) AppleWebKit/537.36 (KHTML, like Gecko) Chrome/83.0.4103.97 Safari/537.36" "AXM/hdX6bUrjBC1PAAAY"
0:0:0:0:0:0:0:1 - - [11/Jul/2020:22:17:08 +0200] "GET /js/359.m.f8a3abed.chunk.js HTTP/1.1" 200 - "http://localhost:9000/issues?resolved=false" "Mozilla/5.0 (Windows NT 10.0; Win64; x64) AppleWebKit/537.36 (KHTML, like Gecko) Chrome/83.0.4103.97 Safari/537.36" "AXM/hdX6bUrjBC1PAAAb"
0:0:0:0:0:0:0:1 - - [11/Jul/2020:22:17:09 +0200] "GET /api/issues/search?s=FILE_LINE&resolved=false&ps=100&facets=severities%2Ctypes&additionalFields=_all HTTP/1.1" 200 - "http://localhost:9000/issues?resolved=false" "Mozilla/5.0 (Windows NT 10.0; Win64; x64) AppleWebKit/537.36 (KHTML, like Gecko) Chrome/83.0.4103.97 Safari/537.36" "AXM/hdX6bUrjBC1PAAAc"
0:0:0:0:0:0:0:1 - - [11/Jul/2020:22:17:13 +0200] "GET /js/313.m.b454dd27.chunk.js HTTP/1.1" 200 - "http://localhost:9000/coding_rules" "Mozilla/5.0 (Windows NT 10.0; Win64; x64) AppleWebKit/537.36 (KHTML, like Gecko) Chrome/83.0.4103.97 Safari/537.36" "AXM/hdX6bUrjBC1PAAAe"
0:0:0:0:0:0:0:1 - - [11/Jul/2020:22:17:13 +0200] "GET /js/18.m.718f478c.chunk.js HTTP/1.1" 200 - "http://localhost:9000/coding_rules" "Mozilla/5.0 (Windows NT 10.0; Win64; x64) AppleWebKit/537.36 (KHTML, like Gecko) Chrome/83.0.4103.97 Safari/537.36" "AXM/hdX6bUrjBC1PAAAd"
0:0:0:0:0:0:0:1 - - [11/Jul/2020:22:17:13 +0200] "GET /js/294.m.a520f795.chunk.js HTTP/1.1" 200 - "http://localhost:9000/coding_rules" "Mozilla/5.0 (Windows NT 10.0; Win64; x64) AppleWebKit/537.36 (KHTML, like Gecko) Chrome/83.0.4103.97 Safari/537.36" "AXM/hdX6bUrjBC1PAAAf"
0:0:0:0:0:0:0:1 - - [11/Jul/2020:22:17:13 +0200] "GET /api/rules/app? HTTP/1.1" 200 - "http://localhost:9000/coding_rules" "Mozilla/5.0 (Windows NT 10.0; Win64; x64) AppleWebKit/537.36 (KHTML, like Gecko) Chrome/83.0.4103.97 Safari/537.36" "AXM/hdX6bUrjBC1PAAAg"
0:0:0:0:0:0:0:1 - - [11/Jul/2020:22:17:14 +0200] "GET /api/qualityprofiles/search? HTTP/1.1" 200 - "http://localhost:9000/coding_rules" "Mozilla/5.0 (Windows NT 10.0; Win64; x64) AppleWebKit/537.36 (KHTML, like Gecko) Chrome/83.0.4103.97 Safari/537.36" "AXM/hdX6bUrjBC1PAAAh"
0:0:0:0:0:0:0:1 - - [11/Jul/2020:22:17:14 +0200] "GET /api/rules/search?f=isTemplate%2Cname%2Clang%2ClangName%2Cseverity%2Cstatus%2CsysTags%2Ctags%2CtemplateKey&facets=languages%2Ctypes&ps=100&s=name HTTP/1.1" 200 - "http://localhost:9000/coding_rules" "Mozilla/5.0 (Windows NT 10.0; Win64; x64) AppleWebKit/537.36 (KHTML, like Gecko) Chrome/83.0.4103.97 Safari/537.36" "AXM/hdX6bUrjBC1PAAAi"
0:0:0:0:0:0:0:1 - - [11/Jul/2020:22:17:16 +0200] "GET /js/340.m.4c4dc053.chunk.js HTTP/1.1" 200 - "http://localhost:9000/profiles" "Mozilla/5.0 (Windows NT 10.0; Win64; x64) AppleWebKit/537.36 (KHTML, like Gecko) Chrome/83.0.4103.97 Safari/537.36" "AXM/hdX6bUrjBC1PAAAj"
0:0:0:0:0:0:0:1 - - [11/Jul/2020:22:17:16 +0200] "GET /api/qualityprofiles/exporters HTTP/1.1" 200 411 "http://localhost:9000/profiles" "Mozilla/5.0 (Windows NT 10.0; Win64; x64) AppleWebKit/537.36 (KHTML, like Gecko) Chrome/83.0.4103.97 Safari/537.36" "AXM/hdX6bUrjBC1PAAAl"
0:0:0:0:0:0:0:1 - - [11/Jul/2020:22:17:16 +0200] "GET /api/qualityprofiles/search? HTTP/1.1" 200 - "http://localhost:9000/profiles" "Mozilla/5.0 (Windows NT 10.0; Win64; x64) AppleWebKit/537.36 (KHTML, like Gecko) Chrome/83.0.4103.97 Safari/537.36" "AXM/hdX6bUrjBC1PAAAk"
0:0:0:0:0:0:0:1 - - [11/Jul/2020:22:17:16 +0200] "GET /js/347.m.d594f447.chunk.js HTTP/1.1" 200 - "http://localhost:9000/profiles" "Mozilla/5.0 (Windows NT 10.0; Win64; x64) AppleWebKit/537.36 (KHTML, like Gecko) Chrome/83.0.4103.97 Safari/537.36" "AXM/hdX6bUrjBC1PAAAn"
0:0:0:0:0:0:0:1 - - [11/Jul/2020:22:17:16 +0200] "GET /js/21.m.c826a213.chunk.js HTTP/1.1" 200 - "http://localhost:9000/profiles" "Mozilla/5.0 (Windows NT 10.0; Win64; x64) AppleWebKit/537.36 (KHTML, like Gecko) Chrome/83.0.4103.97 Safari/537.36" "AXM/hdX6bUrjBC1PAAAm"
0:0:0:0:0:0:0:1 - - [11/Jul/2020:22:17:16 +0200] "GET /api/rules/search?asc=false&available_since=2019-07-11&f=name%2ClangName%2Cactives&ps=10&s=createdAt HTTP/1.1" 200 - "http://localhost:9000/profiles" "Mozilla/5.0 (Windows NT 10.0; Win64; x64) AppleWebKit/537.36 (KHTML, like Gecko) Chrome/83.0.4103.97 Safari/537.36" "AXM/hdX6bUrjBC1PAAAo"
0:0:0:0:0:0:0:1 - - [11/Jul/2020:22:17:19 +0200] "GET /api/components/search_projects?ps=50&facets=reliability_rating%2Csecurity_rating%2Csecurity_review_rating%2Csqale_rating%2Ccoverage%2Cduplicated_lines_density%2Cncloc%2Calert_status%2Clanguages%2Ctags%2Cqualifier&f=analysisDate%2CleakPeriodDate&s=analysisDate&asc=false HTTP/1.1" 200 - "http://localhost:9000/projects?sort=-analysis_date" "Mozilla/5.0 (Windows NT 10.0; Win64; x64) AppleWebKit/537.36 (KHTML, like Gecko) Chrome/83.0.4103.97 Safari/537.36" "AXM/hdX6bUrjBC1PAAAp"
0:0:0:0:0:0:0:1 - - [11/Jul/2020:22:17:19 +0200] "GET /api/organizations/search?organizations=default-organization HTTP/1.1" 200 189 "http://localhost:9000/projects?sort=-analysis_date" "Mozilla/5.0 (Windows NT 10.0; Win64; x64) AppleWebKit/537.36 (KHTML, like Gecko) Chrome/83.0.4103.97 Safari/537.36" "AXM/hdX6bUrjBC1PAAAr"
0:0:0:0:0:0:0:1 - - [11/Jul/2020:22:17:19 +0200] "GET /api/measures/search?projectKeys=Django3%2CDjango2%2CDjango%2CPython-Project&metricKeys=alert_status%2Cbugs%2Creliability_rating%2Cvulnerabilities%2Csecurity_rating%2Csecurity_hotspots_reviewed%2Csecurity_review_rating%2Ccode_smells%2Csqale_rating%2Cduplicated_lines_density%2Ccoverage%2Cncloc%2Cncloc_language_distribution%2Cprojects HTTP/1.1" 200 - "http://localhost:9000/projects?sort=-analysis_date" "Mozilla/5.0 (Windows NT 10.0; Win64; x64) AppleWebKit/537.36 (KHTML, like Gecko) Chrome/83.0.4103.97 Safari/537.36" "AXM/hdX6bUrjBC1PAAAq"
0:0:0:0:0:0:0:1 - - [11/Jul/2020:22:29:49 +0200] "GET /api/issues/search?s=FILE_LINE&resolved=false&ps=100&facets=severities%2Ctypes&additionalFields=_all HTTP/1.1" 200 - "http://localhost:9000/issues?resolved=false" "Mozilla/5.0 (Windows NT 10.0; Win64; x64) AppleWebKit/537.36 (KHTML, like Gecko) Chrome/83.0.4103.97 Safari/537.36" "AXM/hdX6bUrjBC1PAAAs"
0:0:0:0:0:0:0:1 - - [11/Jul/2020:22:29:51 +0200] "GET /api/rules/app? HTTP/1.1" 200 - "http://localhost:9000/coding_rules" "Mozilla/5.0 (Windows NT 10.0; Win64; x64) AppleWebKit/537.36 (KHTML, like Gecko) Chrome/83.0.4103.97 Safari/537.36" "AXM/hdX6bUrjBC1PAAAt"
0:0:0:0:0:0:0:1 - - [11/Jul/2020:22:29:51 +0200] "GET /api/qualityprofiles/search? HTTP/1.1" 200 - "http://localhost:9000/coding_rules" "Mozilla/5.0 (Windows NT 10.0; Win64; x64) AppleWebKit/537.36 (KHTML, like Gecko) Chrome/83.0.4103.97 Safari/537.36" "AXM/hdX6bUrjBC1PAAAu"
0:0:0:0:0:0:0:1 - - [11/Jul/2020:22:29:51 +0200] "GET /api/rules/search?f=isTemplate%2Cname%2Clang%2ClangName%2Cseverity%2Cstatus%2CsysTags%2Ctags%2CtemplateKey&facets=languages%2Ctypes&ps=100&s=name HTTP/1.1" 200 - "http://localhost:9000/coding_rules" "Mozilla/5.0 (Windows NT 10.0; Win64; x64) AppleWebKit/537.36 (KHTML, like Gecko) Chrome/83.0.4103.97 Safari/537.36" "AXM/hdX6bUrjBC1PAAAv"
0:0:0:0:0:0:0:1 - - [11/Jul/2020:22:29:52 +0200] "GET /api/qualityprofiles/exporters HTTP/1.1" 200 411 "http://localhost:9000/profiles" "Mozilla/5.0 (Windows NT 10.0; Win64; x64) AppleWebKit/537.36 (KHTML, like Gecko) Chrome/83.0.4103.97 Safari/537.36" "AXM/hdX6bUrjBC1PAAAw"
0:0:0:0:0:0:0:1 - - [11/Jul/2020:22:29:52 +0200] "GET /api/qualityprofiles/search? HTTP/1.1" 200 - "http://localhost:9000/profiles" "Mozilla/5.0 (Windows NT 10.0; Win64; x64) AppleWebKit/537.36 (KHTML, like Gecko) Chrome/83.0.4103.97 Safari/537.36" "AXM/hdX6bUrjBC1PAAAx"
0:0:0:0:0:0:0:1 - - [11/Jul/2020:22:29:53 +0200] "GET /api/rules/search?asc=false&available_since=2019-07-11&f=name%2ClangName%2Cactives&ps=10&s=createdAt HTTP/1.1" 200 - "http://localhost:9000/profiles" "Mozilla/5.0 (Windows NT 10.0; Win64; x64) AppleWebKit/537.36 (KHTML, like Gecko) Chrome/83.0.4103.97 Safari/537.36" "AXM/hdX6bUrjBC1PAAAy"
0:0:0:0:0:0:0:1 - - [11/Jul/2020:22:29:58 +0200] "GET /js/3.m.1140c502.chunk.js HTTP/1.1" 200 - "http://localhost:9000/quality_gates" "Mozilla/5.0 (Windows NT 10.0; Win64; x64) AppleWebKit/537.36 (KHTML, like Gecko) Chrome/83.0.4103.97 Safari/537.36" "AXM/hdX6bUrjBC1PAAAz"
0:0:0:0:0:0:0:1 - - [11/Jul/2020:22:29:58 +0200] "GET /js/303.m.0da20ecd.chunk.js HTTP/1.1" 200 - "http://localhost:9000/quality_gates" "Mozilla/5.0 (Windows NT 10.0; Win64; x64) AppleWebKit/537.36 (KHTML, like Gecko) Chrome/83.0.4103.97 Safari/537.36" "AXM/hdX6bUrjBC1PAAA0"
0:0:0:0:0:0:0:1 - - [11/Jul/2020:22:29:58 +0200] "GET /api/qualitygates/list? HTTP/1.1" 200 246 "http://localhost:9000/quality_gates" "Mozilla/5.0 (Windows NT 10.0; Win64; x64) AppleWebKit/537.36 (KHTML, like Gecko) Chrome/83.0.4103.97 Safari/537.36" "AXM/hdX6bUrjBC1PAAA1"
0:0:0:0:0:0:0:1 - - [11/Jul/2020:22:29:59 +0200] "GET /api/metrics/search?ps=500 HTTP/1.1" 200 - "http://localhost:9000/quality_gates/show/1" "Mozilla/5.0 (Windows NT 10.0; Win64; x64) AppleWebKit/537.36 (KHTML, like Gecko) Chrome/83.0.4103.97 Safari/537.36" "AXM/hdX6bUrjBC1PAAA3"
0:0:0:0:0:0:0:1 - - [11/Jul/2020:22:29:59 +0200] "GET /api/qualitygates/show?id=1 HTTP/1.1" 200 584 "http://localhost:9000/quality_gates/show/1" "Mozilla/5.0 (Windows NT 10.0; Win64; x64) AppleWebKit/537.36 (KHTML, like Gecko) Chrome/83.0.4103.97 Safari/537.36" "AXM/hdX6bUrjBC1PAAA2"
0:0:0:0:0:0:0:1 - - [11/Jul/2020:22:30:09 +0200] "GET /api/settings/values?keys=sonar.lf.aboutText HTTP/1.1" 200 15 "http://localhost:9000/about" "Mozilla/5.0 (Windows NT 10.0; Win64; x64) AppleWebKit/537.36 (KHTML, like Gecko) Chrome/83.0.4103.97 Safari/537.36" "AXM/hdX6bUrjBC1PAAA6"
0:0:0:0:0:0:0:1 - - [11/Jul/2020:22:30:09 +0200] "GET /api/components/search_projects?ps=1 HTTP/1.1" 200 216 "http://localhost:9000/about" "Mozilla/5.0 (Windows NT 10.0; Win64; x64) AppleWebKit/537.36 (KHTML, like Gecko) Chrome/83.0.4103.97 Safari/537.36" "AXM/hdX6bUrjBC1PAAA4"
0:0:0:0:0:0:0:1 - - [11/Jul/2020:22:30:09 +0200] "GET /api/issues/search?resolved=false&facets=types&ps=1&additionalFields=_all HTTP/1.1" 200 - "http://localhost:9000/about" "Mozilla/5.0 (Windows NT 10.0; Win64; x64) AppleWebKit/537.36 (KHTML, like Gecko) Chrome/83.0.4103.97 Safari/537.36" "AXM/hdX6bUrjBC1PAAA5"
0:0:0:0:0:0:0:1 - - [11/Jul/2020:22:30:12 +0200] "GET /js/379.m.14a99ca2.chunk.js HTTP/1.1" 200 549 "http://localhost:9000/sessions/new" "Mozilla/5.0 (Windows NT 10.0; Win64; x64) AppleWebKit/537.36 (KHTML, like Gecko) Chrome/83.0.4103.97 Safari/537.36" "AXM/hdX6bUrjBC1PAAA7"
0:0:0:0:0:0:0:1 - - [11/Jul/2020:22:30:12 +0200] "GET /js/334.m.a3355858.chunk.js HTTP/1.1" 200 8130 "http://localhost:9000/sessions/new" "Mozilla/5.0 (Windows NT 10.0; Win64; x64) AppleWebKit/537.36 (KHTML, like Gecko) Chrome/83.0.4103.97 Safari/537.36" "AXM/hdX6bUrjBC1PAAA8"
0:0:0:0:0:0:0:1 - - [11/Jul/2020:22:30:12 +0200] "GET /api/users/identity_providers HTTP/1.1" 200 24 "http://localhost:9000/sessions/new" "Mozilla/5.0 (Windows NT 10.0; Win64; x64) AppleWebKit/537.36 (KHTML, like Gecko) Chrome/83.0.4103.97 Safari/537.36" "AXM/hdX6bUrjBC1PAAA9"
0:0:0:0:0:0:0:1 - - [11/Jul/2020:22:30:14 +0200] "GET /api/settings/values?keys=sonar.lf.aboutText HTTP/1.1" 200 15 "http://localhost:9000/about" "Mozilla/5.0 (Windows NT 10.0; Win64; x64) AppleWebKit/537.36 (KHTML, like Gecko) Chrome/83.0.4103.97 Safari/537.36" "AXM/hdX6bUrjBC1PAAA/"
0:0:0:0:0:0:0:1 - - [11/Jul/2020:22:30:14 +0200] "GET /api/languages/list HTTP/1.1" 200 479 "http://localhost:9000/about" "Mozilla/5.0 (Windows NT 10.0; Win64; x64) AppleWebKit/537.36 (KHTML, like Gecko) Chrome/83.0.4103.97 Safari/537.36" "AXM/hdX6bUrjBC1PAABB"
0:0:0:0:0:0:0:1 - - [11/Jul/2020:22:30:14 +0200] "GET /api/components/search_projects?ps=1 HTTP/1.1" 200 216 "http://localhost:9000/about" "Mozilla/5.0 (Windows NT 10.0; Win64; x64) AppleWebKit/537.36 (KHTML, like Gecko) Chrome/83.0.4103.97 Safari/537.36" "AXM/hdX6bUrjBC1PAAA+"
0:0:0:0:0:0:0:1 - - [11/Jul/2020:22:30:14 +0200] "GET /api/issues/search?resolved=false&facets=types&ps=1&additionalFields=_all HTTP/1.1" 200 - "http://localhost:9000/about" "Mozilla/5.0 (Windows NT 10.0; Win64; x64) AppleWebKit/537.36 (KHTML, like Gecko) Chrome/83.0.4103.97 Safari/537.36" "AXM/hdX6bUrjBC1PAABA"
0:0:0:0:0:0:0:1 - - [11/Jul/2020:22:30:57 +0200] "GET /about HTTP/1.1" 200 - "http://localhost:9000/sessions/new" "Mozilla/5.0 (Windows NT 10.0; Win64; x64) AppleWebKit/537.36 (KHTML, like Gecko) Chrome/83.0.4103.97 Safari/537.36" "AXM/hdX6bUrjBC1PAABC"
0:0:0:0:0:0:0:1 - - [11/Jul/2020:22:30:58 +0200] "GET /api/l10n/index?locale=en-US&ts=2020-07-11T20%3A16%3A07%2B0000 HTTP/1.1" 304 - "http://localhost:9000/about" "Mozilla/5.0 (Windows NT 10.0; Win64; x64) AppleWebKit/537.36 (KHTML, like Gecko) Chrome/83.0.4103.97 Safari/537.36" "AXM/hdX6bUrjBC1PAABD"
0:0:0:0:0:0:0:1 - - [11/Jul/2020:22:30:58 +0200] "GET /api/users/current HTTP/1.1" 200 112 "http://localhost:9000/about" "Mozilla/5.0 (Windows NT 10.0; Win64; x64) AppleWebKit/537.36 (KHTML, like Gecko) Chrome/83.0.4103.97 Safari/537.36" "AXM/hdX6bUrjBC1PAABE"
0:0:0:0:0:0:0:1 - - [11/Jul/2020:22:30:58 +0200] "GET /api/navigation/global HTTP/1.1" 200 519 "http://localhost:9000/about" "Mozilla/5.0 (Windows NT 10.0; Win64; x64) AppleWebKit/537.36 (KHTML, like Gecko) Chrome/83.0.4103.97 Safari/537.36" "AXM/hdX6bUrjBC1PAABF"
0:0:0:0:0:0:0:1 - - [11/Jul/2020:22:30:58 +0200] "GET /api/languages/list HTTP/1.1" 200 479 "http://localhost:9000/about" "Mozilla/5.0 (Windows NT 10.0; Win64; x64) AppleWebKit/537.36 (KHTML, like Gecko) Chrome/83.0.4103.97 Safari/537.36" "AXM/hdX6bUrjBC1PAABG"
0:0:0:0:0:0:0:1 - - [11/Jul/2020:22:30:58 +0200] "GET /images/logo.svg?v=6.6 HTTP/1.1" 304 - "http://localhost:9000/about" "Mozilla/5.0 (Windows NT 10.0; Win64; x64) AppleWebKit/537.36 (KHTML, like Gecko) Chrome/83.0.4103.97 Safari/537.36" "AXM/hdX6bUrjBC1PAABI"
0:0:0:0:0:0:0:1 - - [11/Jul/2020:22:30:58 +0200] "GET /favicon.ico HTTP/1.1" 200 5430 "http://localhost:9000/about" "Mozilla/5.0 (Windows NT 10.0; Win64; x64) AppleWebKit/537.36 (KHTML, like Gecko) Chrome/83.0.4103.97 Safari/537.36" "AXM/hdX6bUrjBC1PAABH"
0:0:0:0:0:0:0:1 - - [11/Jul/2020:22:30:58 +0200] "GET /images/scanner-logos/msbuild.svg HTTP/1.1" 304 - "http://localhost:9000/about" "Mozilla/5.0 (Windows NT 10.0; Win64; x64) AppleWebKit/537.36 (KHTML, like Gecko) Chrome/83.0.4103.97 Safari/537.36" "AXM/hdX6bUrjBC1PAABK"
0:0:0:0:0:0:0:1 - - [11/Jul/2020:22:30:58 +0200] "GET /images/scanner-logos/maven.svg HTTP/1.1" 304 - "http://localhost:9000/about" "Mozilla/5.0 (Windows NT 10.0; Win64; x64) AppleWebKit/537.36 (KHTML, like Gecko) Chrome/83.0.4103.97 Safari/537.36" "AXM/hdX6bUrjBC1PAABL"
0:0:0:0:0:0:0:1 - - [11/Jul/2020:22:30:58 +0200] "GET /images/scanner-logos/gradle.svg HTTP/1.1" 304 - "http://localhost:9000/about" "Mozilla/5.0 (Windows NT 10.0; Win64; x64) AppleWebKit/537.36 (KHTML, like Gecko) Chrome/83.0.4103.97 Safari/537.36" "AXM/hdX6bUrjBC1PAABM"
0:0:0:0:0:0:0:1 - - [11/Jul/2020:22:30:58 +0200] "GET /images/scanner-logos/sonarqube.svg HTTP/1.1" 304 - "http://localhost:9000/about" "Mozilla/5.0 (Windows NT 10.0; Win64; x64) AppleWebKit/537.36 (KHTML, like Gecko) Chrome/83.0.4103.97 Safari/537.36" "AXM/hdX6bUrjBC1PAABJ"
0:0:0:0:0:0:0:1 - - [11/Jul/2020:22:30:58 +0200] "GET /images/scanner-logos/jenkins.svg HTTP/1.1" 304 - "http://localhost:9000/about" "Mozilla/5.0 (Windows NT 10.0; Win64; x64) AppleWebKit/537.36 (KHTML, like Gecko) Chrome/83.0.4103.97 Safari/537.36" "AXM/hdX6bUrjBC1PAABN"
0:0:0:0:0:0:0:1 - - [11/Jul/2020:22:30:58 +0200] "GET /images/scanner-logos/ant.svg HTTP/1.1" 304 - "http://localhost:9000/about" "Mozilla/5.0 (Windows NT 10.0; Win64; x64) AppleWebKit/537.36 (KHTML, like Gecko) Chrome/83.0.4103.97 Safari/537.36" "AXM/hdX6bUrjBC1PAABO"
0:0:0:0:0:0:0:1 - - [11/Jul/2020:22:30:58 +0200] "GET /api/settings/values?keys=sonar.lf.aboutText HTTP/1.1" 200 15 "http://localhost:9000/about" "Mozilla/5.0 (Windows NT 10.0; Win64; x64) AppleWebKit/537.36 (KHTML, like Gecko) Chrome/83.0.4103.97 Safari/537.36" "AXM/hdX6bUrjBC1PAABR"
0:0:0:0:0:0:0:1 - - [11/Jul/2020:22:30:58 +0200] "GET /api/issues/search?resolved=false&facets=types&ps=1&additionalFields=_all HTTP/1.1" 200 - "http://localhost:9000/about" "Mozilla/5.0 (Windows NT 10.0; Win64; x64) AppleWebKit/537.36 (KHTML, like Gecko) Chrome/83.0.4103.97 Safari/537.36" "AXM/hdX6bUrjBC1PAABQ"
0:0:0:0:0:0:0:1 - - [11/Jul/2020:22:30:58 +0200] "GET /api/components/search_projects?ps=1 HTTP/1.1" 200 216 "http://localhost:9000/about" "Mozilla/5.0 (Windows NT 10.0; Win64; x64) AppleWebKit/537.36 (KHTML, like Gecko) Chrome/83.0.4103.97 Safari/537.36" "AXM/hdX6bUrjBC1PAABP"
0:0:0:0:0:0:0:1 - - [11/Jul/2020:23:19:36 +0200] "GET /api/users/identity_providers HTTP/1.1" 200 24 "http://localhost:9000/sessions/new" "Mozilla/5.0 (Windows NT 10.0; Win64; x64) AppleWebKit/537.36 (KHTML, like Gecko) Chrome/83.0.4103.97 Safari/537.36" "AXM/hdX6bUrjBC1PAABS"
0:0:0:0:0:0:0:1 - - [11/Jul/2020:23:19:42 +0200] "POST /api/authentication/login HTTP/1.1" 401 - "http://localhost:9000/sessions/new" "Mozilla/5.0 (Windows NT 10.0; Win64; x64) AppleWebKit/537.36 (KHTML, like Gecko) Chrome/83.0.4103.97 Safari/537.36" "AXM/hdX6bUrjBC1PAABT"
0:0:0:0:0:0:0:1 - - [11/Jul/2020:23:19:52 +0200] "POST /api/authentication/login HTTP/1.1" 200 - "http://localhost:9000/sessions/new" "Mozilla/5.0 (Windows NT 10.0; Win64; x64) AppleWebKit/537.36 (KHTML, like Gecko) Chrome/83.0.4103.97 Safari/537.36" "AXM/hdX6bUrjBC1PAABU"
0:0:0:0:0:0:0:1 - - [11/Jul/2020:23:19:52 +0200] "GET / HTTP/1.1" 200 - "http://localhost:9000/sessions/new" "Mozilla/5.0 (Windows NT 10.0; Win64; x64) AppleWebKit/537.36 (KHTML, like Gecko) Chrome/83.0.4103.97 Safari/537.36" "AXM/hdX6bUrjBC1PAABV"
0:0:0:0:0:0:0:1 - - [11/Jul/2020:23:19:52 +0200] "GET /api/l10n/index?locale=en-US&ts=2020-07-11T20%3A16%3A07%2B0000 HTTP/1.1" 304 - "http://localhost:9000/" "Mozilla/5.0 (Windows NT 10.0; Win64; x64) AppleWebKit/537.36 (KHTML, like Gecko) Chrome/83.0.4103.97 Safari/537.36" "AXM/hdX6bUrjBC1PAABW"
0:0:0:0:0:0:0:1 - - [11/Jul/2020:23:19:52 +0200] "GET /api/users/current HTTP/1.1" 200 354 "http://localhost:9000/" "Mozilla/5.0 (Windows NT 10.0; Win64; x64) AppleWebKit/537.36 (KHTML, like Gecko) Chrome/83.0.4103.97 Safari/537.36" "AXM/hdX6bUrjBC1PAABX"
0:0:0:0:0:0:0:1 - - [11/Jul/2020:23:19:52 +0200] "GET /api/navigation/global HTTP/1.1" 200 518 "http://localhost:9000/" "Mozilla/5.0 (Windows NT 10.0; Win64; x64) AppleWebKit/537.36 (KHTML, like Gecko) Chrome/83.0.4103.97 Safari/537.36" "AXM/hdX6bUrjBC1PAABY"
0:0:0:0:0:0:0:1 - - [11/Jul/2020:23:19:53 +0200] "GET /api/languages/list HTTP/1.1" 200 479 "http://localhost:9000/" "Mozilla/5.0 (Windows NT 10.0; Win64; x64) AppleWebKit/537.36 (KHTML, like Gecko) Chrome/83.0.4103.97 Safari/537.36" "AXM/hdX6bUrjBC1PAABZ"
0:0:0:0:0:0:0:1 - - [11/Jul/2020:23:19:53 +0200] "GET /images/logo.svg?v=6.6 HTTP/1.1" 304 - "http://localhost:9000/projects" "Mozilla/5.0 (Windows NT 10.0; Win64; x64) AppleWebKit/537.36 (KHTML, like Gecko) Chrome/83.0.4103.97 Safari/537.36" "AXM/hdX6bUrjBC1PAABa"
0:0:0:0:0:0:0:1 - - [11/Jul/2020:23:19:53 +0200] "GET /js/363.m.9e88a92b.chunk.js HTTP/1.1" 200 4567 "http://localhost:9000/projects" "Mozilla/5.0 (Windows NT 10.0; Win64; x64) AppleWebKit/537.36 (KHTML, like Gecko) Chrome/83.0.4103.97 Safari/537.36" "AXM/hdX6bUrjBC1PAABb"
0:0:0:0:0:0:0:1 - - [11/Jul/2020:23:19:53 +0200] "GET /api/components/search_projects?filter=isFavorite&ps=1 HTTP/1.1" 200 96 "http://localhost:9000/projects" "Mozilla/5.0 (Windows NT 10.0; Win64; x64) AppleWebKit/537.36 (KHTML, like Gecko) Chrome/83.0.4103.97 Safari/537.36" "AXM/hdX6bUrjBC1PAABc"
0:0:0:0:0:0:0:1 - - [11/Jul/2020:23:19:53 +0200] "GET /api/components/search_projects?ps=50&facets=reliability_rating%2Csecurity_rating%2Csecurity_review_rating%2Csqale_rating%2Ccoverage%2Cduplicated_lines_density%2Cncloc%2Calert_status%2Clanguages%2Ctags%2Cqualifier&f=analysisDate%2CleakPeriodDate HTTP/1.1" 200 - "http://localhost:9000/projects" "Mozilla/5.0 (Windows NT 10.0; Win64; x64) AppleWebKit/537.36 (KHTML, like Gecko) Chrome/83.0.4103.97 Safari/537.36" "AXM/hdX6bUrjBC1PAABd"
0:0:0:0:0:0:0:1 - - [11/Jul/2020:23:19:53 +0200] "GET /api/organizations/search?organizations=default-organization HTTP/1.1" 200 186 "http://localhost:9000/projects" "Mozilla/5.0 (Windows NT 10.0; Win64; x64) AppleWebKit/537.36 (KHTML, like Gecko) Chrome/83.0.4103.97 Safari/537.36" "AXM/hdX6bUrjBC1PAABf"
0:0:0:0:0:0:0:1 - - [11/Jul/2020:23:19:53 +0200] "GET /api/measures/search?projectKeys=Django%2CDjango2%2CDjango3%2CPython-Project&metricKeys=alert_status%2Cbugs%2Creliability_rating%2Cvulnerabilities%2Csecurity_rating%2Csecurity_hotspots_reviewed%2Csecurity_review_rating%2Ccode_smells%2Csqale_rating%2Cduplicated_lines_density%2Ccoverage%2Cncloc%2Cncloc_language_distribution%2Cprojects HTTP/1.1" 200 - "http://localhost:9000/projects" "Mozilla/5.0 (Windows NT 10.0; Win64; x64) AppleWebKit/537.36 (KHTML, like Gecko) Chrome/83.0.4103.97 Safari/537.36" "AXM/hdX6bUrjBC1PAABe"
0:0:0:0:0:0:0:1 - - [11/Jul/2020:23:21:00 +0200] "GET /api/issues/search?s=FILE_LINE&resolved=false&ps=100&facets=severities%2Ctypes&additionalFields=_all HTTP/1.1" 200 - "http://localhost:9000/issues?resolved=false" "Mozilla/5.0 (Windows NT 10.0; Win64; x64) AppleWebKit/537.36 (KHTML, like Gecko) Chrome/83.0.4103.97 Safari/537.36" "AXM/hdX6bUrjBC1PAABg"
0:0:0:0:0:0:0:1 - - [11/Jul/2020:23:21:02 +0200] "GET /api/rules/app? HTTP/1.1" 200 - "http://localhost:9000/coding_rules" "Mozilla/5.0 (Windows NT 10.0; Win64; x64) AppleWebKit/537.36 (KHTML, like Gecko) Chrome/83.0.4103.97 Safari/537.36" "AXM/hdX6bUrjBC1PAABh"
0:0:0:0:0:0:0:1 - - [11/Jul/2020:23:21:03 +0200] "GET /api/qualityprofiles/search? HTTP/1.1" 200 - "http://localhost:9000/coding_rules" "Mozilla/5.0 (Windows NT 10.0; Win64; x64) AppleWebKit/537.36 (KHTML, like Gecko) Chrome/83.0.4103.97 Safari/537.36" "AXM/hdX6bUrjBC1PAABi"
0:0:0:0:0:0:0:1 - - [11/Jul/2020:23:21:03 +0200] "GET /api/rules/search?f=isTemplate%2Cname%2Clang%2ClangName%2Cseverity%2Cstatus%2CsysTags%2Ctags%2CtemplateKey&facets=languages%2Ctypes&ps=100&s=name HTTP/1.1" 200 - "http://localhost:9000/coding_rules" "Mozilla/5.0 (Windows NT 10.0; Win64; x64) AppleWebKit/537.36 (KHTML, like Gecko) Chrome/83.0.4103.97 Safari/537.36" "AXM/hdX6bUrjBC1PAABj"
0:0:0:0:0:0:0:1 - - [11/Jul/2020:23:21:05 +0200] "GET /api/qualityprofiles/exporters HTTP/1.1" 200 411 "http://localhost:9000/profiles" "Mozilla/5.0 (Windows NT 10.0; Win64; x64) AppleWebKit/537.36 (KHTML, like Gecko) Chrome/83.0.4103.97 Safari/537.36" "AXM/hdX6bUrjBC1PAABk"
0:0:0:0:0:0:0:1 - - [11/Jul/2020:23:21:05 +0200] "GET /api/qualityprofiles/search? HTTP/1.1" 200 - "http://localhost:9000/profiles" "Mozilla/5.0 (Windows NT 10.0; Win64; x64) AppleWebKit/537.36 (KHTML, like Gecko) Chrome/83.0.4103.97 Safari/537.36" "AXM/hdX6bUrjBC1PAABl"
0:0:0:0:0:0:0:1 - - [11/Jul/2020:23:21:05 +0200] "GET /api/rules/search?asc=false&available_since=2019-07-11&f=name%2ClangName%2Cactives&ps=10&s=createdAt HTTP/1.1" 200 - "http://localhost:9000/profiles" "Mozilla/5.0 (Windows NT 10.0; Win64; x64) AppleWebKit/537.36 (KHTML, like Gecko) Chrome/83.0.4103.97 Safari/537.36" "AXM/hdX6bUrjBC1PAABm"
0:0:0:0:0:0:0:1 - - [11/Jul/2020:23:21:08 +0200] "GET /api/qualitygates/list? HTTP/1.1" 200 244 "http://localhost:9000/quality_gates" "Mozilla/5.0 (Windows NT 10.0; Win64; x64) AppleWebKit/537.36 (KHTML, like Gecko) Chrome/83.0.4103.97 Safari/537.36" "AXM/hdX6bUrjBC1PAABn"
0:0:0:0:0:0:0:1 - - [11/Jul/2020:23:21:08 +0200] "GET /api/metrics/search?ps=500 HTTP/1.1" 200 - "http://localhost:9000/quality_gates/show/1" "Mozilla/5.0 (Windows NT 10.0; Win64; x64) AppleWebKit/537.36 (KHTML, like Gecko) Chrome/83.0.4103.97 Safari/537.36" "AXM/hdX6bUrjBC1PAABo"
0:0:0:0:0:0:0:1 - - [11/Jul/2020:23:21:08 +0200] "GET /api/qualitygates/show?id=1 HTTP/1.1" 200 583 "http://localhost:9000/quality_gates/show/1" "Mozilla/5.0 (Windows NT 10.0; Win64; x64) AppleWebKit/537.36 (KHTML, like Gecko) Chrome/83.0.4103.97 Safari/537.36" "AXM/hdX6bUrjBC1PAABp"
0:0:0:0:0:0:0:1 - - [11/Jul/2020:23:21:11 +0200] "GET /js/327.m.c0a4542e.chunk.js HTTP/1.1" 200 - "http://localhost:9000/admin/settings" "Mozilla/5.0 (Windows NT 10.0; Win64; x64) AppleWebKit/537.36 (KHTML, like Gecko) Chrome/83.0.4103.97 Safari/537.36" "AXM/hdX6bUrjBC1PAABq"
0:0:0:0:0:0:0:1 - - [11/Jul/2020:23:21:11 +0200] "GET /api/system/status HTTP/1.1" 200 76 "http://localhost:9000/admin/settings" "Mozilla/5.0 (Windows NT 10.0; Win64; x64) AppleWebKit/537.36 (KHTML, like Gecko) Chrome/83.0.4103.97 Safari/537.36" "AXM/hdX6bUrjBC1PAABt"
0:0:0:0:0:0:0:1 - - [11/Jul/2020:23:21:11 +0200] "GET /api/navigation/settings HTTP/1.1" 200 41 "http://localhost:9000/admin/settings" "Mozilla/5.0 (Windows NT 10.0; Win64; x64) AppleWebKit/537.36 (KHTML, like Gecko) Chrome/83.0.4103.97 Safari/537.36" "AXM/hdX6bUrjBC1PAABr"
0:0:0:0:0:0:0:1 - - [11/Jul/2020:23:21:11 +0200] "GET /js/325.m.d0820e9e.chunk.js HTTP/1.1" 200 - "http://localhost:9000/admin/settings" "Mozilla/5.0 (Windows NT 10.0; Win64; x64) AppleWebKit/537.36 (KHTML, like Gecko) Chrome/83.0.4103.97 Safari/537.36" "AXM/hdX6bUrjBC1PAABv"
0:0:0:0:0:0:0:1 - - [11/Jul/2020:23:21:11 +0200] "GET /js/312.m.81881920.chunk.js HTTP/1.1" 200 - "http://localhost:9000/admin/settings" "Mozilla/5.0 (Windows NT 10.0; Win64; x64) AppleWebKit/537.36 (KHTML, like Gecko) Chrome/83.0.4103.97 Safari/537.36" "AXM/hdX6bUrjBC1PAABu"
0:0:0:0:0:0:0:1 - - [11/Jul/2020:23:21:11 +0200] "GET /api/settings/list_definitions? HTTP/1.1" 200 - "http://localhost:9000/admin/settings" "Mozilla/5.0 (Windows NT 10.0; Win64; x64) AppleWebKit/537.36 (KHTML, like Gecko) Chrome/83.0.4103.97 Safari/537.36" "AXM/hdX6bUrjBC1PAABw"
0:0:0:0:0:0:0:1 - - [11/Jul/2020:23:21:11 +0200] "GET /api/settings/values?keys=sonar.lf.aboutText%2Csonar.builtInQualityProfiles.disableNotificationOnUpdate%2Csonar.cpd.cross_project%2Csonar.issues.defaultAssigneeLogin%2Cemail.prefix%2Csonar.lf.enableGravatar%2Cemail.from%2Cemail.fromName%2Csonar.lf.gravatarServerUrl%2Csonar.lf.logoUrl%2Cemail.smtp_secure_connection.secured%2Csonar.core.serverBaseURL%2Cemail.smtp_host.secured%2Cemail.smtp_password.secured%2Cemail.smtp_port.secured%2Cemail.smtp_username.secured%2Csonar.lf.logoWidthPx HTTP/1.1" 200 636 "http://localhost:9000/admin/settings" "Mozilla/5.0 (Windows NT 10.0; Win64; x64) AppleWebKit/537.36 (KHTML, like Gecko) Chrome/83.0.4103.97 Safari/537.36" "AXM/hdX6bUrjBC1PAABx"
0:0:0:0:0:0:0:1 - - [11/Jul/2020:23:21:14 +0200] "GET /api/plugins/pending HTTP/1.1" 200 45 "http://localhost:9000/admin/settings" "Mozilla/5.0 (Windows NT 10.0; Win64; x64) AppleWebKit/537.36 (KHTML, like Gecko) Chrome/83.0.4103.97 Safari/537.36" "AXM/hdX6bUrjBC1PAABs"
0:0:0:0:0:0:0:1 - - [11/Jul/2020:23:21:30 +0200] "GET /api/qualitygates/list? HTTP/1.1" 200 244 "http://localhost:9000/quality_gates" "Mozilla/5.0 (Windows NT 10.0; Win64; x64) AppleWebKit/537.36 (KHTML, like Gecko) Chrome/83.0.4103.97 Safari/537.36" "AXM/hdX6bUrjBC1PAABy"
0:0:0:0:0:0:0:1 - - [11/Jul/2020:23:21:30 +0200] "GET /api/metrics/search?ps=500 HTTP/1.1" 200 - "http://localhost:9000/quality_gates/show/1" "Mozilla/5.0 (Windows NT 10.0; Win64; x64) AppleWebKit/537.36 (KHTML, like Gecko) Chrome/83.0.4103.97 Safari/537.36" "AXM/hdX6bUrjBC1PAABz"
0:0:0:0:0:0:0:1 - - [11/Jul/2020:23:21:30 +0200] "GET /api/qualitygates/show?id=1 HTTP/1.1" 200 583 "http://localhost:9000/quality_gates/show/1" "Mozilla/5.0 (Windows NT 10.0; Win64; x64) AppleWebKit/537.36 (KHTML, like Gecko) Chrome/83.0.4103.97 Safari/537.36" "AXM/hdX6bUrjBC1PAAB0"
0:0:0:0:0:0:0:1 - - [11/Jul/2020:23:21:31 +0200] "GET /js/364.m.6d360267.chunk.js HTTP/1.1" 200 6126 "http://localhost:9000/quality_gates/show/1" "Mozilla/5.0 (Windows NT 10.0; Win64; x64) AppleWebKit/537.36 (KHTML, like Gecko) Chrome/83.0.4103.97 Safari/537.36" "AXM/hdX6bUrjBC1PAAB1"
0:0:0:0:0:0:0:1 - - [11/Jul/2020:23:21:31 +0200] "GET /images/embed-doc/sq-icon.svg HTTP/1.1" 200 488 "http://localhost:9000/quality_gates/show/1" "Mozilla/5.0 (Windows NT 10.0; Win64; x64) AppleWebKit/537.36 (KHTML, like Gecko) Chrome/83.0.4103.97 Safari/537.36" "AXM/hdX6bUrjBC1PAAB2"
0:0:0:0:0:0:0:1 - - [11/Jul/2020:23:21:31 +0200] "GET /images/embed-doc/twitter-icon.svg HTTP/1.1" 200 984 "http://localhost:9000/quality_gates/show/1" "Mozilla/5.0 (Windows NT 10.0; Win64; x64) AppleWebKit/537.36 (KHTML, like Gecko) Chrome/83.0.4103.97 Safari/537.36" "AXM/hdX6bUrjBC1PAAB3"
0:0:0:0:0:0:0:1 - - [11/Jul/2020:23:21:36 +0200] "GET /api/components/search_projects?filter=isFavorite&ps=1 HTTP/1.1" 200 96 "http://localhost:9000/projects" "Mozilla/5.0 (Windows NT 10.0; Win64; x64) AppleWebKit/537.36 (KHTML, like Gecko) Chrome/83.0.4103.97 Safari/537.36" "AXM/hdX6bUrjBC1PAAB4"
0:0:0:0:0:0:0:1 - - [11/Jul/2020:23:21:36 +0200] "GET /api/components/search_projects?ps=50&facets=reliability_rating%2Csecurity_rating%2Csecurity_review_rating%2Csqale_rating%2Ccoverage%2Cduplicated_lines_density%2Cncloc%2Calert_status%2Clanguages%2Ctags%2Cqualifier&f=analysisDate%2CleakPeriodDate HTTP/1.1" 200 - "http://localhost:9000/projects" "Mozilla/5.0 (Windows NT 10.0; Win64; x64) AppleWebKit/537.36 (KHTML, like Gecko) Chrome/83.0.4103.97 Safari/537.36" "AXM/hdX6bUrjBC1PAAB5"
0:0:0:0:0:0:0:1 - - [11/Jul/2020:23:21:36 +0200] "GET /api/organizations/search?organizations=default-organization HTTP/1.1" 200 186 "http://localhost:9000/projects" "Mozilla/5.0 (Windows NT 10.0; Win64; x64) AppleWebKit/537.36 (KHTML, like Gecko) Chrome/83.0.4103.97 Safari/537.36" "AXM/hdX6bUrjBC1PAAB7"
0:0:0:0:0:0:0:1 - - [11/Jul/2020:23:21:36 +0200] "GET /api/measures/search?projectKeys=Django%2CDjango2%2CDjango3%2CPython-Project&metricKeys=alert_status%2Cbugs%2Creliability_rating%2Cvulnerabilities%2Csecurity_rating%2Csecurity_hotspots_reviewed%2Csecurity_review_rating%2Ccode_smells%2Csqale_rating%2Cduplicated_lines_density%2Ccoverage%2Cncloc%2Cncloc_language_distribution%2Cprojects HTTP/1.1" 200 - "http://localhost:9000/projects" "Mozilla/5.0 (Windows NT 10.0; Win64; x64) AppleWebKit/537.36 (KHTML, like Gecko) Chrome/83.0.4103.97 Safari/537.36" "AXM/hdX6bUrjBC1PAAB6"
