2020.05.26 13:05:29 INFO  ce[][o.s.p.ProcessEntryPoint] Starting ce
2020.05.26 13:05:29 INFO  ce[][o.s.ce.app.CeServer] Compute Engine starting up...
2020.05.26 13:05:30 INFO  ce[][o.e.p.PluginsService] no modules loaded
2020.05.26 13:05:30 INFO  ce[][o.e.p.PluginsService] loaded plugin [org.elasticsearch.join.ParentJoinPlugin]
2020.05.26 13:05:30 INFO  ce[][o.e.p.PluginsService] loaded plugin [org.elasticsearch.percolator.PercolatorPlugin]
2020.05.26 13:05:30 INFO  ce[][o.e.p.PluginsService] loaded plugin [org.elasticsearch.transport.Netty4Plugin]
2020.05.26 13:05:32 INFO  ce[][o.s.s.e.EsClientProvider] Connected to local Elasticsearch: [127.0.0.1:9001]
2020.05.26 13:05:32 INFO  ce[][o.sonar.db.Database] Create JDBC data source for jdbc:h2:tcp://127.0.0.1:9092/sonar
2020.05.26 13:05:32 WARN  ce[][o.s.db.dialect.H2] H2 database should be used for evaluation purpose only.
2020.05.26 13:05:33 INFO  ce[][o.s.s.p.ServerFileSystemImpl] SonarQube home: C:\Users\abderrazzak\Desktop\sonarqube-8.3.1.34397
2020.05.26 13:05:33 INFO  ce[][o.s.c.c.CePluginRepository] Load plugins
2020.05.26 13:05:35 INFO  ce[][o.s.c.c.ComputeEngineContainerImpl] Running Community edition
2020.05.26 13:05:35 INFO  ce[][o.s.ce.app.CeServer] Compute Engine is operational
2020.05.26 13:09:36 INFO  ce[][o.s.c.t.CeWorkerImpl] Execute task | project=Python-Project | type=REPORT | id=AXJQrGjy3AlaujWLT5oV
2020.05.26 13:09:37 INFO  ce[AXJQrGjy3AlaujWLT5oV][o.s.c.t.s.ComputationStepExecutor] Extract report | status=SUCCESS | time=204ms
2020.05.26 13:09:37 INFO  ce[AXJQrGjy3AlaujWLT5oV][o.s.c.t.s.ComputationStepExecutor] Persist scanner context | status=SUCCESS | time=15ms
2020.05.26 13:09:37 INFO  ce[AXJQrGjy3AlaujWLT5oV][o.s.c.t.s.ComputationStepExecutor] Propagate analysis warnings from scanner report | status=SUCCESS | time=40ms
2020.05.26 13:09:37 INFO  ce[AXJQrGjy3AlaujWLT5oV][o.s.c.t.s.ComputationStepExecutor] Execute DB migrations for current project | status=SUCCESS | time=11ms
2020.05.26 13:09:37 INFO  ce[AXJQrGjy3AlaujWLT5oV][o.s.c.t.s.ComputationStepExecutor] Generate analysis UUID | status=SUCCESS | time=1ms
2020.05.26 13:09:37 INFO  ce[AXJQrGjy3AlaujWLT5oV][o.s.c.t.s.ComputationStepExecutor] Load analysis metadata | status=SUCCESS | time=152ms
2020.05.26 13:09:37 INFO  ce[AXJQrGjy3AlaujWLT5oV][o.s.c.t.s.ComputationStepExecutor] Initialize | status=SUCCESS | time=0ms
2020.05.26 13:09:37 INFO  ce[AXJQrGjy3AlaujWLT5oV][o.s.c.t.s.ComputationStepExecutor] Verify billing | status=SUCCESS | time=0ms
2020.05.26 13:09:37 INFO  ce[AXJQrGjy3AlaujWLT5oV][o.s.c.t.s.ComputationStepExecutor] Build tree of components | components=18 | status=SUCCESS | time=85ms
2020.05.26 13:09:37 INFO  ce[AXJQrGjy3AlaujWLT5oV][o.s.c.t.s.ComputationStepExecutor] Validate project | status=SUCCESS | time=8ms
2020.05.26 13:09:40 INFO  ce[AXJQrGjy3AlaujWLT5oV][o.s.c.t.s.ComputationStepExecutor] Load quality profiles | status=SUCCESS | time=3480ms
2020.05.26 13:09:41 INFO  ce[AXJQrGjy3AlaujWLT5oV][o.s.c.t.s.ComputationStepExecutor] Load Quality gate | status=SUCCESS | time=20ms
2020.05.26 13:09:41 INFO  ce[AXJQrGjy3AlaujWLT5oV][o.s.c.t.s.ComputationStepExecutor] Load new code period | status=SUCCESS | time=0ms
2020.05.26 13:09:41 INFO  ce[AXJQrGjy3AlaujWLT5oV][o.s.c.t.s.ComputationStepExecutor] Detect file moves | status=SUCCESS | time=0ms
2020.05.26 13:09:41 INFO  ce[AXJQrGjy3AlaujWLT5oV][o.s.c.t.s.ComputationStepExecutor] Load duplications | duplications=2 | status=SUCCESS | time=15ms
2020.05.26 13:09:41 INFO  ce[AXJQrGjy3AlaujWLT5oV][o.s.c.t.s.ComputationStepExecutor] Compute cross project duplications | status=SUCCESS | time=0ms
2020.05.26 13:09:41 INFO  ce[AXJQrGjy3AlaujWLT5oV][o.s.c.t.s.ComputationStepExecutor] Compute size measures | status=SUCCESS | time=83ms
2020.05.26 13:09:41 INFO  ce[AXJQrGjy3AlaujWLT5oV][o.s.c.t.s.ComputationStepExecutor] Compute new coverage | status=SUCCESS | time=4ms
2020.05.26 13:09:41 INFO  ce[AXJQrGjy3AlaujWLT5oV][o.s.c.t.s.ComputationStepExecutor] Compute coverage measures | status=SUCCESS | time=8ms
2020.05.26 13:09:41 INFO  ce[AXJQrGjy3AlaujWLT5oV][o.s.c.t.s.ComputationStepExecutor] Compute comment measures | status=SUCCESS | time=1ms
2020.05.26 13:09:41 INFO  ce[AXJQrGjy3AlaujWLT5oV][o.s.c.t.s.ComputationStepExecutor] Copy custom measures | status=SUCCESS | time=4ms
2020.05.26 13:09:41 INFO  ce[AXJQrGjy3AlaujWLT5oV][o.s.c.t.s.ComputationStepExecutor] Compute duplication measures | status=SUCCESS | time=4ms
2020.05.26 13:09:41 INFO  ce[AXJQrGjy3AlaujWLT5oV][o.s.c.t.s.ComputationStepExecutor] Compute size measures on new code | status=SUCCESS | time=1ms
2020.05.26 13:09:41 INFO  ce[AXJQrGjy3AlaujWLT5oV][o.s.c.t.s.ComputationStepExecutor] Compute language distribution | status=SUCCESS | time=22ms
2020.05.26 13:09:41 INFO  ce[AXJQrGjy3AlaujWLT5oV][o.s.c.t.s.ComputationStepExecutor] Compute test measures | status=SUCCESS | time=1ms
2020.05.26 13:09:41 INFO  ce[AXJQrGjy3AlaujWLT5oV][o.s.c.t.s.ComputationStepExecutor] Compute complexity measures | status=SUCCESS | time=4ms
2020.05.26 13:09:41 INFO  ce[AXJQrGjy3AlaujWLT5oV][o.s.c.t.s.ComputationStepExecutor] Load measure computers | status=SUCCESS | time=3ms
2020.05.26 13:09:41 INFO  ce[AXJQrGjy3AlaujWLT5oV][o.s.c.t.s.ComputationStepExecutor] Compute Quality Profile status | status=SUCCESS | time=5ms
2020.05.26 13:09:42 INFO  ce[AXJQrGjy3AlaujWLT5oV][o.s.c.t.s.ComputationStepExecutor] Execute component visitors | status=SUCCESS | time=604ms
2020.05.26 13:09:42 INFO  ce[AXJQrGjy3AlaujWLT5oV][o.s.c.t.s.ComputationStepExecutor] Checks executed after computation of measures | status=SUCCESS | time=0ms
2020.05.26 13:09:42 INFO  ce[AXJQrGjy3AlaujWLT5oV][o.s.c.t.s.ComputationStepExecutor] Compute Quality Gate measures | status=SUCCESS | time=120ms
2020.05.26 13:09:42 INFO  ce[AXJQrGjy3AlaujWLT5oV][o.s.c.t.s.ComputationStepExecutor] Compute Quality profile measures | status=SUCCESS | time=151ms
2020.05.26 13:09:42 INFO  ce[AXJQrGjy3AlaujWLT5oV][o.s.c.t.s.ComputationStepExecutor] Generate Quality profile events | status=SUCCESS | time=3ms
2020.05.26 13:09:42 INFO  ce[AXJQrGjy3AlaujWLT5oV][o.s.c.t.s.ComputationStepExecutor] Generate Quality gate events | status=SUCCESS | time=15ms
2020.05.26 13:09:42 INFO  ce[AXJQrGjy3AlaujWLT5oV][o.s.c.t.s.ComputationStepExecutor] Persist components | status=SUCCESS | time=142ms
2020.05.26 13:09:42 INFO  ce[AXJQrGjy3AlaujWLT5oV][o.s.c.t.s.ComputationStepExecutor] Persist analysis | status=SUCCESS | time=13ms
2020.05.26 13:09:42 INFO  ce[AXJQrGjy3AlaujWLT5oV][o.s.c.t.s.ComputationStepExecutor] Persist analysis properties | status=SUCCESS | time=2ms
2020.05.26 13:09:42 INFO  ce[AXJQrGjy3AlaujWLT5oV][o.s.c.t.s.ComputationStepExecutor] Persist measures | inserts=50 | status=SUCCESS | time=41ms
2020.05.26 13:09:42 INFO  ce[AXJQrGjy3AlaujWLT5oV][o.s.c.t.s.ComputationStepExecutor] Persist live measures | insertsOrUpdates=424 | status=SUCCESS | time=220ms
2020.05.26 13:09:42 INFO  ce[AXJQrGjy3AlaujWLT5oV][o.s.c.t.s.ComputationStepExecutor] Persist duplication data | insertsOrUpdates=0 | status=SUCCESS | time=23ms
2020.05.26 13:09:42 INFO  ce[AXJQrGjy3AlaujWLT5oV][o.s.c.t.s.ComputationStepExecutor] Persist new ad hoc Rules | status=SUCCESS | time=1ms
2020.05.26 13:09:42 INFO  ce[AXJQrGjy3AlaujWLT5oV][o.s.c.t.s.ComputationStepExecutor] Persist issues | cacheSize=3 KB | inserts=9 | updates=0 | merged=0 | status=SUCCESS | time=79ms
2020.05.26 13:09:42 INFO  ce[AXJQrGjy3AlaujWLT5oV][o.s.c.t.s.ComputationStepExecutor] Persist project links | status=SUCCESS | time=7ms
2020.05.26 13:09:42 INFO  ce[AXJQrGjy3AlaujWLT5oV][o.s.c.t.s.ComputationStepExecutor] Persist events | status=SUCCESS | time=7ms
2020.05.26 13:09:43 INFO  ce[AXJQrGjy3AlaujWLT5oV][o.s.c.t.s.ComputationStepExecutor] Persist sources | status=SUCCESS | time=705ms
2020.05.26 13:09:43 INFO  ce[AXJQrGjy3AlaujWLT5oV][o.s.c.t.s.ComputationStepExecutor] Persist cross project duplications | status=SUCCESS | time=0ms
2020.05.26 13:09:43 INFO  ce[AXJQrGjy3AlaujWLT5oV][o.s.c.t.s.ComputationStepExecutor] Enable analysis | status=SUCCESS | time=4ms
2020.05.26 13:09:43 INFO  ce[AXJQrGjy3AlaujWLT5oV][o.s.c.t.s.ComputationStepExecutor] Update last usage date of quality profiles | status=SUCCESS | time=37ms
2020.05.26 13:09:43 INFO  ce[AXJQrGjy3AlaujWLT5oV][o.s.c.t.s.ComputationStepExecutor] Purge db | status=SUCCESS | time=71ms
2020.05.26 13:09:44 INFO  ce[AXJQrGjy3AlaujWLT5oV][o.s.c.t.s.ComputationStepExecutor] Index analysis | status=SUCCESS | time=729ms
2020.05.26 13:09:44 INFO  ce[AXJQrGjy3AlaujWLT5oV][o.s.c.t.s.ComputationStepExecutor] Send issue notifications | newIssuesNotifs=0 | newIssuesDeliveries=0 | myNewIssuesNotifs=0 | myNewIssuesDeliveries=0 | changesNotifs=0 | changesDeliveries=0 | status=SUCCESS | time=9ms
2020.05.26 13:09:44 INFO  ce[AXJQrGjy3AlaujWLT5oV][o.s.c.t.s.ComputationStepExecutor] Publish task results | status=SUCCESS | time=0ms
2020.05.26 13:09:44 INFO  ce[AXJQrGjy3AlaujWLT5oV][o.s.c.t.s.ComputationStepExecutor] Trigger refresh of Portfolios and Applications | status=SUCCESS | time=0ms
2020.05.26 13:09:44 INFO  ce[AXJQrGjy3AlaujWLT5oV][o.s.c.t.p.a.p.PostProjectAnalysisTasksExecutor] Webhooks | globalWebhooks=0 | projectWebhooks=0 | status=SUCCESS | time=9ms
2020.05.26 13:09:44 INFO  ce[AXJQrGjy3AlaujWLT5oV][o.s.c.t.CeWorkerImpl] Executed task | project=Python-Project | type=REPORT | id=AXJQrGjy3AlaujWLT5oV | status=SUCCESS | time=8370ms
2020.05.26 13:16:17 INFO  ce[][o.s.c.t.CeWorkerImpl] Execute task | project=Python-Project | type=REPORT | id=AXJQsol73AlaujWLT5oW
2020.05.26 13:16:18 INFO  ce[AXJQsol73AlaujWLT5oW][o.s.c.t.s.ComputationStepExecutor] Extract report | status=SUCCESS | time=373ms
2020.05.26 13:16:18 INFO  ce[AXJQsol73AlaujWLT5oW][o.s.c.t.s.ComputationStepExecutor] Persist scanner context | status=SUCCESS | time=7ms
2020.05.26 13:16:18 INFO  ce[AXJQsol73AlaujWLT5oW][o.s.c.t.s.ComputationStepExecutor] Propagate analysis warnings from scanner report | status=SUCCESS | time=4ms
2020.05.26 13:16:18 INFO  ce[AXJQsol73AlaujWLT5oW][o.s.c.t.s.ComputationStepExecutor] Execute DB migrations for current project | status=SUCCESS | time=7ms
2020.05.26 13:16:18 INFO  ce[AXJQsol73AlaujWLT5oW][o.s.c.t.s.ComputationStepExecutor] Generate analysis UUID | status=SUCCESS | time=0ms
2020.05.26 13:16:18 INFO  ce[AXJQsol73AlaujWLT5oW][o.s.c.t.s.ComputationStepExecutor] Load analysis metadata | status=SUCCESS | time=143ms
2020.05.26 13:16:18 INFO  ce[AXJQsol73AlaujWLT5oW][o.s.c.t.s.ComputationStepExecutor] Initialize | status=SUCCESS | time=0ms
2020.05.26 13:16:18 INFO  ce[AXJQsol73AlaujWLT5oW][o.s.c.t.s.ComputationStepExecutor] Verify billing | status=SUCCESS | time=0ms
2020.05.26 13:16:18 INFO  ce[AXJQsol73AlaujWLT5oW][o.s.c.t.s.ComputationStepExecutor] Build tree of components | components=19 | status=SUCCESS | time=89ms
2020.05.26 13:16:18 INFO  ce[AXJQsol73AlaujWLT5oW][o.s.c.t.s.ComputationStepExecutor] Validate project | status=SUCCESS | time=51ms
2020.05.26 13:16:21 INFO  ce[AXJQsol73AlaujWLT5oW][o.s.c.t.s.ComputationStepExecutor] Load quality profiles | status=SUCCESS | time=2677ms
2020.05.26 13:16:21 INFO  ce[AXJQsol73AlaujWLT5oW][o.s.c.t.s.ComputationStepExecutor] Load Quality gate | status=SUCCESS | time=8ms
2020.05.26 13:16:21 INFO  ce[AXJQsol73AlaujWLT5oW][o.s.c.t.s.ComputationStepExecutor] Load new code period | status=SUCCESS | time=17ms
2020.05.26 13:16:21 INFO  ce[AXJQsol73AlaujWLT5oW][o.s.c.t.s.ComputationStepExecutor] Detect file moves | reportFiles=13 | dbFiles=12 | addedFiles=1 | status=SUCCESS | time=8ms
2020.05.26 13:16:21 INFO  ce[AXJQsol73AlaujWLT5oW][o.s.c.t.s.ComputationStepExecutor] Load duplications | duplications=2 | status=SUCCESS | time=3ms
2020.05.26 13:16:21 INFO  ce[AXJQsol73AlaujWLT5oW][o.s.c.t.s.ComputationStepExecutor] Compute cross project duplications | status=SUCCESS | time=0ms
2020.05.26 13:16:21 INFO  ce[AXJQsol73AlaujWLT5oW][o.s.c.t.s.ComputationStepExecutor] Compute size measures | status=SUCCESS | time=6ms
2020.05.26 13:16:21 INFO  ce[AXJQsol73AlaujWLT5oW][o.s.c.t.s.ComputationStepExecutor] Compute new coverage | status=SUCCESS | time=292ms
2020.05.26 13:16:21 INFO  ce[AXJQsol73AlaujWLT5oW][o.s.c.t.s.ComputationStepExecutor] Compute coverage measures | status=SUCCESS | time=17ms
2020.05.26 13:16:21 INFO  ce[AXJQsol73AlaujWLT5oW][o.s.c.t.s.ComputationStepExecutor] Compute comment measures | status=SUCCESS | time=4ms
2020.05.26 13:16:21 INFO  ce[AXJQsol73AlaujWLT5oW][o.s.c.t.s.ComputationStepExecutor] Copy custom measures | status=SUCCESS | time=9ms
2020.05.26 13:16:21 INFO  ce[AXJQsol73AlaujWLT5oW][o.s.c.t.s.ComputationStepExecutor] Compute duplication measures | status=SUCCESS | time=7ms
2020.05.26 13:16:21 INFO  ce[AXJQsol73AlaujWLT5oW][o.s.c.t.s.ComputationStepExecutor] Compute size measures on new code | status=SUCCESS | time=96ms
2020.05.26 13:16:21 INFO  ce[AXJQsol73AlaujWLT5oW][o.s.c.t.s.ComputationStepExecutor] Compute language distribution | status=SUCCESS | time=2ms
2020.05.26 13:16:21 INFO  ce[AXJQsol73AlaujWLT5oW][o.s.c.t.s.ComputationStepExecutor] Compute test measures | status=SUCCESS | time=0ms
2020.05.26 13:16:21 INFO  ce[AXJQsol73AlaujWLT5oW][o.s.c.t.s.ComputationStepExecutor] Compute complexity measures | status=SUCCESS | time=2ms
2020.05.26 13:16:21 INFO  ce[AXJQsol73AlaujWLT5oW][o.s.c.t.s.ComputationStepExecutor] Load measure computers | status=SUCCESS | time=0ms
2020.05.26 13:16:21 INFO  ce[AXJQsol73AlaujWLT5oW][o.s.c.t.s.ComputationStepExecutor] Compute Quality Profile status | status=SUCCESS | time=6ms
2020.05.26 13:16:22 INFO  ce[AXJQsol73AlaujWLT5oW][o.s.c.t.s.ComputationStepExecutor] Execute component visitors | status=SUCCESS | time=118ms
2020.05.26 13:16:22 INFO  ce[AXJQsol73AlaujWLT5oW][o.s.c.t.s.ComputationStepExecutor] Checks executed after computation of measures | status=SUCCESS | time=0ms
2020.05.26 13:16:22 INFO  ce[AXJQsol73AlaujWLT5oW][o.s.c.t.s.ComputationStepExecutor] Compute Quality Gate measures | status=SUCCESS | time=21ms
2020.05.26 13:16:22 INFO  ce[AXJQsol73AlaujWLT5oW][o.s.c.t.s.ComputationStepExecutor] Compute Quality profile measures | status=SUCCESS | time=2ms
2020.05.26 13:16:22 INFO  ce[AXJQsol73AlaujWLT5oW][o.s.c.t.s.ComputationStepExecutor] Generate Quality profile events | status=SUCCESS | time=8ms
2020.05.26 13:16:22 INFO  ce[AXJQsol73AlaujWLT5oW][o.s.c.t.s.ComputationStepExecutor] Generate Quality gate events | status=SUCCESS | time=3ms
2020.05.26 13:16:22 INFO  ce[AXJQsol73AlaujWLT5oW][o.s.c.t.s.ComputationStepExecutor] Persist components | status=SUCCESS | time=14ms
2020.05.26 13:16:22 INFO  ce[AXJQsol73AlaujWLT5oW][o.s.c.t.s.ComputationStepExecutor] Persist analysis | status=SUCCESS | time=7ms
2020.05.26 13:16:22 INFO  ce[AXJQsol73AlaujWLT5oW][o.s.c.t.s.ComputationStepExecutor] Persist analysis properties | status=SUCCESS | time=1ms
2020.05.26 13:16:22 INFO  ce[AXJQsol73AlaujWLT5oW][o.s.c.t.s.ComputationStepExecutor] Persist measures | inserts=52 | status=SUCCESS | time=12ms
2020.05.26 13:16:22 INFO  ce[AXJQsol73AlaujWLT5oW][o.s.c.t.s.ComputationStepExecutor] Persist live measures | insertsOrUpdates=690 | status=SUCCESS | time=324ms
2020.05.26 13:16:22 INFO  ce[AXJQsol73AlaujWLT5oW][o.s.c.t.s.ComputationStepExecutor] Persist duplication data | insertsOrUpdates=0 | status=SUCCESS | time=3ms
2020.05.26 13:16:22 INFO  ce[AXJQsol73AlaujWLT5oW][o.s.c.t.s.ComputationStepExecutor] Persist new ad hoc Rules | status=SUCCESS | time=0ms
2020.05.26 13:16:22 INFO  ce[AXJQsol73AlaujWLT5oW][o.s.c.t.s.ComputationStepExecutor] Persist issues | cacheSize=0 bytes | inserts=0 | updates=0 | merged=0 | status=SUCCESS | time=0ms
2020.05.26 13:16:22 INFO  ce[AXJQsol73AlaujWLT5oW][o.s.c.t.s.ComputationStepExecutor] Persist project links | status=SUCCESS | time=10ms
2020.05.26 13:16:22 INFO  ce[AXJQsol73AlaujWLT5oW][o.s.c.t.s.ComputationStepExecutor] Persist events | status=SUCCESS | time=5ms
2020.05.26 13:16:22 INFO  ce[AXJQsol73AlaujWLT5oW][o.s.c.t.s.ComputationStepExecutor] Persist sources | status=SUCCESS | time=261ms
2020.05.26 13:16:22 INFO  ce[AXJQsol73AlaujWLT5oW][o.s.c.t.s.ComputationStepExecutor] Persist cross project duplications | status=SUCCESS | time=0ms
2020.05.26 13:16:22 INFO  ce[AXJQsol73AlaujWLT5oW][o.s.c.t.s.ComputationStepExecutor] Enable analysis | status=SUCCESS | time=3ms
2020.05.26 13:16:22 INFO  ce[AXJQsol73AlaujWLT5oW][o.s.c.t.s.ComputationStepExecutor] Update last usage date of quality profiles | status=SUCCESS | time=13ms
2020.05.26 13:16:22 INFO  ce[AXJQsol73AlaujWLT5oW][o.s.c.t.s.ComputationStepExecutor] Purge db | status=SUCCESS | time=30ms
2020.05.26 13:16:23 INFO  ce[AXJQsol73AlaujWLT5oW][o.s.c.t.s.ComputationStepExecutor] Index analysis | status=SUCCESS | time=1097ms
2020.05.26 13:16:23 INFO  ce[AXJQsol73AlaujWLT5oW][o.s.c.t.s.ComputationStepExecutor] Send issue notifications | newIssuesNotifs=0 | newIssuesDeliveries=0 | myNewIssuesNotifs=0 | myNewIssuesDeliveries=0 | changesNotifs=0 | changesDeliveries=0 | status=SUCCESS | time=14ms
2020.05.26 13:16:23 INFO  ce[AXJQsol73AlaujWLT5oW][o.s.c.t.s.ComputationStepExecutor] Publish task results | status=SUCCESS | time=0ms
2020.05.26 13:16:23 INFO  ce[AXJQsol73AlaujWLT5oW][o.s.c.t.s.ComputationStepExecutor] Trigger refresh of Portfolios and Applications | status=SUCCESS | time=0ms
2020.05.26 13:16:23 INFO  ce[AXJQsol73AlaujWLT5oW][o.s.c.t.p.a.p.PostProjectAnalysisTasksExecutor] Webhooks | globalWebhooks=0 | projectWebhooks=0 | status=SUCCESS | time=9ms
2020.05.26 13:16:24 INFO  ce[AXJQsol73AlaujWLT5oW][o.s.c.t.CeWorkerImpl] Executed task | project=Python-Project | type=REPORT | id=AXJQsol73AlaujWLT5oW | status=SUCCESS | time=6076ms
2020.05.26 13:40:50 INFO  ce[][o.s.c.t.CeWorkerImpl] Execute task | project=Django | type=REPORT | id=AXJQyPyr3AlaujWLT5od
2020.05.26 13:41:16 INFO  ce[AXJQyPyr3AlaujWLT5od][o.s.c.t.s.ComputationStepExecutor] Extract report | status=SUCCESS | time=25278ms
2020.05.26 13:41:16 INFO  ce[AXJQyPyr3AlaujWLT5od][o.s.c.t.s.ComputationStepExecutor] Persist scanner context | status=SUCCESS | time=4ms
2020.05.26 13:41:16 INFO  ce[AXJQyPyr3AlaujWLT5od][o.s.c.t.s.ComputationStepExecutor] Propagate analysis warnings from scanner report | status=SUCCESS | time=4ms
2020.05.26 13:41:16 INFO  ce[AXJQyPyr3AlaujWLT5od][o.s.c.t.s.ComputationStepExecutor] Execute DB migrations for current project | status=SUCCESS | time=6ms
2020.05.26 13:41:16 INFO  ce[AXJQyPyr3AlaujWLT5od][o.s.c.t.s.ComputationStepExecutor] Generate analysis UUID | status=SUCCESS | time=0ms
2020.05.26 13:41:16 INFO  ce[AXJQyPyr3AlaujWLT5od][o.s.c.t.s.ComputationStepExecutor] Load analysis metadata | status=SUCCESS | time=12ms
2020.05.26 13:41:16 INFO  ce[AXJQyPyr3AlaujWLT5od][o.s.c.t.s.ComputationStepExecutor] Initialize | status=SUCCESS | time=0ms
2020.05.26 13:41:16 INFO  ce[AXJQyPyr3AlaujWLT5od][o.s.c.t.s.ComputationStepExecutor] Verify billing | status=SUCCESS | time=0ms
2020.05.26 13:41:17 INFO  ce[AXJQyPyr3AlaujWLT5od][o.s.c.t.s.ComputationStepExecutor] Build tree of components | components=3735 | status=SUCCESS | time=1130ms
2020.05.26 13:41:17 INFO  ce[AXJQyPyr3AlaujWLT5od][o.s.c.t.s.ComputationStepExecutor] Validate project | status=SUCCESS | time=4ms
2020.05.26 13:41:18 INFO  ce[AXJQyPyr3AlaujWLT5od][o.s.c.t.s.ComputationStepExecutor] Load quality profiles | status=SUCCESS | time=998ms
2020.05.26 13:41:18 INFO  ce[AXJQyPyr3AlaujWLT5od][o.s.c.t.s.ComputationStepExecutor] Load Quality gate | status=SUCCESS | time=7ms
2020.05.26 13:41:18 INFO  ce[AXJQyPyr3AlaujWLT5od][o.s.c.t.s.ComputationStepExecutor] Load new code period | status=SUCCESS | time=0ms
2020.05.26 13:41:18 INFO  ce[AXJQyPyr3AlaujWLT5od][o.s.c.t.s.ComputationStepExecutor] Detect file moves | status=SUCCESS | time=0ms
2020.05.26 13:41:18 INFO  ce[AXJQyPyr3AlaujWLT5od][o.s.c.t.s.ComputationStepExecutor] Load duplications | duplications=135 | status=SUCCESS | time=609ms
2020.05.26 13:41:18 INFO  ce[AXJQyPyr3AlaujWLT5od][o.s.c.t.s.ComputationStepExecutor] Compute cross project duplications | status=SUCCESS | time=0ms
2020.05.26 13:41:20 INFO  ce[AXJQyPyr3AlaujWLT5od][o.s.c.t.s.ComputationStepExecutor] Compute size measures | status=SUCCESS | time=1127ms
2020.05.26 13:41:20 INFO  ce[AXJQyPyr3AlaujWLT5od][o.s.c.t.s.ComputationStepExecutor] Compute new coverage | status=SUCCESS | time=24ms
2020.05.26 13:41:20 INFO  ce[AXJQyPyr3AlaujWLT5od][o.s.c.t.s.ComputationStepExecutor] Compute coverage measures | status=SUCCESS | time=927ms
2020.05.26 13:41:21 INFO  ce[AXJQyPyr3AlaujWLT5od][o.s.c.t.s.ComputationStepExecutor] Compute comment measures | status=SUCCESS | time=32ms
2020.05.26 13:41:21 INFO  ce[AXJQyPyr3AlaujWLT5od][o.s.c.t.s.ComputationStepExecutor] Copy custom measures | status=SUCCESS | time=3ms
2020.05.26 13:41:21 INFO  ce[AXJQyPyr3AlaujWLT5od][o.s.c.t.s.ComputationStepExecutor] Compute duplication measures | status=SUCCESS | time=44ms
2020.05.26 13:41:21 INFO  ce[AXJQyPyr3AlaujWLT5od][o.s.c.t.s.ComputationStepExecutor] Compute size measures on new code | status=SUCCESS | time=12ms
2020.05.26 13:41:21 INFO  ce[AXJQyPyr3AlaujWLT5od][o.s.c.t.s.ComputationStepExecutor] Compute language distribution | status=SUCCESS | time=49ms
2020.05.26 13:41:21 INFO  ce[AXJQyPyr3AlaujWLT5od][o.s.c.t.s.ComputationStepExecutor] Compute test measures | status=SUCCESS | time=22ms
2020.05.26 13:41:21 INFO  ce[AXJQyPyr3AlaujWLT5od][o.s.c.t.s.ComputationStepExecutor] Compute complexity measures | status=SUCCESS | time=43ms
2020.05.26 13:41:21 INFO  ce[AXJQyPyr3AlaujWLT5od][o.s.c.t.s.ComputationStepExecutor] Load measure computers | status=SUCCESS | time=0ms
2020.05.26 13:41:21 INFO  ce[AXJQyPyr3AlaujWLT5od][o.s.c.t.s.ComputationStepExecutor] Compute Quality Profile status | status=SUCCESS | time=2ms
2020.05.26 13:41:39 INFO  ce[AXJQyPyr3AlaujWLT5od][o.s.c.t.s.ComputationStepExecutor] Execute component visitors | status=SUCCESS | time=18345ms
2020.05.26 13:41:39 INFO  ce[AXJQyPyr3AlaujWLT5od][o.s.c.t.s.ComputationStepExecutor] Checks executed after computation of measures | status=SUCCESS | time=0ms
2020.05.26 13:41:39 INFO  ce[AXJQyPyr3AlaujWLT5od][o.s.c.t.s.ComputationStepExecutor] Compute Quality Gate measures | status=SUCCESS | time=0ms
2020.05.26 13:41:39 INFO  ce[AXJQyPyr3AlaujWLT5od][o.s.c.t.s.ComputationStepExecutor] Compute Quality profile measures | status=SUCCESS | time=4ms
2020.05.26 13:41:39 INFO  ce[AXJQyPyr3AlaujWLT5od][o.s.c.t.s.ComputationStepExecutor] Generate Quality profile events | status=SUCCESS | time=2ms
2020.05.26 13:41:39 INFO  ce[AXJQyPyr3AlaujWLT5od][o.s.c.t.s.ComputationStepExecutor] Generate Quality gate events | status=SUCCESS | time=2ms
2020.05.26 13:41:40 INFO  ce[AXJQyPyr3AlaujWLT5od][o.s.c.t.s.ComputationStepExecutor] Persist components | status=SUCCESS | time=1053ms
2020.05.26 13:41:40 INFO  ce[AXJQyPyr3AlaujWLT5od][o.s.c.t.s.ComputationStepExecutor] Persist analysis | status=SUCCESS | time=3ms
2020.05.26 13:41:40 INFO  ce[AXJQyPyr3AlaujWLT5od][o.s.c.t.s.ComputationStepExecutor] Persist analysis properties | status=SUCCESS | time=1ms
2020.05.26 13:41:40 INFO  ce[AXJQyPyr3AlaujWLT5od][o.s.c.t.s.ComputationStepExecutor] Persist measures | inserts=50 | status=SUCCESS | time=15ms
2020.05.26 13:41:59 INFO  ce[AXJQyPyr3AlaujWLT5od][o.s.c.t.s.ComputationStepExecutor] Persist live measures | insertsOrUpdates=99802 | status=SUCCESS | time=18760ms
2020.05.26 13:41:59 INFO  ce[AXJQyPyr3AlaujWLT5od][o.s.c.t.s.ComputationStepExecutor] Persist duplication data | insertsOrUpdates=0 | status=SUCCESS | time=45ms
2020.05.26 13:41:59 INFO  ce[AXJQyPyr3AlaujWLT5od][o.s.c.t.s.ComputationStepExecutor] Persist new ad hoc Rules | status=SUCCESS | time=0ms
2020.05.26 13:42:01 INFO  ce[AXJQyPyr3AlaujWLT5od][o.s.c.t.s.ComputationStepExecutor] Persist issues | cacheSize=1 MB | inserts=4577 | updates=0 | merged=0 | status=SUCCESS | time=1760ms
2020.05.26 13:42:01 INFO  ce[AXJQyPyr3AlaujWLT5od][o.s.c.t.s.ComputationStepExecutor] Persist project links | status=SUCCESS | time=3ms
2020.05.26 13:42:01 INFO  ce[AXJQyPyr3AlaujWLT5od][o.s.c.t.s.ComputationStepExecutor] Persist events | status=SUCCESS | time=3ms
2020.05.26 13:42:14 INFO  ce[AXJQyPyr3AlaujWLT5od][o.s.c.t.s.ComputationStepExecutor] Persist sources | status=SUCCESS | time=13279ms
2020.05.26 13:42:14 INFO  ce[AXJQyPyr3AlaujWLT5od][o.s.c.t.s.ComputationStepExecutor] Persist cross project duplications | status=SUCCESS | time=0ms
2020.05.26 13:42:14 INFO  ce[AXJQyPyr3AlaujWLT5od][o.s.c.t.s.ComputationStepExecutor] Enable analysis | status=SUCCESS | time=41ms
2020.05.26 13:42:14 INFO  ce[AXJQyPyr3AlaujWLT5od][o.s.c.t.s.ComputationStepExecutor] Update last usage date of quality profiles | status=SUCCESS | time=8ms
2020.05.26 13:42:14 INFO  ce[AXJQyPyr3AlaujWLT5od][o.s.c.t.s.ComputationStepExecutor] Purge db | status=SUCCESS | time=110ms
2020.05.26 13:42:19 INFO  ce[AXJQyPyr3AlaujWLT5od][o.s.c.t.s.ComputationStepExecutor] Index analysis | status=SUCCESS | time=5025ms
2020.05.26 13:42:19 INFO  ce[AXJQyPyr3AlaujWLT5od][o.s.c.t.s.ComputationStepExecutor] Send issue notifications | newIssuesNotifs=0 | newIssuesDeliveries=0 | myNewIssuesNotifs=0 | myNewIssuesDeliveries=0 | changesNotifs=0 | changesDeliveries=0 | status=SUCCESS | time=2ms
2020.05.26 13:42:19 INFO  ce[AXJQyPyr3AlaujWLT5od][o.s.c.t.s.ComputationStepExecutor] Publish task results | status=SUCCESS | time=0ms
2020.05.26 13:42:19 INFO  ce[AXJQyPyr3AlaujWLT5od][o.s.c.t.s.ComputationStepExecutor] Trigger refresh of Portfolios and Applications | status=SUCCESS | time=0ms
2020.05.26 13:42:19 INFO  ce[AXJQyPyr3AlaujWLT5od][o.s.c.t.p.a.p.PostProjectAnalysisTasksExecutor] Webhooks | globalWebhooks=0 | projectWebhooks=0 | status=SUCCESS | time=3ms
2020.05.26 13:42:27 INFO  ce[AXJQyPyr3AlaujWLT5od][o.s.c.t.CeWorkerImpl] Executed task | project=Django | type=REPORT | id=AXJQyPyr3AlaujWLT5od | status=SUCCESS | time=96337ms
2020.05.26 13:51:08 INFO  ce[][o.s.c.t.CeWorkerImpl] Execute task | project=Django | type=REPORT | id=AXJQ0mjr3AlaujWLT5oe
2020.05.26 13:51:34 INFO  ce[AXJQ0mjr3AlaujWLT5oe][o.s.c.t.s.ComputationStepExecutor] Extract report | status=SUCCESS | time=26169ms
2020.05.26 13:51:34 INFO  ce[AXJQ0mjr3AlaujWLT5oe][o.s.c.t.s.ComputationStepExecutor] Persist scanner context | status=SUCCESS | time=6ms
2020.05.26 13:51:34 INFO  ce[AXJQ0mjr3AlaujWLT5oe][o.s.c.t.s.ComputationStepExecutor] Propagate analysis warnings from scanner report | status=SUCCESS | time=3ms
2020.05.26 13:51:34 INFO  ce[AXJQ0mjr3AlaujWLT5oe][o.s.c.t.s.ComputationStepExecutor] Execute DB migrations for current project | status=SUCCESS | time=22ms
2020.05.26 13:51:34 INFO  ce[AXJQ0mjr3AlaujWLT5oe][o.s.c.t.s.ComputationStepExecutor] Generate analysis UUID | status=SUCCESS | time=0ms
2020.05.26 13:51:34 INFO  ce[AXJQ0mjr3AlaujWLT5oe][o.s.c.t.s.ComputationStepExecutor] Load analysis metadata | status=SUCCESS | time=14ms
2020.05.26 13:51:34 INFO  ce[AXJQ0mjr3AlaujWLT5oe][o.s.c.t.s.ComputationStepExecutor] Initialize | status=SUCCESS | time=0ms
2020.05.26 13:51:34 INFO  ce[AXJQ0mjr3AlaujWLT5oe][o.s.c.t.s.ComputationStepExecutor] Verify billing | status=SUCCESS | time=0ms
2020.05.26 13:51:35 INFO  ce[AXJQ0mjr3AlaujWLT5oe][o.s.c.t.s.ComputationStepExecutor] Build tree of components | components=3735 | status=SUCCESS | time=1165ms
2020.05.26 13:51:35 INFO  ce[AXJQ0mjr3AlaujWLT5oe][o.s.c.t.s.ComputationStepExecutor] Validate project | status=SUCCESS | time=25ms
2020.05.26 13:51:36 INFO  ce[AXJQ0mjr3AlaujWLT5oe][o.s.c.t.s.ComputationStepExecutor] Load quality profiles | status=SUCCESS | time=837ms
2020.05.26 13:51:36 INFO  ce[AXJQ0mjr3AlaujWLT5oe][o.s.c.t.s.ComputationStepExecutor] Load Quality gate | status=SUCCESS | time=7ms
2020.05.26 13:51:36 INFO  ce[AXJQ0mjr3AlaujWLT5oe][o.s.c.t.s.ComputationStepExecutor] Load new code period | status=SUCCESS | time=4ms
2020.05.26 13:51:36 INFO  ce[AXJQ0mjr3AlaujWLT5oe][o.s.c.t.s.ComputationStepExecutor] Detect file moves | reportFiles=3022 | dbFiles=3022 | addedFiles=0 | status=SUCCESS | time=124ms
2020.05.26 13:51:37 INFO  ce[AXJQ0mjr3AlaujWLT5oe][o.s.c.t.s.ComputationStepExecutor] Load duplications | duplications=135 | status=SUCCESS | time=605ms
2020.05.26 13:51:37 INFO  ce[AXJQ0mjr3AlaujWLT5oe][o.s.c.t.s.ComputationStepExecutor] Compute cross project duplications | status=SUCCESS | time=0ms
2020.05.26 13:51:38 INFO  ce[AXJQ0mjr3AlaujWLT5oe][o.s.c.t.s.ComputationStepExecutor] Compute size measures | status=SUCCESS | time=917ms
2020.05.26 13:51:48 INFO  ce[AXJQ0mjr3AlaujWLT5oe][o.s.c.t.s.ComputationStepExecutor] Compute new coverage | status=SUCCESS | time=10913ms
2020.05.26 13:51:49 INFO  ce[AXJQ0mjr3AlaujWLT5oe][o.s.c.t.s.ComputationStepExecutor] Compute coverage measures | status=SUCCESS | time=779ms
2020.05.26 13:51:49 INFO  ce[AXJQ0mjr3AlaujWLT5oe][o.s.c.t.s.ComputationStepExecutor] Compute comment measures | status=SUCCESS | time=50ms
2020.05.26 13:51:49 INFO  ce[AXJQ0mjr3AlaujWLT5oe][o.s.c.t.s.ComputationStepExecutor] Copy custom measures | status=SUCCESS | time=50ms
2020.05.26 13:51:49 INFO  ce[AXJQ0mjr3AlaujWLT5oe][o.s.c.t.s.ComputationStepExecutor] Compute duplication measures | status=SUCCESS | time=104ms
2020.05.26 13:51:50 INFO  ce[AXJQ0mjr3AlaujWLT5oe][o.s.c.t.s.ComputationStepExecutor] Compute size measures on new code | status=SUCCESS | time=110ms
2020.05.26 13:51:50 INFO  ce[AXJQ0mjr3AlaujWLT5oe][o.s.c.t.s.ComputationStepExecutor] Compute language distribution | status=SUCCESS | time=40ms
2020.05.26 13:51:50 INFO  ce[AXJQ0mjr3AlaujWLT5oe][o.s.c.t.s.ComputationStepExecutor] Compute test measures | status=SUCCESS | time=126ms
2020.05.26 13:51:50 INFO  ce[AXJQ0mjr3AlaujWLT5oe][o.s.c.t.s.ComputationStepExecutor] Compute complexity measures | status=SUCCESS | time=62ms
2020.05.26 13:51:50 INFO  ce[AXJQ0mjr3AlaujWLT5oe][o.s.c.t.s.ComputationStepExecutor] Load measure computers | status=SUCCESS | time=0ms
2020.05.26 13:51:50 INFO  ce[AXJQ0mjr3AlaujWLT5oe][o.s.c.t.s.ComputationStepExecutor] Compute Quality Profile status | status=SUCCESS | time=8ms
2020.05.26 13:52:02 INFO  ce[AXJQ0mjr3AlaujWLT5oe][o.s.c.t.s.ComputationStepExecutor] Execute component visitors | status=SUCCESS | time=12449ms
2020.05.26 13:52:02 INFO  ce[AXJQ0mjr3AlaujWLT5oe][o.s.c.t.s.ComputationStepExecutor] Checks executed after computation of measures | status=SUCCESS | time=0ms
2020.05.26 13:52:02 INFO  ce[AXJQ0mjr3AlaujWLT5oe][o.s.c.t.s.ComputationStepExecutor] Compute Quality Gate measures | status=SUCCESS | time=1ms
2020.05.26 13:52:02 INFO  ce[AXJQ0mjr3AlaujWLT5oe][o.s.c.t.s.ComputationStepExecutor] Compute Quality profile measures | status=SUCCESS | time=4ms
2020.05.26 13:52:02 INFO  ce[AXJQ0mjr3AlaujWLT5oe][o.s.c.t.s.ComputationStepExecutor] Generate Quality profile events | status=SUCCESS | time=3ms
2020.05.26 13:52:02 INFO  ce[AXJQ0mjr3AlaujWLT5oe][o.s.c.t.s.ComputationStepExecutor] Generate Quality gate events | status=SUCCESS | time=2ms
2020.05.26 13:52:03 INFO  ce[AXJQ0mjr3AlaujWLT5oe][o.s.c.t.s.ComputationStepExecutor] Persist components | status=SUCCESS | time=236ms
2020.05.26 13:52:03 INFO  ce[AXJQ0mjr3AlaujWLT5oe][o.s.c.t.s.ComputationStepExecutor] Persist analysis | status=SUCCESS | time=2ms
2020.05.26 13:52:03 INFO  ce[AXJQ0mjr3AlaujWLT5oe][o.s.c.t.s.ComputationStepExecutor] Persist analysis properties | status=SUCCESS | time=1ms
2020.05.26 13:52:03 INFO  ce[AXJQ0mjr3AlaujWLT5oe][o.s.c.t.s.ComputationStepExecutor] Persist measures | inserts=52 | status=SUCCESS | time=14ms
2020.05.26 13:52:30 INFO  ce[AXJQ0mjr3AlaujWLT5oe][o.s.c.t.s.ComputationStepExecutor] Persist live measures | insertsOrUpdates=139500 | status=SUCCESS | time=27761ms
2020.05.26 13:52:30 INFO  ce[AXJQ0mjr3AlaujWLT5oe][o.s.c.t.s.ComputationStepExecutor] Persist duplication data | insertsOrUpdates=0 | status=SUCCESS | time=42ms
2020.05.26 13:52:30 INFO  ce[AXJQ0mjr3AlaujWLT5oe][o.s.c.t.s.ComputationStepExecutor] Persist new ad hoc Rules | status=SUCCESS | time=0ms
2020.05.26 13:52:30 INFO  ce[AXJQ0mjr3AlaujWLT5oe][o.s.c.t.s.ComputationStepExecutor] Persist issues | cacheSize=0 bytes | inserts=0 | updates=0 | merged=0 | status=SUCCESS | time=1ms
2020.05.26 13:52:30 INFO  ce[AXJQ0mjr3AlaujWLT5oe][o.s.c.t.s.ComputationStepExecutor] Persist project links | status=SUCCESS | time=2ms
2020.05.26 13:52:30 INFO  ce[AXJQ0mjr3AlaujWLT5oe][o.s.c.t.s.ComputationStepExecutor] Persist events | status=SUCCESS | time=3ms
2020.05.26 13:52:37 INFO  ce[AXJQ0mjr3AlaujWLT5oe][o.s.c.t.s.ComputationStepExecutor] Persist sources | status=SUCCESS | time=7042ms
2020.05.26 13:52:37 INFO  ce[AXJQ0mjr3AlaujWLT5oe][o.s.c.t.s.ComputationStepExecutor] Persist cross project duplications | status=SUCCESS | time=0ms
2020.05.26 13:52:37 INFO  ce[AXJQ0mjr3AlaujWLT5oe][o.s.c.t.s.ComputationStepExecutor] Enable analysis | status=SUCCESS | time=35ms
2020.05.26 13:52:37 INFO  ce[AXJQ0mjr3AlaujWLT5oe][o.s.c.t.s.ComputationStepExecutor] Update last usage date of quality profiles | status=SUCCESS | time=14ms
2020.05.26 13:52:38 INFO  ce[AXJQ0mjr3AlaujWLT5oe][o.s.c.t.s.ComputationStepExecutor] Purge db | status=SUCCESS | time=81ms
2020.05.26 13:52:43 INFO  ce[AXJQ0mjr3AlaujWLT5oe][o.s.c.t.s.ComputationStepExecutor] Index analysis | status=SUCCESS | time=5069ms
2020.05.26 13:52:43 INFO  ce[AXJQ0mjr3AlaujWLT5oe][o.s.c.t.s.ComputationStepExecutor] Send issue notifications | newIssuesNotifs=0 | newIssuesDeliveries=0 | myNewIssuesNotifs=0 | myNewIssuesDeliveries=0 | changesNotifs=0 | changesDeliveries=0 | status=SUCCESS | time=2ms
2020.05.26 13:52:43 INFO  ce[AXJQ0mjr3AlaujWLT5oe][o.s.c.t.s.ComputationStepExecutor] Publish task results | status=SUCCESS | time=0ms
2020.05.26 13:52:43 INFO  ce[AXJQ0mjr3AlaujWLT5oe][o.s.c.t.s.ComputationStepExecutor] Trigger refresh of Portfolios and Applications | status=SUCCESS | time=0ms
2020.05.26 13:52:43 INFO  ce[AXJQ0mjr3AlaujWLT5oe][o.s.c.t.p.a.p.PostProjectAnalysisTasksExecutor] Webhooks | globalWebhooks=0 | projectWebhooks=0 | status=SUCCESS | time=4ms
2020.05.26 13:52:51 INFO  ce[AXJQ0mjr3AlaujWLT5oe][o.s.c.t.CeWorkerImpl] Executed task | project=Django | type=REPORT | id=AXJQ0mjr3AlaujWLT5oe | status=SUCCESS | time=103930ms
2020.05.26 14:07:26 INFO  ce[][o.s.c.t.CeWorkerImpl] Execute task | project=Django2 | type=REPORT | id=AXJQ4Vvc3AlaujWLT5ol
2020.05.26 14:07:29 INFO  ce[AXJQ4Vvc3AlaujWLT5ol][o.s.c.t.s.ComputationStepExecutor] Extract report | status=SUCCESS | time=3163ms
2020.05.26 14:07:29 INFO  ce[AXJQ4Vvc3AlaujWLT5ol][o.s.c.t.s.ComputationStepExecutor] Persist scanner context | status=SUCCESS | time=9ms
2020.05.26 14:07:29 INFO  ce[AXJQ4Vvc3AlaujWLT5ol][o.s.c.t.s.ComputationStepExecutor] Propagate analysis warnings from scanner report | status=SUCCESS | time=6ms
2020.05.26 14:07:29 INFO  ce[AXJQ4Vvc3AlaujWLT5ol][o.s.c.t.s.ComputationStepExecutor] Execute DB migrations for current project | status=SUCCESS | time=4ms
2020.05.26 14:07:29 INFO  ce[AXJQ4Vvc3AlaujWLT5ol][o.s.c.t.s.ComputationStepExecutor] Generate analysis UUID | status=SUCCESS | time=0ms
2020.05.26 14:07:29 INFO  ce[AXJQ4Vvc3AlaujWLT5ol][o.s.c.t.s.ComputationStepExecutor] Load analysis metadata | status=SUCCESS | time=8ms
2020.05.26 14:07:29 INFO  ce[AXJQ4Vvc3AlaujWLT5ol][o.s.c.t.s.ComputationStepExecutor] Initialize | status=SUCCESS | time=0ms
2020.05.26 14:07:29 INFO  ce[AXJQ4Vvc3AlaujWLT5ol][o.s.c.t.s.ComputationStepExecutor] Verify billing | status=SUCCESS | time=0ms
2020.05.26 14:07:29 INFO  ce[AXJQ4Vvc3AlaujWLT5ol][o.s.c.t.s.ComputationStepExecutor] Build tree of components | components=655 | status=SUCCESS | time=163ms
2020.05.26 14:07:29 INFO  ce[AXJQ4Vvc3AlaujWLT5ol][o.s.c.t.s.ComputationStepExecutor] Validate project | status=SUCCESS | time=4ms
2020.05.26 14:07:30 INFO  ce[AXJQ4Vvc3AlaujWLT5ol][o.s.c.t.s.ComputationStepExecutor] Load quality profiles | status=SUCCESS | time=859ms
2020.05.26 14:07:30 INFO  ce[AXJQ4Vvc3AlaujWLT5ol][o.s.c.t.s.ComputationStepExecutor] Load Quality gate | status=SUCCESS | time=5ms
2020.05.26 14:07:30 INFO  ce[AXJQ4Vvc3AlaujWLT5ol][o.s.c.t.s.ComputationStepExecutor] Load new code period | status=SUCCESS | time=0ms
2020.05.26 14:07:30 INFO  ce[AXJQ4Vvc3AlaujWLT5ol][o.s.c.t.s.ComputationStepExecutor] Detect file moves | status=SUCCESS | time=0ms
2020.05.26 14:07:30 INFO  ce[AXJQ4Vvc3AlaujWLT5ol][o.s.c.t.s.ComputationStepExecutor] Load duplications | duplications=16 | status=SUCCESS | time=114ms
2020.05.26 14:07:30 INFO  ce[AXJQ4Vvc3AlaujWLT5ol][o.s.c.t.s.ComputationStepExecutor] Compute cross project duplications | status=SUCCESS | time=0ms
2020.05.26 14:07:31 INFO  ce[AXJQ4Vvc3AlaujWLT5ol][o.s.c.t.s.ComputationStepExecutor] Compute size measures | status=SUCCESS | time=131ms
2020.05.26 14:07:31 INFO  ce[AXJQ4Vvc3AlaujWLT5ol][o.s.c.t.s.ComputationStepExecutor] Compute new coverage | status=SUCCESS | time=1ms
2020.05.26 14:07:31 INFO  ce[AXJQ4Vvc3AlaujWLT5ol][o.s.c.t.s.ComputationStepExecutor] Compute coverage measures | status=SUCCESS | time=64ms
2020.05.26 14:07:31 INFO  ce[AXJQ4Vvc3AlaujWLT5ol][o.s.c.t.s.ComputationStepExecutor] Compute comment measures | status=SUCCESS | time=1ms
2020.05.26 14:07:31 INFO  ce[AXJQ4Vvc3AlaujWLT5ol][o.s.c.t.s.ComputationStepExecutor] Copy custom measures | status=SUCCESS | time=1ms
2020.05.26 14:07:31 INFO  ce[AXJQ4Vvc3AlaujWLT5ol][o.s.c.t.s.ComputationStepExecutor] Compute duplication measures | status=SUCCESS | time=1ms
2020.05.26 14:07:31 INFO  ce[AXJQ4Vvc3AlaujWLT5ol][o.s.c.t.s.ComputationStepExecutor] Compute size measures on new code | status=SUCCESS | time=2ms
2020.05.26 14:07:31 INFO  ce[AXJQ4Vvc3AlaujWLT5ol][o.s.c.t.s.ComputationStepExecutor] Compute language distribution | status=SUCCESS | time=2ms
2020.05.26 14:07:31 INFO  ce[AXJQ4Vvc3AlaujWLT5ol][o.s.c.t.s.ComputationStepExecutor] Compute test measures | status=SUCCESS | time=1ms
2020.05.26 14:07:31 INFO  ce[AXJQ4Vvc3AlaujWLT5ol][o.s.c.t.s.ComputationStepExecutor] Compute complexity measures | status=SUCCESS | time=3ms
2020.05.26 14:07:31 INFO  ce[AXJQ4Vvc3AlaujWLT5ol][o.s.c.t.s.ComputationStepExecutor] Load measure computers | status=SUCCESS | time=1ms
2020.05.26 14:07:31 INFO  ce[AXJQ4Vvc3AlaujWLT5ol][o.s.c.t.s.ComputationStepExecutor] Compute Quality Profile status | status=SUCCESS | time=2ms
2020.05.26 14:07:33 INFO  ce[AXJQ4Vvc3AlaujWLT5ol][o.s.c.t.s.ComputationStepExecutor] Execute component visitors | status=SUCCESS | time=2566ms
2020.05.26 14:07:33 INFO  ce[AXJQ4Vvc3AlaujWLT5ol][o.s.c.t.s.ComputationStepExecutor] Checks executed after computation of measures | status=SUCCESS | time=0ms
2020.05.26 14:07:33 INFO  ce[AXJQ4Vvc3AlaujWLT5ol][o.s.c.t.s.ComputationStepExecutor] Compute Quality Gate measures | status=SUCCESS | time=0ms
2020.05.26 14:07:33 INFO  ce[AXJQ4Vvc3AlaujWLT5ol][o.s.c.t.s.ComputationStepExecutor] Compute Quality profile measures | status=SUCCESS | time=1ms
2020.05.26 14:07:33 INFO  ce[AXJQ4Vvc3AlaujWLT5ol][o.s.c.t.s.ComputationStepExecutor] Generate Quality profile events | status=SUCCESS | time=2ms
2020.05.26 14:07:33 INFO  ce[AXJQ4Vvc3AlaujWLT5ol][o.s.c.t.s.ComputationStepExecutor] Generate Quality gate events | status=SUCCESS | time=2ms
2020.05.26 14:07:33 INFO  ce[AXJQ4Vvc3AlaujWLT5ol][o.s.c.t.s.ComputationStepExecutor] Persist components | status=SUCCESS | time=165ms
2020.05.26 14:07:33 INFO  ce[AXJQ4Vvc3AlaujWLT5ol][o.s.c.t.s.ComputationStepExecutor] Persist analysis | status=SUCCESS | time=3ms
2020.05.26 14:07:33 INFO  ce[AXJQ4Vvc3AlaujWLT5ol][o.s.c.t.s.ComputationStepExecutor] Persist analysis properties | status=SUCCESS | time=1ms
2020.05.26 14:07:33 INFO  ce[AXJQ4Vvc3AlaujWLT5ol][o.s.c.t.s.ComputationStepExecutor] Persist measures | inserts=53 | status=SUCCESS | time=9ms
2020.05.26 14:07:36 INFO  ce[AXJQ4Vvc3AlaujWLT5ol][o.s.c.t.s.ComputationStepExecutor] Persist live measures | insertsOrUpdates=13265 | status=SUCCESS | time=2567ms
2020.05.26 14:07:36 INFO  ce[AXJQ4Vvc3AlaujWLT5ol][o.s.c.t.s.ComputationStepExecutor] Persist duplication data | insertsOrUpdates=0 | status=SUCCESS | time=6ms
2020.05.26 14:07:36 INFO  ce[AXJQ4Vvc3AlaujWLT5ol][o.s.c.t.s.ComputationStepExecutor] Persist new ad hoc Rules | status=SUCCESS | time=0ms
2020.05.26 14:07:36 INFO  ce[AXJQ4Vvc3AlaujWLT5ol][o.s.c.t.s.ComputationStepExecutor] Persist issues | cacheSize=97 KB | inserts=271 | updates=0 | merged=0 | status=SUCCESS | time=60ms
2020.05.26 14:07:36 INFO  ce[AXJQ4Vvc3AlaujWLT5ol][o.s.c.t.s.ComputationStepExecutor] Persist project links | status=SUCCESS | time=2ms
2020.05.26 14:07:36 INFO  ce[AXJQ4Vvc3AlaujWLT5ol][o.s.c.t.s.ComputationStepExecutor] Persist events | status=SUCCESS | time=2ms
2020.05.26 14:07:38 INFO  ce[AXJQ4Vvc3AlaujWLT5ol][o.s.c.t.s.ComputationStepExecutor] Persist sources | status=SUCCESS | time=1837ms
2020.05.26 14:07:38 INFO  ce[AXJQ4Vvc3AlaujWLT5ol][o.s.c.t.s.ComputationStepExecutor] Persist cross project duplications | status=SUCCESS | time=0ms
2020.05.26 14:07:38 INFO  ce[AXJQ4Vvc3AlaujWLT5ol][o.s.c.t.s.ComputationStepExecutor] Enable analysis | status=SUCCESS | time=9ms
2020.05.26 14:07:38 INFO  ce[AXJQ4Vvc3AlaujWLT5ol][o.s.c.t.s.ComputationStepExecutor] Update last usage date of quality profiles | status=SUCCESS | time=28ms
2020.05.26 14:07:38 INFO  ce[AXJQ4Vvc3AlaujWLT5ol][o.s.c.t.s.ComputationStepExecutor] Purge db | status=SUCCESS | time=76ms
2020.05.26 14:07:39 INFO  ce[AXJQ4Vvc3AlaujWLT5ol][o.s.c.t.s.ComputationStepExecutor] Index analysis | status=SUCCESS | time=987ms
2020.05.26 14:07:39 INFO  ce[AXJQ4Vvc3AlaujWLT5ol][o.s.c.t.s.ComputationStepExecutor] Send issue notifications | newIssuesNotifs=0 | newIssuesDeliveries=0 | myNewIssuesNotifs=0 | myNewIssuesDeliveries=0 | changesNotifs=0 | changesDeliveries=0 | status=SUCCESS | time=1ms
2020.05.26 14:07:39 INFO  ce[AXJQ4Vvc3AlaujWLT5ol][o.s.c.t.s.ComputationStepExecutor] Publish task results | status=SUCCESS | time=0ms
2020.05.26 14:07:39 INFO  ce[AXJQ4Vvc3AlaujWLT5ol][o.s.c.t.s.ComputationStepExecutor] Trigger refresh of Portfolios and Applications | status=SUCCESS | time=0ms
2020.05.26 14:07:39 INFO  ce[AXJQ4Vvc3AlaujWLT5ol][o.s.c.t.p.a.p.PostProjectAnalysisTasksExecutor] Webhooks | globalWebhooks=0 | projectWebhooks=0 | status=SUCCESS | time=2ms
2020.05.26 14:07:40 INFO  ce[AXJQ4Vvc3AlaujWLT5ol][o.s.c.t.CeWorkerImpl] Executed task | project=Django2 | type=REPORT | id=AXJQ4Vvc3AlaujWLT5ol | status=SUCCESS | time=13904ms
2020.05.26 14:14:08 INFO  ce[][o.s.c.t.CeWorkerImpl] Execute task | project=Django2 | type=REPORT | id=AXJQ539c3AlaujWLT5om
2020.05.26 14:14:12 INFO  ce[AXJQ539c3AlaujWLT5om][o.s.c.t.s.ComputationStepExecutor] Extract report | status=SUCCESS | time=3387ms
2020.05.26 14:14:12 INFO  ce[AXJQ539c3AlaujWLT5om][o.s.c.t.s.ComputationStepExecutor] Persist scanner context | status=SUCCESS | time=7ms
2020.05.26 14:14:12 INFO  ce[AXJQ539c3AlaujWLT5om][o.s.c.t.s.ComputationStepExecutor] Propagate analysis warnings from scanner report | status=SUCCESS | time=3ms
2020.05.26 14:14:12 INFO  ce[AXJQ539c3AlaujWLT5om][o.s.c.t.s.ComputationStepExecutor] Execute DB migrations for current project | status=SUCCESS | time=4ms
2020.05.26 14:14:12 INFO  ce[AXJQ539c3AlaujWLT5om][o.s.c.t.s.ComputationStepExecutor] Generate analysis UUID | status=SUCCESS | time=0ms
2020.05.26 14:14:12 INFO  ce[AXJQ539c3AlaujWLT5om][o.s.c.t.s.ComputationStepExecutor] Load analysis metadata | status=SUCCESS | time=11ms
2020.05.26 14:14:12 INFO  ce[AXJQ539c3AlaujWLT5om][o.s.c.t.s.ComputationStepExecutor] Initialize | status=SUCCESS | time=0ms
2020.05.26 14:14:12 INFO  ce[AXJQ539c3AlaujWLT5om][o.s.c.t.s.ComputationStepExecutor] Verify billing | status=SUCCESS | time=0ms
2020.05.26 14:14:12 INFO  ce[AXJQ539c3AlaujWLT5om][o.s.c.t.s.ComputationStepExecutor] Build tree of components | components=656 | status=SUCCESS | time=149ms
2020.05.26 14:14:12 INFO  ce[AXJQ539c3AlaujWLT5om][o.s.c.t.s.ComputationStepExecutor] Validate project | status=SUCCESS | time=4ms
2020.05.26 14:14:13 INFO  ce[AXJQ539c3AlaujWLT5om][o.s.c.t.s.ComputationStepExecutor] Load quality profiles | status=SUCCESS | time=1074ms
2020.05.26 14:14:13 INFO  ce[AXJQ539c3AlaujWLT5om][o.s.c.t.s.ComputationStepExecutor] Load Quality gate | status=SUCCESS | time=48ms
2020.05.26 14:14:13 INFO  ce[AXJQ539c3AlaujWLT5om][o.s.c.t.s.ComputationStepExecutor] Load new code period | status=SUCCESS | time=7ms
2020.05.26 14:14:13 INFO  ce[AXJQ539c3AlaujWLT5om][o.s.c.t.s.ComputationStepExecutor] Detect file moves | reportFiles=531 | dbFiles=530 | addedFiles=1 | status=SUCCESS | time=24ms
2020.05.26 14:14:13 INFO  ce[AXJQ539c3AlaujWLT5om][o.s.c.t.s.ComputationStepExecutor] Load duplications | duplications=16 | status=SUCCESS | time=113ms
2020.05.26 14:14:13 INFO  ce[AXJQ539c3AlaujWLT5om][o.s.c.t.s.ComputationStepExecutor] Compute cross project duplications | status=SUCCESS | time=0ms
2020.05.26 14:14:13 INFO  ce[AXJQ539c3AlaujWLT5om][o.s.c.t.s.ComputationStepExecutor] Compute size measures | status=SUCCESS | time=137ms
2020.05.26 14:14:15 INFO  ce[AXJQ539c3AlaujWLT5om][o.s.c.t.s.ComputationStepExecutor] Compute new coverage | status=SUCCESS | time=2106ms
2020.05.26 14:14:16 INFO  ce[AXJQ539c3AlaujWLT5om][o.s.c.t.s.ComputationStepExecutor] Compute coverage measures | status=SUCCESS | time=62ms
2020.05.26 14:14:16 INFO  ce[AXJQ539c3AlaujWLT5om][o.s.c.t.s.ComputationStepExecutor] Compute comment measures | status=SUCCESS | time=2ms
2020.05.26 14:14:16 INFO  ce[AXJQ539c3AlaujWLT5om][o.s.c.t.s.ComputationStepExecutor] Copy custom measures | status=SUCCESS | time=2ms
2020.05.26 14:14:16 INFO  ce[AXJQ539c3AlaujWLT5om][o.s.c.t.s.ComputationStepExecutor] Compute duplication measures | status=SUCCESS | time=3ms
2020.05.26 14:14:16 INFO  ce[AXJQ539c3AlaujWLT5om][o.s.c.t.s.ComputationStepExecutor] Compute size measures on new code | status=SUCCESS | time=3ms
2020.05.26 14:14:16 INFO  ce[AXJQ539c3AlaujWLT5om][o.s.c.t.s.ComputationStepExecutor] Compute language distribution | status=SUCCESS | time=2ms
2020.05.26 14:14:16 INFO  ce[AXJQ539c3AlaujWLT5om][o.s.c.t.s.ComputationStepExecutor] Compute test measures | status=SUCCESS | time=2ms
2020.05.26 14:14:16 INFO  ce[AXJQ539c3AlaujWLT5om][o.s.c.t.s.ComputationStepExecutor] Compute complexity measures | status=SUCCESS | time=4ms
2020.05.26 14:14:16 INFO  ce[AXJQ539c3AlaujWLT5om][o.s.c.t.s.ComputationStepExecutor] Load measure computers | status=SUCCESS | time=0ms
2020.05.26 14:14:16 INFO  ce[AXJQ539c3AlaujWLT5om][o.s.c.t.s.ComputationStepExecutor] Compute Quality Profile status | status=SUCCESS | time=4ms
2020.05.26 14:14:17 INFO  ce[AXJQ539c3AlaujWLT5om][o.s.c.t.s.ComputationStepExecutor] Execute component visitors | status=SUCCESS | time=1689ms
2020.05.26 14:14:17 INFO  ce[AXJQ539c3AlaujWLT5om][o.s.c.t.s.ComputationStepExecutor] Checks executed after computation of measures | status=SUCCESS | time=0ms
2020.05.26 14:14:17 INFO  ce[AXJQ539c3AlaujWLT5om][o.s.c.t.s.ComputationStepExecutor] Compute Quality Gate measures | status=SUCCESS | time=0ms
2020.05.26 14:14:17 INFO  ce[AXJQ539c3AlaujWLT5om][o.s.c.t.s.ComputationStepExecutor] Compute Quality profile measures | status=SUCCESS | time=0ms
2020.05.26 14:14:17 INFO  ce[AXJQ539c3AlaujWLT5om][o.s.c.t.s.ComputationStepExecutor] Generate Quality profile events | status=SUCCESS | time=3ms
2020.05.26 14:14:17 INFO  ce[AXJQ539c3AlaujWLT5om][o.s.c.t.s.ComputationStepExecutor] Generate Quality gate events | status=SUCCESS | time=2ms
2020.05.26 14:14:17 INFO  ce[AXJQ539c3AlaujWLT5om][o.s.c.t.s.ComputationStepExecutor] Persist components | status=SUCCESS | time=39ms
2020.05.26 14:14:17 INFO  ce[AXJQ539c3AlaujWLT5om][o.s.c.t.s.ComputationStepExecutor] Persist analysis | status=SUCCESS | time=2ms
2020.05.26 14:14:17 INFO  ce[AXJQ539c3AlaujWLT5om][o.s.c.t.s.ComputationStepExecutor] Persist analysis properties | status=SUCCESS | time=1ms
2020.05.26 14:14:17 INFO  ce[AXJQ539c3AlaujWLT5om][o.s.c.t.s.ComputationStepExecutor] Persist measures | inserts=55 | status=SUCCESS | time=9ms
2020.05.26 14:14:21 INFO  ce[AXJQ539c3AlaujWLT5om][o.s.c.t.s.ComputationStepExecutor] Persist live measures | insertsOrUpdates=20255 | status=SUCCESS | time=3851ms
2020.05.26 14:14:21 INFO  ce[AXJQ539c3AlaujWLT5om][o.s.c.t.s.ComputationStepExecutor] Persist duplication data | insertsOrUpdates=0 | status=SUCCESS | time=5ms
2020.05.26 14:14:21 INFO  ce[AXJQ539c3AlaujWLT5om][o.s.c.t.s.ComputationStepExecutor] Persist new ad hoc Rules | status=SUCCESS | time=0ms
2020.05.26 14:14:21 INFO  ce[AXJQ539c3AlaujWLT5om][o.s.c.t.s.ComputationStepExecutor] Persist issues | cacheSize=0 bytes | inserts=0 | updates=0 | merged=0 | status=SUCCESS | time=0ms
2020.05.26 14:14:21 INFO  ce[AXJQ539c3AlaujWLT5om][o.s.c.t.s.ComputationStepExecutor] Persist project links | status=SUCCESS | time=4ms
2020.05.26 14:14:21 INFO  ce[AXJQ539c3AlaujWLT5om][o.s.c.t.s.ComputationStepExecutor] Persist events | status=SUCCESS | time=3ms
2020.05.26 14:14:22 INFO  ce[AXJQ539c3AlaujWLT5om][o.s.c.t.s.ComputationStepExecutor] Persist sources | status=SUCCESS | time=944ms
2020.05.26 14:14:22 INFO  ce[AXJQ539c3AlaujWLT5om][o.s.c.t.s.ComputationStepExecutor] Persist cross project duplications | status=SUCCESS | time=0ms
2020.05.26 14:14:22 INFO  ce[AXJQ539c3AlaujWLT5om][o.s.c.t.s.ComputationStepExecutor] Enable analysis | status=SUCCESS | time=3ms
2020.05.26 14:14:22 INFO  ce[AXJQ539c3AlaujWLT5om][o.s.c.t.s.ComputationStepExecutor] Update last usage date of quality profiles | status=SUCCESS | time=8ms
2020.05.26 14:14:22 INFO  ce[AXJQ539c3AlaujWLT5om][o.s.c.t.s.ComputationStepExecutor] Purge db | status=SUCCESS | time=60ms
2020.05.26 14:14:23 INFO  ce[AXJQ539c3AlaujWLT5om][o.s.c.t.s.ComputationStepExecutor] Index analysis | status=SUCCESS | time=859ms
2020.05.26 14:14:23 INFO  ce[AXJQ539c3AlaujWLT5om][o.s.c.t.s.ComputationStepExecutor] Send issue notifications | newIssuesNotifs=0 | newIssuesDeliveries=0 | myNewIssuesNotifs=0 | myNewIssuesDeliveries=0 | changesNotifs=0 | changesDeliveries=0 | status=SUCCESS | time=3ms
2020.05.26 14:14:23 INFO  ce[AXJQ539c3AlaujWLT5om][o.s.c.t.s.ComputationStepExecutor] Publish task results | status=SUCCESS | time=0ms
2020.05.26 14:14:23 INFO  ce[AXJQ539c3AlaujWLT5om][o.s.c.t.s.ComputationStepExecutor] Trigger refresh of Portfolios and Applications | status=SUCCESS | time=0ms
2020.05.26 14:14:23 INFO  ce[AXJQ539c3AlaujWLT5om][o.s.c.t.p.a.p.PostProjectAnalysisTasksExecutor] Webhooks | globalWebhooks=0 | projectWebhooks=0 | status=SUCCESS | time=3ms
2020.05.26 14:14:24 INFO  ce[AXJQ539c3AlaujWLT5om][o.s.c.t.CeWorkerImpl] Executed task | project=Django2 | type=REPORT | id=AXJQ539c3AlaujWLT5om | status=SUCCESS | time=15977ms
2020.05.26 14:31:26 INFO  ce[][o.s.c.t.CeWorkerImpl] Execute task | project=Django2 | type=REPORT | id=AXJQ908O3AlaujWLT5on
2020.05.26 14:31:28 INFO  ce[AXJQ908O3AlaujWLT5on][o.s.c.t.s.ComputationStepExecutor] Extract report | status=SUCCESS | time=1903ms
2020.05.26 14:31:28 INFO  ce[AXJQ908O3AlaujWLT5on][o.s.c.t.s.ComputationStepExecutor] Persist scanner context | status=SUCCESS | time=13ms
2020.05.26 14:31:28 INFO  ce[AXJQ908O3AlaujWLT5on][o.s.c.t.s.ComputationStepExecutor] Propagate analysis warnings from scanner report | status=SUCCESS | time=5ms
2020.05.26 14:31:28 INFO  ce[AXJQ908O3AlaujWLT5on][o.s.c.t.s.ComputationStepExecutor] Execute DB migrations for current project | status=SUCCESS | time=4ms
2020.05.26 14:31:28 INFO  ce[AXJQ908O3AlaujWLT5on][o.s.c.t.s.ComputationStepExecutor] Generate analysis UUID | status=SUCCESS | time=0ms
2020.05.26 14:31:28 INFO  ce[AXJQ908O3AlaujWLT5on][o.s.c.t.s.ComputationStepExecutor] Load analysis metadata | status=SUCCESS | time=8ms
2020.05.26 14:31:28 INFO  ce[AXJQ908O3AlaujWLT5on][o.s.c.t.s.ComputationStepExecutor] Initialize | status=SUCCESS | time=0ms
2020.05.26 14:31:28 INFO  ce[AXJQ908O3AlaujWLT5on][o.s.c.t.s.ComputationStepExecutor] Verify billing | status=SUCCESS | time=0ms
2020.05.26 14:31:28 INFO  ce[AXJQ908O3AlaujWLT5on][o.s.c.t.s.ComputationStepExecutor] Build tree of components | components=268 | status=SUCCESS | time=84ms
2020.05.26 14:31:28 INFO  ce[AXJQ908O3AlaujWLT5on][o.s.c.t.s.ComputationStepExecutor] Validate project | status=SUCCESS | time=3ms
2020.05.26 14:31:29 INFO  ce[AXJQ908O3AlaujWLT5on][o.s.c.t.s.ComputationStepExecutor] Load quality profiles | status=SUCCESS | time=963ms
2020.05.26 14:31:29 INFO  ce[AXJQ908O3AlaujWLT5on][o.s.c.t.s.ComputationStepExecutor] Load Quality gate | status=SUCCESS | time=3ms
2020.05.26 14:31:29 INFO  ce[AXJQ908O3AlaujWLT5on][o.s.c.t.s.ComputationStepExecutor] Load new code period | status=SUCCESS | time=5ms
2020.05.26 14:31:32 INFO  ce[AXJQ908O3AlaujWLT5on][o.s.c.t.s.ComputationStepExecutor] Detect file moves | reportFiles=218 | dbFiles=531 | addedFiles=218 | movedFiles=0 | status=SUCCESS | time=2838ms
2020.05.26 14:31:32 INFO  ce[AXJQ908O3AlaujWLT5on][o.s.c.t.s.ComputationStepExecutor] Load duplications | duplications=166 | status=SUCCESS | time=55ms
2020.05.26 14:31:32 INFO  ce[AXJQ908O3AlaujWLT5on][o.s.c.t.s.ComputationStepExecutor] Compute cross project duplications | status=SUCCESS | time=0ms
2020.05.26 14:31:32 INFO  ce[AXJQ908O3AlaujWLT5on][o.s.c.t.s.ComputationStepExecutor] Compute size measures | status=SUCCESS | time=46ms
2020.05.26 14:31:32 INFO  ce[AXJQ908O3AlaujWLT5on][o.s.c.t.s.ComputationStepExecutor] Compute new coverage | status=SUCCESS | time=435ms
2020.05.26 14:31:32 INFO  ce[AXJQ908O3AlaujWLT5on][o.s.c.t.s.ComputationStepExecutor] Compute coverage measures | status=SUCCESS | time=39ms
2020.05.26 14:31:32 INFO  ce[AXJQ908O3AlaujWLT5on][o.s.c.t.s.ComputationStepExecutor] Compute comment measures | status=SUCCESS | time=1ms
2020.05.26 14:31:32 INFO  ce[AXJQ908O3AlaujWLT5on][o.s.c.t.s.ComputationStepExecutor] Copy custom measures | status=SUCCESS | time=1ms
2020.05.26 14:31:32 INFO  ce[AXJQ908O3AlaujWLT5on][o.s.c.t.s.ComputationStepExecutor] Compute duplication measures | status=SUCCESS | time=2ms
2020.05.26 14:31:32 INFO  ce[AXJQ908O3AlaujWLT5on][o.s.c.t.s.ComputationStepExecutor] Compute size measures on new code | status=SUCCESS | time=6ms
2020.05.26 14:31:32 INFO  ce[AXJQ908O3AlaujWLT5on][o.s.c.t.s.ComputationStepExecutor] Compute language distribution | status=SUCCESS | time=1ms
2020.05.26 14:31:32 INFO  ce[AXJQ908O3AlaujWLT5on][o.s.c.t.s.ComputationStepExecutor] Compute test measures | status=SUCCESS | time=0ms
2020.05.26 14:31:32 INFO  ce[AXJQ908O3AlaujWLT5on][o.s.c.t.s.ComputationStepExecutor] Compute complexity measures | status=SUCCESS | time=0ms
2020.05.26 14:31:32 INFO  ce[AXJQ908O3AlaujWLT5on][o.s.c.t.s.ComputationStepExecutor] Load measure computers | status=SUCCESS | time=0ms
2020.05.26 14:31:32 INFO  ce[AXJQ908O3AlaujWLT5on][o.s.c.t.s.ComputationStepExecutor] Compute Quality Profile status | status=SUCCESS | time=3ms
2020.05.26 14:31:34 INFO  ce[AXJQ908O3AlaujWLT5on][o.s.c.t.s.ComputationStepExecutor] Execute component visitors | status=SUCCESS | time=2011ms
2020.05.26 14:31:34 INFO  ce[AXJQ908O3AlaujWLT5on][o.s.c.t.s.ComputationStepExecutor] Checks executed after computation of measures | status=SUCCESS | time=0ms
2020.05.26 14:31:34 INFO  ce[AXJQ908O3AlaujWLT5on][o.s.c.t.s.ComputationStepExecutor] Compute Quality Gate measures | status=SUCCESS | time=11ms
2020.05.26 14:31:34 INFO  ce[AXJQ908O3AlaujWLT5on][o.s.c.t.s.ComputationStepExecutor] Compute Quality profile measures | status=SUCCESS | time=0ms
2020.05.26 14:31:34 INFO  ce[AXJQ908O3AlaujWLT5on][o.s.c.t.s.ComputationStepExecutor] Generate Quality profile events | status=SUCCESS | time=3ms
2020.05.26 14:31:34 INFO  ce[AXJQ908O3AlaujWLT5on][o.s.c.t.s.ComputationStepExecutor] Generate Quality gate events | status=SUCCESS | time=6ms
2020.05.26 14:31:35 INFO  ce[AXJQ908O3AlaujWLT5on][o.s.c.t.s.ComputationStepExecutor] Persist components | status=SUCCESS | time=347ms
2020.05.26 14:31:35 INFO  ce[AXJQ908O3AlaujWLT5on][o.s.c.t.s.ComputationStepExecutor] Persist analysis | status=SUCCESS | time=3ms
2020.05.26 14:31:35 INFO  ce[AXJQ908O3AlaujWLT5on][o.s.c.t.s.ComputationStepExecutor] Persist analysis properties | status=SUCCESS | time=1ms
2020.05.26 14:31:35 INFO  ce[AXJQ908O3AlaujWLT5on][o.s.c.t.s.ComputationStepExecutor] Persist measures | inserts=52 | status=SUCCESS | time=9ms
2020.05.26 14:31:37 INFO  ce[AXJQ908O3AlaujWLT5on][o.s.c.t.s.ComputationStepExecutor] Persist live measures | insertsOrUpdates=11726 | status=SUCCESS | time=2183ms
2020.05.26 14:31:37 INFO  ce[AXJQ908O3AlaujWLT5on][o.s.c.t.s.ComputationStepExecutor] Persist duplication data | insertsOrUpdates=0 | status=SUCCESS | time=50ms
2020.05.26 14:31:37 INFO  ce[AXJQ908O3AlaujWLT5on][o.s.c.t.s.ComputationStepExecutor] Persist new ad hoc Rules | status=SUCCESS | time=0ms
2020.05.26 14:31:37 INFO  ce[AXJQ908O3AlaujWLT5on][o.s.c.t.s.ComputationStepExecutor] Persist issues | cacheSize=428 KB | inserts=579 | updates=271 | merged=0 | status=SUCCESS | time=382ms
2020.05.26 14:31:37 INFO  ce[AXJQ908O3AlaujWLT5on][o.s.c.t.s.ComputationStepExecutor] Persist project links | status=SUCCESS | time=2ms
2020.05.26 14:31:37 INFO  ce[AXJQ908O3AlaujWLT5on][o.s.c.t.s.ComputationStepExecutor] Persist events | status=SUCCESS | time=3ms
2020.05.26 14:31:39 INFO  ce[AXJQ908O3AlaujWLT5on][o.s.c.t.s.ComputationStepExecutor] Persist sources | status=SUCCESS | time=1927ms
2020.05.26 14:31:39 INFO  ce[AXJQ908O3AlaujWLT5on][o.s.c.t.s.ComputationStepExecutor] Persist cross project duplications | status=SUCCESS | time=0ms
2020.05.26 14:31:39 INFO  ce[AXJQ908O3AlaujWLT5on][o.s.c.t.s.ComputationStepExecutor] Enable analysis | status=SUCCESS | time=121ms
2020.05.26 14:31:39 INFO  ce[AXJQ908O3AlaujWLT5on][o.s.c.t.s.ComputationStepExecutor] Update last usage date of quality profiles | status=SUCCESS | time=5ms
2020.05.26 14:31:42 INFO  ce[AXJQ908O3AlaujWLT5on][o.s.c.t.s.ComputationStepExecutor] Purge db | status=SUCCESS | time=2708ms
2020.05.26 14:31:44 INFO  ce[AXJQ908O3AlaujWLT5on][o.s.c.t.s.ComputationStepExecutor] Index analysis | status=SUCCESS | time=1584ms
2020.05.26 14:31:44 INFO  ce[AXJQ908O3AlaujWLT5on][o.s.c.t.s.ComputationStepExecutor] Send issue notifications | newIssuesNotifs=0 | newIssuesDeliveries=0 | myNewIssuesNotifs=0 | myNewIssuesDeliveries=0 | changesNotifs=0 | changesDeliveries=0 | status=SUCCESS | time=4ms
2020.05.26 14:31:44 INFO  ce[AXJQ908O3AlaujWLT5on][o.s.c.t.s.ComputationStepExecutor] Publish task results | status=SUCCESS | time=0ms
2020.05.26 14:31:44 INFO  ce[AXJQ908O3AlaujWLT5on][o.s.c.t.s.ComputationStepExecutor] Trigger refresh of Portfolios and Applications | status=SUCCESS | time=0ms
2020.05.26 14:31:44 INFO  ce[AXJQ908O3AlaujWLT5on][o.s.c.t.p.a.p.PostProjectAnalysisTasksExecutor] Webhooks | globalWebhooks=0 | projectWebhooks=0 | status=SUCCESS | time=16ms
2020.05.26 14:31:45 INFO  ce[AXJQ908O3AlaujWLT5on][o.s.c.t.CeWorkerImpl] Executed task | project=Django2 | type=REPORT | id=AXJQ908O3AlaujWLT5on | status=SUCCESS | time=18960ms
2020.05.26 14:33:13 INFO  ce[][o.s.c.t.CeWorkerImpl] Execute task | project=Django3 | type=REPORT | id=AXJQ-PZy3AlaujWLT5ou
2020.05.26 14:33:16 INFO  ce[AXJQ-PZy3AlaujWLT5ou][o.s.c.t.s.ComputationStepExecutor] Extract report | status=SUCCESS | time=2304ms
2020.05.26 14:33:16 INFO  ce[AXJQ-PZy3AlaujWLT5ou][o.s.c.t.s.ComputationStepExecutor] Persist scanner context | status=SUCCESS | time=8ms
2020.05.26 14:33:16 INFO  ce[AXJQ-PZy3AlaujWLT5ou][o.s.c.t.s.ComputationStepExecutor] Propagate analysis warnings from scanner report | status=SUCCESS | time=4ms
2020.05.26 14:33:16 INFO  ce[AXJQ-PZy3AlaujWLT5ou][o.s.c.t.s.ComputationStepExecutor] Execute DB migrations for current project | status=SUCCESS | time=5ms
2020.05.26 14:33:16 INFO  ce[AXJQ-PZy3AlaujWLT5ou][o.s.c.t.s.ComputationStepExecutor] Generate analysis UUID | status=SUCCESS | time=0ms
2020.05.26 14:33:16 INFO  ce[AXJQ-PZy3AlaujWLT5ou][o.s.c.t.s.ComputationStepExecutor] Load analysis metadata | status=SUCCESS | time=63ms
2020.05.26 14:33:16 INFO  ce[AXJQ-PZy3AlaujWLT5ou][o.s.c.t.s.ComputationStepExecutor] Initialize | status=SUCCESS | time=0ms
2020.05.26 14:33:16 INFO  ce[AXJQ-PZy3AlaujWLT5ou][o.s.c.t.s.ComputationStepExecutor] Verify billing | status=SUCCESS | time=0ms
2020.05.26 14:33:16 INFO  ce[AXJQ-PZy3AlaujWLT5ou][o.s.c.t.s.ComputationStepExecutor] Build tree of components | components=268 | status=SUCCESS | time=216ms
2020.05.26 14:33:16 INFO  ce[AXJQ-PZy3AlaujWLT5ou][o.s.c.t.s.ComputationStepExecutor] Validate project | status=SUCCESS | time=26ms
2020.05.26 14:33:17 INFO  ce[AXJQ-PZy3AlaujWLT5ou][o.s.c.t.s.ComputationStepExecutor] Load quality profiles | status=SUCCESS | time=884ms
2020.05.26 14:33:17 INFO  ce[AXJQ-PZy3AlaujWLT5ou][o.s.c.t.s.ComputationStepExecutor] Load Quality gate | status=SUCCESS | time=4ms
2020.05.26 14:33:17 INFO  ce[AXJQ-PZy3AlaujWLT5ou][o.s.c.t.s.ComputationStepExecutor] Load new code period | status=SUCCESS | time=0ms
2020.05.26 14:33:17 INFO  ce[AXJQ-PZy3AlaujWLT5ou][o.s.c.t.s.ComputationStepExecutor] Detect file moves | status=SUCCESS | time=0ms
2020.05.26 14:33:17 INFO  ce[AXJQ-PZy3AlaujWLT5ou][o.s.c.t.s.ComputationStepExecutor] Load duplications | duplications=166 | status=SUCCESS | time=111ms
2020.05.26 14:33:17 INFO  ce[AXJQ-PZy3AlaujWLT5ou][o.s.c.t.s.ComputationStepExecutor] Compute cross project duplications | status=SUCCESS | time=0ms
2020.05.26 14:33:17 INFO  ce[AXJQ-PZy3AlaujWLT5ou][o.s.c.t.s.ComputationStepExecutor] Compute size measures | status=SUCCESS | time=105ms
2020.05.26 14:33:17 INFO  ce[AXJQ-PZy3AlaujWLT5ou][o.s.c.t.s.ComputationStepExecutor] Compute new coverage | status=SUCCESS | time=0ms
2020.05.26 14:33:17 INFO  ce[AXJQ-PZy3AlaujWLT5ou][o.s.c.t.s.ComputationStepExecutor] Compute coverage measures | status=SUCCESS | time=43ms
2020.05.26 14:33:17 INFO  ce[AXJQ-PZy3AlaujWLT5ou][o.s.c.t.s.ComputationStepExecutor] Compute comment measures | status=SUCCESS | time=1ms
2020.05.26 14:33:17 INFO  ce[AXJQ-PZy3AlaujWLT5ou][o.s.c.t.s.ComputationStepExecutor] Copy custom measures | status=SUCCESS | time=2ms
2020.05.26 14:33:17 INFO  ce[AXJQ-PZy3AlaujWLT5ou][o.s.c.t.s.ComputationStepExecutor] Compute duplication measures | status=SUCCESS | time=2ms
2020.05.26 14:33:17 INFO  ce[AXJQ-PZy3AlaujWLT5ou][o.s.c.t.s.ComputationStepExecutor] Compute size measures on new code | status=SUCCESS | time=1ms
2020.05.26 14:33:17 INFO  ce[AXJQ-PZy3AlaujWLT5ou][o.s.c.t.s.ComputationStepExecutor] Compute language distribution | status=SUCCESS | time=1ms
2020.05.26 14:33:17 INFO  ce[AXJQ-PZy3AlaujWLT5ou][o.s.c.t.s.ComputationStepExecutor] Compute test measures | status=SUCCESS | time=0ms
2020.05.26 14:33:17 INFO  ce[AXJQ-PZy3AlaujWLT5ou][o.s.c.t.s.ComputationStepExecutor] Compute complexity measures | status=SUCCESS | time=1ms
2020.05.26 14:33:17 INFO  ce[AXJQ-PZy3AlaujWLT5ou][o.s.c.t.s.ComputationStepExecutor] Load measure computers | status=SUCCESS | time=0ms
2020.05.26 14:33:17 INFO  ce[AXJQ-PZy3AlaujWLT5ou][o.s.c.t.s.ComputationStepExecutor] Compute Quality Profile status | status=SUCCESS | time=2ms
2020.05.26 14:33:19 INFO  ce[AXJQ-PZy3AlaujWLT5ou][o.s.c.t.s.ComputationStepExecutor] Execute component visitors | status=SUCCESS | time=1980ms
2020.05.26 14:33:19 INFO  ce[AXJQ-PZy3AlaujWLT5ou][o.s.c.t.s.ComputationStepExecutor] Checks executed after computation of measures | status=SUCCESS | time=0ms
2020.05.26 14:33:19 INFO  ce[AXJQ-PZy3AlaujWLT5ou][o.s.c.t.s.ComputationStepExecutor] Compute Quality Gate measures | status=SUCCESS | time=0ms
2020.05.26 14:33:19 INFO  ce[AXJQ-PZy3AlaujWLT5ou][o.s.c.t.s.ComputationStepExecutor] Compute Quality profile measures | status=SUCCESS | time=1ms
2020.05.26 14:33:19 INFO  ce[AXJQ-PZy3AlaujWLT5ou][o.s.c.t.s.ComputationStepExecutor] Generate Quality profile events | status=SUCCESS | time=2ms
2020.05.26 14:33:19 INFO  ce[AXJQ-PZy3AlaujWLT5ou][o.s.c.t.s.ComputationStepExecutor] Generate Quality gate events | status=SUCCESS | time=1ms
2020.05.26 14:33:19 INFO  ce[AXJQ-PZy3AlaujWLT5ou][o.s.c.t.s.ComputationStepExecutor] Persist components | status=SUCCESS | time=141ms
2020.05.26 14:33:19 INFO  ce[AXJQ-PZy3AlaujWLT5ou][o.s.c.t.s.ComputationStepExecutor] Persist analysis | status=SUCCESS | time=5ms
2020.05.26 14:33:19 INFO  ce[AXJQ-PZy3AlaujWLT5ou][o.s.c.t.s.ComputationStepExecutor] Persist analysis properties | status=SUCCESS | time=0ms
2020.05.26 14:33:19 INFO  ce[AXJQ-PZy3AlaujWLT5ou][o.s.c.t.s.ComputationStepExecutor] Persist measures | inserts=50 | status=SUCCESS | time=12ms
2020.05.26 14:33:21 INFO  ce[AXJQ-PZy3AlaujWLT5ou][o.s.c.t.s.ComputationStepExecutor] Persist live measures | insertsOrUpdates=7371 | status=SUCCESS | time=1223ms
2020.05.26 14:33:21 INFO  ce[AXJQ-PZy3AlaujWLT5ou][o.s.c.t.s.ComputationStepExecutor] Persist duplication data | insertsOrUpdates=0 | status=SUCCESS | time=37ms
2020.05.26 14:33:21 INFO  ce[AXJQ-PZy3AlaujWLT5ou][o.s.c.t.s.ComputationStepExecutor] Persist new ad hoc Rules | status=SUCCESS | time=0ms
2020.05.26 14:33:21 INFO  ce[AXJQ-PZy3AlaujWLT5ou][o.s.c.t.s.ComputationStepExecutor] Persist issues | cacheSize=236 KB | inserts=579 | updates=0 | merged=0 | status=SUCCESS | time=173ms
2020.05.26 14:33:21 INFO  ce[AXJQ-PZy3AlaujWLT5ou][o.s.c.t.s.ComputationStepExecutor] Persist project links | status=SUCCESS | time=2ms
2020.05.26 14:33:21 INFO  ce[AXJQ-PZy3AlaujWLT5ou][o.s.c.t.s.ComputationStepExecutor] Persist events | status=SUCCESS | time=2ms
2020.05.26 14:33:22 INFO  ce[AXJQ-PZy3AlaujWLT5ou][o.s.c.t.s.ComputationStepExecutor] Persist sources | status=SUCCESS | time=1459ms
2020.05.26 14:33:22 INFO  ce[AXJQ-PZy3AlaujWLT5ou][o.s.c.t.s.ComputationStepExecutor] Persist cross project duplications | status=SUCCESS | time=0ms
2020.05.26 14:33:22 INFO  ce[AXJQ-PZy3AlaujWLT5ou][o.s.c.t.s.ComputationStepExecutor] Enable analysis | status=SUCCESS | time=3ms
2020.05.26 14:33:22 INFO  ce[AXJQ-PZy3AlaujWLT5ou][o.s.c.t.s.ComputationStepExecutor] Update last usage date of quality profiles | status=SUCCESS | time=5ms
2020.05.26 14:33:22 INFO  ce[AXJQ-PZy3AlaujWLT5ou][o.s.c.t.s.ComputationStepExecutor] Purge db | status=SUCCESS | time=59ms
2020.05.26 14:33:23 INFO  ce[AXJQ-PZy3AlaujWLT5ou][o.s.c.t.s.ComputationStepExecutor] Index analysis | status=SUCCESS | time=709ms
2020.05.26 14:33:23 INFO  ce[AXJQ-PZy3AlaujWLT5ou][o.s.c.t.s.ComputationStepExecutor] Send issue notifications | newIssuesNotifs=0 | newIssuesDeliveries=0 | myNewIssuesNotifs=0 | myNewIssuesDeliveries=0 | changesNotifs=0 | changesDeliveries=0 | status=SUCCESS | time=2ms
2020.05.26 14:33:23 INFO  ce[AXJQ-PZy3AlaujWLT5ou][o.s.c.t.s.ComputationStepExecutor] Publish task results | status=SUCCESS | time=0ms
2020.05.26 14:33:23 INFO  ce[AXJQ-PZy3AlaujWLT5ou][o.s.c.t.s.ComputationStepExecutor] Trigger refresh of Portfolios and Applications | status=SUCCESS | time=0ms
2020.05.26 14:33:23 INFO  ce[AXJQ-PZy3AlaujWLT5ou][o.s.c.t.p.a.p.PostProjectAnalysisTasksExecutor] Webhooks | globalWebhooks=0 | projectWebhooks=0 | status=SUCCESS | time=2ms
2020.05.26 14:33:24 INFO  ce[AXJQ-PZy3AlaujWLT5ou][o.s.c.t.CeWorkerImpl] Executed task | project=Django3 | type=REPORT | id=AXJQ-PZy3AlaujWLT5ou | status=SUCCESS | time=10387ms
2020.05.26 14:41:03 INFO  ce[][o.s.c.t.CeWorkerImpl] Execute task | project=Django3 | type=REPORT | id=AXJRAB9y3AlaujWLT5ov
2020.05.26 14:41:06 INFO  ce[AXJRAB9y3AlaujWLT5ov][o.s.c.t.s.ComputationStepExecutor] Extract report | status=SUCCESS | time=2956ms
2020.05.26 14:41:06 INFO  ce[AXJRAB9y3AlaujWLT5ov][o.s.c.t.s.ComputationStepExecutor] Persist scanner context | status=SUCCESS | time=4ms
2020.05.26 14:41:06 INFO  ce[AXJRAB9y3AlaujWLT5ov][o.s.c.t.s.ComputationStepExecutor] Propagate analysis warnings from scanner report | status=SUCCESS | time=3ms
2020.05.26 14:41:06 INFO  ce[AXJRAB9y3AlaujWLT5ov][o.s.c.t.s.ComputationStepExecutor] Execute DB migrations for current project | status=SUCCESS | time=4ms
2020.05.26 14:41:06 INFO  ce[AXJRAB9y3AlaujWLT5ov][o.s.c.t.s.ComputationStepExecutor] Generate analysis UUID | status=SUCCESS | time=0ms
2020.05.26 14:41:06 INFO  ce[AXJRAB9y3AlaujWLT5ov][o.s.c.t.s.ComputationStepExecutor] Load analysis metadata | status=SUCCESS | time=19ms
2020.05.26 14:41:06 INFO  ce[AXJRAB9y3AlaujWLT5ov][o.s.c.t.s.ComputationStepExecutor] Initialize | status=SUCCESS | time=0ms
2020.05.26 14:41:06 INFO  ce[AXJRAB9y3AlaujWLT5ov][o.s.c.t.s.ComputationStepExecutor] Verify billing | status=SUCCESS | time=0ms
2020.05.26 14:41:06 INFO  ce[AXJRAB9y3AlaujWLT5ov][o.s.c.t.s.ComputationStepExecutor] Build tree of components | components=268 | status=SUCCESS | time=123ms
2020.05.26 14:41:06 INFO  ce[AXJRAB9y3AlaujWLT5ov][o.s.c.t.s.ComputationStepExecutor] Validate project | status=SUCCESS | time=2ms
2020.05.26 14:41:07 INFO  ce[AXJRAB9y3AlaujWLT5ov][o.s.c.t.s.ComputationStepExecutor] Load quality profiles | status=SUCCESS | time=866ms
2020.05.26 14:41:07 INFO  ce[AXJRAB9y3AlaujWLT5ov][o.s.c.t.s.ComputationStepExecutor] Load Quality gate | status=SUCCESS | time=6ms
2020.05.26 14:41:07 INFO  ce[AXJRAB9y3AlaujWLT5ov][o.s.c.t.s.ComputationStepExecutor] Load new code period | status=SUCCESS | time=4ms
2020.05.26 14:41:07 INFO  ce[AXJRAB9y3AlaujWLT5ov][o.s.c.t.s.ComputationStepExecutor] Detect file moves | reportFiles=218 | dbFiles=218 | addedFiles=0 | status=SUCCESS | time=5ms
2020.05.26 14:41:07 INFO  ce[AXJRAB9y3AlaujWLT5ov][o.s.c.t.s.ComputationStepExecutor] Load duplications | duplications=166 | status=SUCCESS | time=62ms
2020.05.26 14:41:07 INFO  ce[AXJRAB9y3AlaujWLT5ov][o.s.c.t.s.ComputationStepExecutor] Compute cross project duplications | status=SUCCESS | time=0ms
2020.05.26 14:41:07 INFO  ce[AXJRAB9y3AlaujWLT5ov][o.s.c.t.s.ComputationStepExecutor] Compute size measures | status=SUCCESS | time=93ms
2020.05.26 14:41:08 INFO  ce[AXJRAB9y3AlaujWLT5ov][o.s.c.t.s.ComputationStepExecutor] Compute new coverage | status=SUCCESS | time=1097ms
2020.05.26 14:41:08 INFO  ce[AXJRAB9y3AlaujWLT5ov][o.s.c.t.s.ComputationStepExecutor] Compute coverage measures | status=SUCCESS | time=94ms
2020.05.26 14:41:08 INFO  ce[AXJRAB9y3AlaujWLT5ov][o.s.c.t.s.ComputationStepExecutor] Compute comment measures | status=SUCCESS | time=2ms
2020.05.26 14:41:08 INFO  ce[AXJRAB9y3AlaujWLT5ov][o.s.c.t.s.ComputationStepExecutor] Copy custom measures | status=SUCCESS | time=3ms
2020.05.26 14:41:08 INFO  ce[AXJRAB9y3AlaujWLT5ov][o.s.c.t.s.ComputationStepExecutor] Compute duplication measures | status=SUCCESS | time=3ms
2020.05.26 14:41:08 INFO  ce[AXJRAB9y3AlaujWLT5ov][o.s.c.t.s.ComputationStepExecutor] Compute size measures on new code | status=SUCCESS | time=4ms
2020.05.26 14:41:08 INFO  ce[AXJRAB9y3AlaujWLT5ov][o.s.c.t.s.ComputationStepExecutor] Compute language distribution | status=SUCCESS | time=2ms
2020.05.26 14:41:08 INFO  ce[AXJRAB9y3AlaujWLT5ov][o.s.c.t.s.ComputationStepExecutor] Compute test measures | status=SUCCESS | time=1ms
2020.05.26 14:41:08 INFO  ce[AXJRAB9y3AlaujWLT5ov][o.s.c.t.s.ComputationStepExecutor] Compute complexity measures | status=SUCCESS | time=1ms
2020.05.26 14:41:08 INFO  ce[AXJRAB9y3AlaujWLT5ov][o.s.c.t.s.ComputationStepExecutor] Load measure computers | status=SUCCESS | time=0ms
2020.05.26 14:41:08 INFO  ce[AXJRAB9y3AlaujWLT5ov][o.s.c.t.s.ComputationStepExecutor] Compute Quality Profile status | status=SUCCESS | time=3ms
2020.05.26 14:41:10 INFO  ce[AXJRAB9y3AlaujWLT5ov][o.s.c.t.s.ComputationStepExecutor] Execute component visitors | status=SUCCESS | time=1459ms
2020.05.26 14:41:10 INFO  ce[AXJRAB9y3AlaujWLT5ov][o.s.c.t.s.ComputationStepExecutor] Checks executed after computation of measures | status=SUCCESS | time=0ms
2020.05.26 14:41:10 INFO  ce[AXJRAB9y3AlaujWLT5ov][o.s.c.t.s.ComputationStepExecutor] Compute Quality Gate measures | status=SUCCESS | time=1ms
2020.05.26 14:41:10 INFO  ce[AXJRAB9y3AlaujWLT5ov][o.s.c.t.s.ComputationStepExecutor] Compute Quality profile measures | status=SUCCESS | time=1ms
2020.05.26 14:41:10 INFO  ce[AXJRAB9y3AlaujWLT5ov][o.s.c.t.s.ComputationStepExecutor] Generate Quality profile events | status=SUCCESS | time=3ms
2020.05.26 14:41:10 INFO  ce[AXJRAB9y3AlaujWLT5ov][o.s.c.t.s.ComputationStepExecutor] Generate Quality gate events | status=SUCCESS | time=2ms
2020.05.26 14:41:10 INFO  ce[AXJRAB9y3AlaujWLT5ov][o.s.c.t.s.ComputationStepExecutor] Persist components | status=SUCCESS | time=17ms
2020.05.26 14:41:10 INFO  ce[AXJRAB9y3AlaujWLT5ov][o.s.c.t.s.ComputationStepExecutor] Persist analysis | status=SUCCESS | time=1ms
2020.05.26 14:41:10 INFO  ce[AXJRAB9y3AlaujWLT5ov][o.s.c.t.s.ComputationStepExecutor] Persist analysis properties | status=SUCCESS | time=1ms
2020.05.26 14:41:10 INFO  ce[AXJRAB9y3AlaujWLT5ov][o.s.c.t.s.ComputationStepExecutor] Persist measures | inserts=52 | status=SUCCESS | time=7ms
2020.05.26 14:41:12 INFO  ce[AXJRAB9y3AlaujWLT5ov][o.s.c.t.s.ComputationStepExecutor] Persist live measures | insertsOrUpdates=10204 | status=SUCCESS | time=1999ms
2020.05.26 14:41:12 INFO  ce[AXJRAB9y3AlaujWLT5ov][o.s.c.t.s.ComputationStepExecutor] Persist duplication data | insertsOrUpdates=0 | status=SUCCESS | time=46ms
2020.05.26 14:41:12 INFO  ce[AXJRAB9y3AlaujWLT5ov][o.s.c.t.s.ComputationStepExecutor] Persist new ad hoc Rules | status=SUCCESS | time=0ms
2020.05.26 14:41:12 INFO  ce[AXJRAB9y3AlaujWLT5ov][o.s.c.t.s.ComputationStepExecutor] Persist issues | cacheSize=0 bytes | inserts=0 | updates=0 | merged=0 | status=SUCCESS | time=0ms
2020.05.26 14:41:12 INFO  ce[AXJRAB9y3AlaujWLT5ov][o.s.c.t.s.ComputationStepExecutor] Persist project links | status=SUCCESS | time=3ms
2020.05.26 14:41:12 INFO  ce[AXJRAB9y3AlaujWLT5ov][o.s.c.t.s.ComputationStepExecutor] Persist events | status=SUCCESS | time=3ms
2020.05.26 14:41:13 INFO  ce[AXJRAB9y3AlaujWLT5ov][o.s.c.t.s.ComputationStepExecutor] Persist sources | status=SUCCESS | time=1280ms
2020.05.26 14:41:13 INFO  ce[AXJRAB9y3AlaujWLT5ov][o.s.c.t.s.ComputationStepExecutor] Persist cross project duplications | status=SUCCESS | time=0ms
2020.05.26 14:41:13 INFO  ce[AXJRAB9y3AlaujWLT5ov][o.s.c.t.s.ComputationStepExecutor] Enable analysis | status=SUCCESS | time=3ms
2020.05.26 14:41:13 INFO  ce[AXJRAB9y3AlaujWLT5ov][o.s.c.t.s.ComputationStepExecutor] Update last usage date of quality profiles | status=SUCCESS | time=6ms
2020.05.26 14:41:13 INFO  ce[AXJRAB9y3AlaujWLT5ov][o.s.c.t.s.ComputationStepExecutor] Purge db | status=SUCCESS | time=106ms
2020.05.26 14:41:14 INFO  ce[AXJRAB9y3AlaujWLT5ov][o.s.c.t.s.ComputationStepExecutor] Index analysis | status=SUCCESS | time=619ms
2020.05.26 14:41:14 INFO  ce[AXJRAB9y3AlaujWLT5ov][o.s.c.t.s.ComputationStepExecutor] Send issue notifications | newIssuesNotifs=0 | newIssuesDeliveries=0 | myNewIssuesNotifs=0 | myNewIssuesDeliveries=0 | changesNotifs=0 | changesDeliveries=0 | status=SUCCESS | time=1ms
2020.05.26 14:41:14 INFO  ce[AXJRAB9y3AlaujWLT5ov][o.s.c.t.s.ComputationStepExecutor] Publish task results | status=SUCCESS | time=0ms
2020.05.26 14:41:14 INFO  ce[AXJRAB9y3AlaujWLT5ov][o.s.c.t.s.ComputationStepExecutor] Trigger refresh of Portfolios and Applications | status=SUCCESS | time=0ms
2020.05.26 14:41:14 INFO  ce[AXJRAB9y3AlaujWLT5ov][o.s.c.t.p.a.p.PostProjectAnalysisTasksExecutor] Webhooks | globalWebhooks=0 | projectWebhooks=0 | status=SUCCESS | time=2ms
2020.05.26 14:41:15 INFO  ce[AXJRAB9y3AlaujWLT5ov][o.s.c.t.CeWorkerImpl] Executed task | project=Django3 | type=REPORT | id=AXJRAB9y3AlaujWLT5ov | status=SUCCESS | time=12031ms
