2020.05.26 13:04:07 INFO  es[][o.e.e.NodeEnvironment] using [1] data paths, mounts [[(C:)]], net usable_space [292.7gb], net total_space [333.1gb], types [NTFS]
2020.05.26 13:04:07 INFO  es[][o.e.e.NodeEnvironment] heap size [494.9mb], compressed ordinary object pointers [true]
2020.05.26 13:04:07 INFO  es[][o.e.n.Node] node name [sonarqube], node ID [9p2x7OHVQACZpLKx_-h-iQ]
2020.05.26 13:04:07 INFO  es[][o.e.n.Node] version[6.8.4], pid[8508], build[unknown/unknown/bca0c8d/2019-10-16T06:19:49.319352Z], OS[Windows 10/10.0/amd64], JVM[Oracle Corporation/Java HotSpot(TM) 64-Bit Server VM/11.0.7/11.0.7+8-LTS]
2020.05.26 13:04:07 INFO  es[][o.e.n.Node] JVM arguments [-XX:+UseConcMarkSweepGC, -XX:CMSInitiatingOccupancyFraction=75, -XX:+UseCMSInitiatingOccupancyOnly, -Des.networkaddress.cache.ttl=60, -Des.networkaddress.cache.negative.ttl=10, -XX:+AlwaysPreTouch, -Xss1m, -Djava.awt.headless=true, -Dfile.encoding=UTF-8, -Djna.nosys=true, -XX:-OmitStackTraceInFastThrow, -Dio.netty.noUnsafe=true, -Dio.netty.noKeySetOptimization=true, -Dio.netty.recycler.maxCapacityPerThread=0, -Dlog4j.shutdownHookEnabled=false, -Dlog4j2.disable.jmx=true, -Djava.io.tmpdir=C:\Users\abderrazzak\Desktop\sonarqube-8.3.1.34397\temp, -XX:ErrorFile=../logs/es_hs_err_pid%p.log, -Xmx512m, -Xms512m, -XX:+HeapDumpOnOutOfMemoryError, -Delasticsearch, -Des.path.home=C:\Users\abderrazzak\Desktop\sonarqube-8.3.1.34397\elasticsearch, -Des.path.conf=C:\Users\abderrazzak\Desktop\sonarqube-8.3.1.34397\temp\conf\es]
2020.05.26 13:04:08 INFO  es[][o.e.p.PluginsService] loaded module [analysis-common]
2020.05.26 13:04:08 INFO  es[][o.e.p.PluginsService] loaded module [lang-painless]
2020.05.26 13:04:08 INFO  es[][o.e.p.PluginsService] loaded module [mapper-extras]
2020.05.26 13:04:08 INFO  es[][o.e.p.PluginsService] loaded module [parent-join]
2020.05.26 13:04:08 INFO  es[][o.e.p.PluginsService] loaded module [percolator]
2020.05.26 13:04:08 INFO  es[][o.e.p.PluginsService] loaded module [reindex]
2020.05.26 13:04:08 INFO  es[][o.e.p.PluginsService] loaded module [repository-url]
2020.05.26 13:04:08 INFO  es[][o.e.p.PluginsService] loaded module [transport-netty4]
2020.05.26 13:04:08 INFO  es[][o.e.p.PluginsService] no plugins loaded
2020.05.26 13:04:11 WARN  es[][o.e.d.c.s.Settings] [http.enabled] setting was deprecated in Elasticsearch and will be removed in a future release! See the breaking changes documentation for the next major version.
2020.05.26 13:04:13 INFO  es[][o.e.d.DiscoveryModule] using discovery type [zen] and host providers [settings]
2020.05.26 13:04:13 INFO  es[][o.e.n.Node] initialized
2020.05.26 13:04:13 INFO  es[][o.e.n.Node] starting ...
2020.05.26 13:04:14 INFO  es[][o.e.t.TransportService] publish_address {127.0.0.1:9001}, bound_addresses {127.0.0.1:9001}
2020.05.26 13:04:17 INFO  es[][o.e.c.s.MasterService] zen-disco-elected-as-master ([0] nodes joined), reason: new_master {sonarqube}{9p2x7OHVQACZpLKx_-h-iQ}{K4iFTUYLT96K3asCMgllyA}{127.0.0.1}{127.0.0.1:9001}{rack_id=sonarqube}
2020.05.26 13:04:17 INFO  es[][o.e.c.s.ClusterApplierService] new_master {sonarqube}{9p2x7OHVQACZpLKx_-h-iQ}{K4iFTUYLT96K3asCMgllyA}{127.0.0.1}{127.0.0.1:9001}{rack_id=sonarqube}, reason: apply cluster state (from master [master {sonarqube}{9p2x7OHVQACZpLKx_-h-iQ}{K4iFTUYLT96K3asCMgllyA}{127.0.0.1}{127.0.0.1:9001}{rack_id=sonarqube} committed version [1] source [zen-disco-elected-as-master ([0] nodes joined)]])
2020.05.26 13:04:17 INFO  es[][o.e.n.Node] started
2020.05.26 13:04:17 INFO  es[][o.e.g.GatewayService] recovered [0] indices into cluster_state
2020.05.26 13:04:30 INFO  es[][o.e.c.m.MetaDataCreateIndexService] [metadatas] creating index, cause [api], templates [], shards [1]/[0], mappings []
2020.05.26 13:04:31 INFO  es[][o.e.c.r.a.AllocationService] Cluster health status changed from [YELLOW] to [GREEN] (reason: [shards started [[metadatas][0]] ...]).
2020.05.26 13:04:31 INFO  es[][o.e.c.m.MetaDataMappingService] [metadatas/Fn4VvLGuQG2gkLHz9cMujg] create_mapping [metadata]
2020.05.26 13:04:32 INFO  es[][o.e.c.m.MetaDataCreateIndexService] [components] creating index, cause [api], templates [], shards [5]/[0], mappings []
2020.05.26 13:04:34 INFO  es[][o.e.c.r.a.AllocationService] Cluster health status changed from [YELLOW] to [GREEN] (reason: [shards started [[components][4]] ...]).
2020.05.26 13:04:34 INFO  es[][o.e.c.m.MetaDataMappingService] [components/eGrKs9zISMaImoUBFH8Z3g] create_mapping [auth]
2020.05.26 13:04:34 INFO  es[][o.e.c.m.MetaDataCreateIndexService] [projectmeasures] creating index, cause [api], templates [], shards [5]/[0], mappings []
2020.05.26 13:04:39 INFO  es[][o.e.c.r.a.AllocationService] Cluster health status changed from [YELLOW] to [GREEN] (reason: [shards started [[projectmeasures][4]] ...]).
2020.05.26 13:04:39 INFO  es[][o.e.c.m.MetaDataMappingService] [projectmeasures/GDu1j97lQt2tbQSTbuLb2A] create_mapping [auth]
2020.05.26 13:04:39 INFO  es[][o.e.c.m.MetaDataCreateIndexService] [rules] creating index, cause [api], templates [], shards [2]/[0], mappings []
2020.05.26 13:04:40 INFO  es[][o.e.c.r.a.AllocationService] Cluster health status changed from [YELLOW] to [GREEN] (reason: [shards started [[rules][0]] ...]).
2020.05.26 13:04:40 INFO  es[][o.e.c.m.MetaDataMappingService] [rules/0kwS1UDrS5W_1-WbcecGCA] create_mapping [rule]
2020.05.26 13:04:41 INFO  es[][o.e.c.m.MetaDataCreateIndexService] [issues] creating index, cause [api], templates [], shards [5]/[0], mappings []
2020.05.26 13:04:43 INFO  es[][o.e.c.r.a.AllocationService] Cluster health status changed from [YELLOW] to [GREEN] (reason: [shards started [[issues][4]] ...]).
2020.05.26 13:04:43 INFO  es[][o.e.c.m.MetaDataMappingService] [issues/9MkrnWcPQnuo0gh5ljHR-A] create_mapping [auth]
2020.05.26 13:04:43 INFO  es[][o.e.c.m.MetaDataCreateIndexService] [users] creating index, cause [api], templates [], shards [1]/[0], mappings []
2020.05.26 13:04:44 INFO  es[][o.e.c.r.a.AllocationService] Cluster health status changed from [YELLOW] to [GREEN] (reason: [shards started [[users][0]] ...]).
2020.05.26 13:04:44 INFO  es[][o.e.c.m.MetaDataMappingService] [users/Ys1Z1Cw-QoSCfLWpHlPXOg] create_mapping [user]
2020.05.26 13:04:45 INFO  es[][o.e.c.m.MetaDataCreateIndexService] [views] creating index, cause [api], templates [], shards [5]/[0], mappings []
2020.05.26 13:04:47 INFO  es[][o.e.c.r.a.AllocationService] Cluster health status changed from [YELLOW] to [GREEN] (reason: [shards started [[views][4]] ...]).
2020.05.26 13:04:47 INFO  es[][o.e.c.m.MetaDataMappingService] [views/kb0TdbnhSJeHYs6mMMTsSw] create_mapping [view]
2020.05.26 13:05:26 INFO  es[][o.e.c.s.IndexScopedSettings] updating [index.refresh_interval] from [30s] to [-1]
2020.05.26 13:05:26 INFO  es[][o.e.c.s.IndexScopedSettings] updating [index.refresh_interval] from [30s] to [-1]
2020.05.26 13:05:26 INFO  es[][o.e.c.s.IndexScopedSettings] updating [index.refresh_interval] from [-1] to [30s]
2020.05.26 13:05:26 INFO  es[][o.e.c.s.IndexScopedSettings] updating [index.refresh_interval] from [-1] to [30s]
2020.05.26 13:05:27 INFO  es[][o.e.c.s.IndexScopedSettings] updating [index.refresh_interval] from [30s] to [-1]
2020.05.26 13:05:27 INFO  es[][o.e.c.s.IndexScopedSettings] updating [index.refresh_interval] from [30s] to [-1]
2020.05.26 13:05:27 INFO  es[][o.e.c.s.IndexScopedSettings] updating [index.refresh_interval] from [-1] to [30s]
2020.05.26 13:05:27 INFO  es[][o.e.c.s.IndexScopedSettings] updating [index.refresh_interval] from [-1] to [30s]
