2020.07.11 20:57:01 INFO  web[][o.s.p.ProcessEntryPoint] Starting web
2020.07.11 20:57:02 INFO  web[][o.a.t.u.n.NioSelectorPool] Using a shared selector for servlet write/read
2020.07.11 20:57:05 INFO  web[][o.e.p.PluginsService] no modules loaded
2020.07.11 20:57:05 INFO  web[][o.e.p.PluginsService] loaded plugin [org.elasticsearch.join.ParentJoinPlugin]
2020.07.11 20:57:05 INFO  web[][o.e.p.PluginsService] loaded plugin [org.elasticsearch.percolator.PercolatorPlugin]
2020.07.11 20:57:05 INFO  web[][o.e.p.PluginsService] loaded plugin [org.elasticsearch.transport.Netty4Plugin]
2020.07.11 20:57:08 INFO  web[][o.s.s.e.EsClientProvider] Connected to local Elasticsearch: [127.0.0.1:9001]
2020.07.11 20:57:08 INFO  web[][o.s.s.p.LogServerVersion] SonarQube Server / 8.3.1.34397 / 054c18b025be038b6343115894bf3ade0508f1e9
2020.07.11 20:57:19 INFO  web[][o.s.s.p.d.EmbeddedDatabase] Starting embedded database on port 9092 with url jdbc:h2:tcp://127.0.0.1:9092/sonar
2020.07.11 20:57:19 INFO  web[][o.s.s.p.d.EmbeddedDatabase] Embedded database started. Data stored in: C:\Users\abderrazzak\Desktop\sonarqube-8.3.1.34397\data
2020.07.11 20:57:19 INFO  web[][o.sonar.db.Database] Create JDBC data source for jdbc:h2:tcp://127.0.0.1:9092/sonar
2020.07.11 20:57:21 WARN  web[][o.s.db.dialect.H2] H2 database should be used for evaluation purpose only.
2020.07.11 20:57:23 INFO  web[][o.s.s.p.ServerFileSystemImpl] SonarQube home: C:\Users\abderrazzak\Desktop\sonarqube-8.3.1.34397
2020.07.11 20:57:23 INFO  web[][o.s.s.u.SystemPasscodeImpl] System authentication by passcode is disabled
2020.07.11 20:57:23 INFO  web[][o.s.s.p.ServerPluginRepository] Deploy plugin C# Code Quality and Security / 8.6.1.17183 / e9f4299031df68d8c4be6ba670fd4c0395eebf76
2020.07.11 20:57:23 INFO  web[][o.s.s.p.ServerPluginRepository] Deploy plugin Git / 1.11.1.2008 / 204dc9b2cc33ec6b780303f926234eed26aea67d
2020.07.11 20:57:23 INFO  web[][o.s.s.p.ServerPluginRepository] Deploy plugin JaCoCo / 1.1.0.898 / f65b288e6c2888393bd7fb72ad7ac1425f88eebf
2020.07.11 20:57:23 INFO  web[][o.s.s.p.ServerPluginRepository] Deploy plugin Java Code Quality and Security / 6.3.0.21585 / ecf8f9f571691771e6789b8e59ff5e6b4ef36ad8
2020.07.11 20:57:23 INFO  web[][o.s.s.p.ServerPluginRepository] Deploy plugin SonarCSS / 1.2.0.1325 / 8dc9fe17b6230c20715d3b4cb34e0b6d02151afd
2020.07.11 20:57:23 INFO  web[][o.s.s.p.ServerPluginRepository] Deploy plugin SonarFlex / 2.5.1.1831 / a0c44437f6abb0feec76edd073f91fec64db2a6c
2020.07.11 20:57:23 INFO  web[][o.s.s.p.ServerPluginRepository] Deploy plugin SonarGo / 1.6.0.719 / edcc6a9e42fcdd30bb6f84a779c6cd7009ec72fd
2020.07.11 20:57:23 INFO  web[][o.s.s.p.ServerPluginRepository] Deploy plugin SonarHTML / 3.2.0.2082 / 997a51b39c4d0a5399c73a8fb729030a69eb392b
2020.07.11 20:57:23 INFO  web[][o.s.s.p.ServerPluginRepository] Deploy plugin SonarJS / 6.2.0.12043 / 8b9c1eb83d6ecfd2eda2cc3798e593900b6735fd
2020.07.11 20:57:23 INFO  web[][o.s.s.p.ServerPluginRepository] Deploy plugin SonarKotlin / 1.5.0.315 / 4ff3a145a58f3f84f1b39846a205a129d742e993
2020.07.11 20:57:23 INFO  web[][o.s.s.p.ServerPluginRepository] Deploy plugin SonarPHP / 3.3.0.5166 / 88e11dffb965aeef9d5bdd6d8413f394d35fecba
2020.07.11 20:57:23 INFO  web[][o.s.s.p.ServerPluginRepository] Deploy plugin SonarPython / 2.8.0.6204 / 5600d1ed780882d2362bedb3604dbad7ea63eb27
2020.07.11 20:57:23 INFO  web[][o.s.s.p.ServerPluginRepository] Deploy plugin SonarRuby / 1.5.0.315 / 4ff3a145a58f3f84f1b39846a205a129d742e993
2020.07.11 20:57:23 INFO  web[][o.s.s.p.ServerPluginRepository] Deploy plugin SonarScala / 1.5.0.315 / 4ff3a145a58f3f84f1b39846a205a129d742e993
2020.07.11 20:57:23 INFO  web[][o.s.s.p.ServerPluginRepository] Deploy plugin SonarTS / 2.1.0.4359 / 268ba9581b700c4fb2bc194d4069d283da915213
2020.07.11 20:57:23 INFO  web[][o.s.s.p.ServerPluginRepository] Deploy plugin SonarXML / 2.0.1.2020 / c5b84004face582d56f110e24c29bf9c6a679e69
2020.07.11 20:57:23 INFO  web[][o.s.s.p.ServerPluginRepository] Deploy plugin Svn / 1.9.0.1295 / 942e075773975354e32691a60bfd968065703e04
2020.07.11 20:57:23 INFO  web[][o.s.s.p.ServerPluginRepository] Deploy plugin VB.NET Code Quality and Security / 8.6.1.17183 / e9f4299031df68d8c4be6ba670fd4c0395eebf76
2020.07.11 20:57:28 WARN  web[][o.a.c.u.SessionIdGeneratorBase] Creation of SecureRandom instance for session ID generation using [SHA1PRNG] took [516] milliseconds.
2020.07.11 20:57:28 INFO  web[][o.s.s.p.w.MasterServletFilter] Initializing servlet filter org.sonar.server.platform.web.WebServiceFilter@79c3bb3c [pattern=UrlPattern{inclusions=[/api/system/migrate_db.*, ...], exclusions=[/api/components/update_key, ...]}]
2020.07.11 20:57:28 INFO  web[][o.s.s.a.EmbeddedTomcat] HTTP connector enabled on port 9000
2020.07.11 20:57:30 INFO  web[][o.s.s.p.UpdateCenterClient] Update center: https://update.sonarsource.org/update-center.properties (no proxy)
2020.07.11 20:57:32 INFO  web[][o.s.s.s.LogServerId] Server ID: BF41A1F2-AXJQp7RC3AlaujWLT3Ke
2020.07.11 20:57:32 WARN  web[][o.s.s.a.LogOAuthWarning] For security reasons, OAuth authentication should use HTTPS. You should set the property 'Administration > Configuration > Server base URL' to a HTTPS URL.
2020.07.11 20:57:34 WARN  web[][o.s.a.s.w.WebService$Action] The response example is not set on action api/plugins/download
2020.07.11 20:57:34 WARN  web[][o.s.a.s.w.WebService$Action] The response example is not set on action api/permissions/search_templates
2020.07.11 20:57:35 INFO  web[][o.s.s.t.TelemetryDaemon] Sharing of SonarQube statistics is enabled.
2020.07.11 20:57:35 INFO  web[][o.s.s.n.NotificationDaemon] Notification service started (delay 60 sec.)
2020.07.11 20:57:35 INFO  web[][o.s.s.s.GeneratePluginIndex] Generate scanner plugin index
2020.07.11 20:57:35 INFO  web[][o.s.s.s.RegisterPlugins] Register plugins
2020.07.11 20:57:35 INFO  web[][o.s.s.s.RegisterMetrics] Register metrics
2020.07.11 20:57:36 INFO  web[][o.s.s.r.RegisterRules] Register rules
2020.07.11 20:57:50 INFO  web[][o.s.s.q.BuiltInQProfileRepositoryImpl] Load quality profiles
2020.07.11 20:57:52 INFO  web[][o.s.s.q.RegisterQualityProfiles] Register quality profiles
2020.07.11 20:57:52 INFO  web[][o.s.s.q.RegisterQualityProfiles] Update profile css/Sonar way
2020.07.11 20:57:52 INFO  web[][o.s.s.q.RegisterQualityProfiles] Update profile scala/Sonar way
2020.07.11 20:57:53 INFO  web[][o.s.s.q.RegisterQualityProfiles] Update profile jsp/Sonar way
2020.07.11 20:57:53 INFO  web[][o.s.s.q.RegisterQualityProfiles] Update profile kotlin/Sonar way
2020.07.11 20:57:53 INFO  web[][o.s.s.q.RegisterQualityProfiles] Update profile go/Sonar way
2020.07.11 20:57:53 INFO  web[][o.s.s.q.RegisterQualityProfiles] Update profile js/Sonar way
2020.07.11 20:57:53 INFO  web[][o.s.s.q.RegisterQualityProfiles] Update profile js/Sonar way Recommended
2020.07.11 20:57:53 INFO  web[][o.s.s.q.RegisterQualityProfiles] Update profile py/Sonar way
2020.07.11 20:57:53 INFO  web[][o.s.s.q.RegisterQualityProfiles] Update profile ruby/Sonar way
2020.07.11 20:57:53 INFO  web[][o.s.s.q.RegisterQualityProfiles] Update profile cs/Sonar way
2020.07.11 20:57:54 INFO  web[][o.s.s.q.RegisterQualityProfiles] Update profile java/Sonar way
2020.07.11 20:57:54 INFO  web[][o.s.s.q.RegisterQualityProfiles] Update profile web/Sonar way
2020.07.11 20:57:54 INFO  web[][o.s.s.q.RegisterQualityProfiles] Update profile xml/Sonar way
2020.07.11 20:57:54 INFO  web[][o.s.s.q.RegisterQualityProfiles] Update profile flex/Sonar way
2020.07.11 20:57:54 INFO  web[][o.s.s.q.RegisterQualityProfiles] Update profile php/Sonar way
2020.07.11 20:57:55 INFO  web[][o.s.s.q.RegisterQualityProfiles] Update profile php/PSR-2
2020.07.11 20:57:55 INFO  web[][o.s.s.q.RegisterQualityProfiles] Update profile php/Drupal
2020.07.11 20:57:55 INFO  web[][o.s.s.q.RegisterQualityProfiles] Update profile vbnet/Sonar way
2020.07.11 20:57:55 INFO  web[][o.s.s.q.RegisterQualityProfiles] Update profile ts/Sonar way
2020.07.11 20:57:55 INFO  web[][o.s.s.q.RegisterQualityProfiles] Update profile ts/Sonar way recommended
2020.07.11 20:57:55 INFO  web[][o.s.s.s.RegisterPermissionTemplates] Register permission templates
2020.07.11 20:57:55 INFO  web[][o.s.s.s.RenameDeprecatedPropertyKeys] Rename deprecated property keys
2020.07.11 20:57:55 INFO  web[][o.s.s.p.w.MasterServletFilter] Initializing servlet filter org.sonar.server.platform.web.WebServiceFilter@41cc399a [pattern=UrlPattern{inclusions=[/api/issues/delete_comment.*, ...], exclusions=[/api/authentication/login.*, ...]}]
2020.07.11 20:57:55 INFO  web[][o.s.s.p.w.MasterServletFilter] Initializing servlet filter org.sonar.server.platform.web.WebServiceReroutingFilter@1f095cef [pattern=UrlPattern{inclusions=[/api/components/bulk_update_key, ...], exclusions=[]}]
2020.07.11 20:57:55 INFO  web[][o.s.s.p.w.MasterServletFilter] Initializing servlet filter org.sonar.server.authentication.InitFilter@364cf78 [pattern=UrlPattern{inclusions=[/sessions/init/*], exclusions=[]}]
2020.07.11 20:57:55 INFO  web[][o.s.s.p.w.MasterServletFilter] Initializing servlet filter org.sonar.server.authentication.OAuth2CallbackFilter@4780b9e6 [pattern=UrlPattern{inclusions=[/oauth2/callback/*], exclusions=[]}]
2020.07.11 20:57:55 INFO  web[][o.s.s.p.w.MasterServletFilter] Initializing servlet filter org.sonar.server.authentication.ws.LoginAction@1052e3ff [pattern=UrlPattern{inclusions=[/api/authentication/login], exclusions=[]}]
2020.07.11 20:57:55 INFO  web[][o.s.s.p.w.MasterServletFilter] Initializing servlet filter org.sonar.server.authentication.ws.LogoutAction@1ba62d64 [pattern=UrlPattern{inclusions=[/api/authentication/logout], exclusions=[]}]
2020.07.11 20:57:55 INFO  web[][o.s.s.p.w.MasterServletFilter] Initializing servlet filter org.sonar.server.authentication.ws.ValidateAction@6e5fe93e [pattern=UrlPattern{inclusions=[/api/authentication/validate], exclusions=[]}]
2020.07.11 20:57:55 INFO  web[][o.s.s.q.ProjectsInWarningDaemon] Counting number of projects in warning is not started as there are no projects in this situation.
2020.07.11 20:57:55 INFO  web[][o.s.s.p.p.PlatformLevelStartup] Running Community Edition
2020.07.11 20:57:55 INFO  web[][o.s.s.p.Platform] WebServer is operational
2020.07.11 21:00:23 INFO  web[][o.s.p.ProcessEntryPoint] Gracefully stopping process
2020.07.11 21:00:23 INFO  web[][o.s.s.n.NotificationDaemon] Notification service stopped
2020.07.11 21:00:25 INFO  web[][o.s.s.p.d.EmbeddedDatabase] Embedded database stopped
2020.07.11 21:00:25 INFO  web[][o.s.s.app.WebServer] WebServer stopped
2020.07.11 21:02:18 INFO  web[][o.s.p.ProcessEntryPoint] Starting web
2020.07.11 21:02:20 INFO  web[][o.a.t.u.n.NioSelectorPool] Using a shared selector for servlet write/read
2020.07.11 21:02:23 INFO  web[][o.e.p.PluginsService] no modules loaded
2020.07.11 21:02:23 INFO  web[][o.e.p.PluginsService] loaded plugin [org.elasticsearch.join.ParentJoinPlugin]
2020.07.11 21:02:23 INFO  web[][o.e.p.PluginsService] loaded plugin [org.elasticsearch.percolator.PercolatorPlugin]
2020.07.11 21:02:23 INFO  web[][o.e.p.PluginsService] loaded plugin [org.elasticsearch.transport.Netty4Plugin]
2020.07.11 21:02:27 INFO  web[][o.s.s.e.EsClientProvider] Connected to local Elasticsearch: [127.0.0.1:9001]
2020.07.11 21:02:27 INFO  web[][o.s.s.p.LogServerVersion] SonarQube Server / 8.3.1.34397 / 054c18b025be038b6343115894bf3ade0508f1e9
2020.07.11 21:02:30 INFO  web[][o.s.s.p.d.EmbeddedDatabase] Starting embedded database on port 9092 with url jdbc:h2:tcp://127.0.0.1:9092/sonar
2020.07.11 21:02:30 INFO  web[][o.s.s.p.d.EmbeddedDatabase] Embedded database started. Data stored in: C:\Users\abderrazzak\Desktop\sonarqube-8.3.1.34397\data
2020.07.11 21:02:30 INFO  web[][o.sonar.db.Database] Create JDBC data source for jdbc:h2:tcp://127.0.0.1:9092/sonar
2020.07.11 21:02:33 WARN  web[][o.s.db.dialect.H2] H2 database should be used for evaluation purpose only.
2020.07.11 21:02:35 INFO  web[][o.s.s.p.ServerFileSystemImpl] SonarQube home: C:\Users\abderrazzak\Desktop\sonarqube-8.3.1.34397
2020.07.11 21:02:35 INFO  web[][o.s.s.u.SystemPasscodeImpl] System authentication by passcode is disabled
2020.07.11 21:02:36 INFO  web[][o.s.s.p.ServerPluginRepository] Deploy plugin C# Code Quality and Security / 8.6.1.17183 / e9f4299031df68d8c4be6ba670fd4c0395eebf76
2020.07.11 21:02:36 INFO  web[][o.s.s.p.ServerPluginRepository] Deploy plugin Git / 1.11.1.2008 / 204dc9b2cc33ec6b780303f926234eed26aea67d
2020.07.11 21:02:36 INFO  web[][o.s.s.p.ServerPluginRepository] Deploy plugin JaCoCo / 1.1.0.898 / f65b288e6c2888393bd7fb72ad7ac1425f88eebf
2020.07.11 21:02:36 INFO  web[][o.s.s.p.ServerPluginRepository] Deploy plugin Java Code Quality and Security / 6.3.0.21585 / ecf8f9f571691771e6789b8e59ff5e6b4ef36ad8
2020.07.11 21:02:36 INFO  web[][o.s.s.p.ServerPluginRepository] Deploy plugin SonarCSS / 1.2.0.1325 / 8dc9fe17b6230c20715d3b4cb34e0b6d02151afd
2020.07.11 21:02:36 INFO  web[][o.s.s.p.ServerPluginRepository] Deploy plugin SonarFlex / 2.5.1.1831 / a0c44437f6abb0feec76edd073f91fec64db2a6c
2020.07.11 21:02:36 INFO  web[][o.s.s.p.ServerPluginRepository] Deploy plugin SonarGo / 1.6.0.719 / edcc6a9e42fcdd30bb6f84a779c6cd7009ec72fd
2020.07.11 21:02:36 INFO  web[][o.s.s.p.ServerPluginRepository] Deploy plugin SonarHTML / 3.2.0.2082 / 997a51b39c4d0a5399c73a8fb729030a69eb392b
2020.07.11 21:02:36 INFO  web[][o.s.s.p.ServerPluginRepository] Deploy plugin SonarJS / 6.2.0.12043 / 8b9c1eb83d6ecfd2eda2cc3798e593900b6735fd
2020.07.11 21:02:36 INFO  web[][o.s.s.p.ServerPluginRepository] Deploy plugin SonarKotlin / 1.5.0.315 / 4ff3a145a58f3f84f1b39846a205a129d742e993
2020.07.11 21:02:36 INFO  web[][o.s.s.p.ServerPluginRepository] Deploy plugin SonarPHP / 3.3.0.5166 / 88e11dffb965aeef9d5bdd6d8413f394d35fecba
2020.07.11 21:02:36 INFO  web[][o.s.s.p.ServerPluginRepository] Deploy plugin SonarPython / 2.8.0.6204 / 5600d1ed780882d2362bedb3604dbad7ea63eb27
2020.07.11 21:02:36 INFO  web[][o.s.s.p.ServerPluginRepository] Deploy plugin SonarRuby / 1.5.0.315 / 4ff3a145a58f3f84f1b39846a205a129d742e993
2020.07.11 21:02:36 INFO  web[][o.s.s.p.ServerPluginRepository] Deploy plugin SonarScala / 1.5.0.315 / 4ff3a145a58f3f84f1b39846a205a129d742e993
2020.07.11 21:02:36 INFO  web[][o.s.s.p.ServerPluginRepository] Deploy plugin SonarTS / 2.1.0.4359 / 268ba9581b700c4fb2bc194d4069d283da915213
2020.07.11 21:02:36 INFO  web[][o.s.s.p.ServerPluginRepository] Deploy plugin SonarXML / 2.0.1.2020 / c5b84004face582d56f110e24c29bf9c6a679e69
2020.07.11 21:02:36 INFO  web[][o.s.s.p.ServerPluginRepository] Deploy plugin Svn / 1.9.0.1295 / 942e075773975354e32691a60bfd968065703e04
2020.07.11 21:02:36 INFO  web[][o.s.s.p.ServerPluginRepository] Deploy plugin VB.NET Code Quality and Security / 8.6.1.17183 / e9f4299031df68d8c4be6ba670fd4c0395eebf76
2020.07.11 21:02:40 ERROR web[][o.s.s.p.Platform] Background initialization failed. Stopping SonarQube
org.apache.ibatis.exceptions.PersistenceException: 
### Error updating database.  Cause: org.h2.jdbc.JdbcSQLIntegrityConstraintViolationException: Unique index or primary key violation: "PRIMARY KEY ON PUBLIC.PROPERTIES(ID) [3, 'sonar.core.id', NULL, FALSE, 'BF41A1F2-AXJQp7RC3AlaujWLT3Ke', NULL, 1590491067459, NULL]"; SQL statement:
insert into properties
    (
      prop_key,
      component_uuid,
      user_id,
      is_empty,
      text_value,
      created_at
    )
    values (
      ?,
      ?,
      ?,
      false,
      ?,
      ?
    ) [23505-199]
	at org.h2.message.DbException.getJdbcSQLException(DbException.java:457)
	at org.h2.message.DbException.getJdbcSQLException(DbException.java:427)
	at org.h2.message.DbException.get(DbException.java:205)
	at org.h2.message.DbException.get(DbException.java:181)
	at org.h2.mvstore.db.MVPrimaryIndex.add(MVPrimaryIndex.java:131)
	at org.h2.mvstore.db.MVTable.addRow(MVTable.java:546)
	at org.h2.command.dml.Insert.insertRows(Insert.java:180)
	at org.h2.command.dml.Insert.update(Insert.java:132)
	at org.h2.command.CommandContainer.update(CommandContainer.java:133)
	at org.h2.command.Command.executeUpdate(Command.java:267)
	at org.h2.server.TcpServerThread.process(TcpServerThread.java:398)
	at org.h2.server.TcpServerThread.run(TcpServerThread.java:175)
	at java.base/java.lang.Thread.run(Thread.java:834)

### The error may exist in org.sonar.db.property.PropertiesMapper
### The error may involve org.sonar.db.property.PropertiesMapper.insertAsText-Inline
### The error occurred while setting parameters
### SQL: insert into properties     (       prop_key,       component_uuid,       user_id,       is_empty,       text_value,       created_at     )     values (       ?,       ?,       ?,       false,       ?,       ?     )
### Cause: org.h2.jdbc.JdbcSQLIntegrityConstraintViolationException: Unique index or primary key violation: "PRIMARY KEY ON PUBLIC.PROPERTIES(ID) [3, 'sonar.core.id', NULL, FALSE, 'BF41A1F2-AXJQp7RC3AlaujWLT3Ke', NULL, 1590491067459, NULL]"; SQL statement:
insert into properties
    (
      prop_key,
      component_uuid,
      user_id,
      is_empty,
      text_value,
      created_at
    )
    values (
      ?,
      ?,
      ?,
      false,
      ?,
      ?
    ) [23505-199]
	at org.h2.message.DbException.getJdbcSQLException(DbException.java:457)
	at org.h2.message.DbException.getJdbcSQLException(DbException.java:427)
	at org.h2.message.DbException.get(DbException.java:205)
	at org.h2.message.DbException.get(DbException.java:181)
	at org.h2.mvstore.db.MVPrimaryIndex.add(MVPrimaryIndex.java:131)
	at org.h2.mvstore.db.MVTable.addRow(MVTable.java:546)
	at org.h2.command.dml.Insert.insertRows(Insert.java:180)
	at org.h2.command.dml.Insert.update(Insert.java:132)
	at org.h2.command.CommandContainer.update(CommandContainer.java:133)
	at org.h2.command.Command.executeUpdate(Command.java:267)
	at org.h2.server.TcpServerThread.process(TcpServerThread.java:398)
	at org.h2.server.TcpServerThread.run(TcpServerThread.java:175)
	at java.base/java.lang.Thread.run(Thread.java:834)

	at org.apache.ibatis.exceptions.ExceptionFactory.wrapException(ExceptionFactory.java:30)
	at org.apache.ibatis.session.defaults.DefaultSqlSession.update(DefaultSqlSession.java:199)
	at org.apache.ibatis.session.defaults.DefaultSqlSession.insert(DefaultSqlSession.java:184)
	at org.apache.ibatis.binding.MapperMethod.execute(MapperMethod.java:62)
	at org.apache.ibatis.binding.MapperProxy$PlainMethodInvoker.invoke(MapperProxy.java:144)
	at org.apache.ibatis.binding.MapperProxy.invoke(MapperProxy.java:85)
	at com.sun.proxy.$Proxy18.insertAsText(Unknown Source)
	at org.sonar.db.property.PropertiesDao.save(PropertiesDao.java:217)
	at org.sonar.db.property.PropertiesDao.saveProperty(PropertiesDao.java:203)
	at org.sonar.db.property.PropertiesDao.saveProperty(PropertiesDao.java:235)
	at org.sonar.server.platform.StartupMetadataPersister.save(StartupMetadataPersister.java:57)
	at org.sonar.server.platform.StartupMetadataPersister.start(StartupMetadataPersister.java:53)
	at org.sonar.core.platform.StartableCloseableSafeLifecyleStrategy.start(StartableCloseableSafeLifecyleStrategy.java:42)
	at org.picocontainer.injectors.AbstractInjectionFactory$LifecycleAdapter.start(AbstractInjectionFactory.java:84)
	at org.picocontainer.behaviors.AbstractBehavior.start(AbstractBehavior.java:169)
	at org.picocontainer.behaviors.Stored$RealComponentLifecycle.start(Stored.java:132)
	at org.picocontainer.behaviors.Stored.start(Stored.java:110)
	at org.picocontainer.DefaultPicoContainer.potentiallyStartAdapter(DefaultPicoContainer.java:1016)
	at org.picocontainer.DefaultPicoContainer.startAdapters(DefaultPicoContainer.java:1009)
	at org.picocontainer.DefaultPicoContainer.start(DefaultPicoContainer.java:767)
	at org.sonar.core.platform.ComponentContainer.startComponents(ComponentContainer.java:136)
	at org.sonar.server.platform.platformlevel.PlatformLevel.start(PlatformLevel.java:90)
	at org.sonar.server.platform.platformlevel.PlatformLevel3.start(PlatformLevel3.java:67)
	at org.sonar.server.platform.PlatformImpl.start(PlatformImpl.java:213)
	at org.sonar.server.platform.PlatformImpl.startLevel34Containers(PlatformImpl.java:186)
	at org.sonar.server.platform.PlatformImpl.access$500(PlatformImpl.java:46)
	at org.sonar.server.platform.PlatformImpl$1.lambda$doRun$0(PlatformImpl.java:120)
	at org.sonar.server.platform.PlatformImpl$AutoStarterRunnable.runIfNotAborted(PlatformImpl.java:370)
	at org.sonar.server.platform.PlatformImpl$1.doRun(PlatformImpl.java:120)
	at org.sonar.server.platform.PlatformImpl$AutoStarterRunnable.run(PlatformImpl.java:354)
	at java.base/java.lang.Thread.run(Thread.java:834)
Caused by: org.h2.jdbc.JdbcSQLIntegrityConstraintViolationException: Unique index or primary key violation: "PRIMARY KEY ON PUBLIC.PROPERTIES(ID) [3, 'sonar.core.id', NULL, FALSE, 'BF41A1F2-AXJQp7RC3AlaujWLT3Ke', NULL, 1590491067459, NULL]"; SQL statement:
insert into properties
    (
      prop_key,
      component_uuid,
      user_id,
      is_empty,
      text_value,
      created_at
    )
    values (
      ?,
      ?,
      ?,
      false,
      ?,
      ?
    ) [23505-199]
	at org.h2.message.DbException.getJdbcSQLException(DbException.java:457)
	at org.h2.engine.SessionRemote.done(SessionRemote.java:607)
	at org.h2.command.CommandRemote.executeUpdate(CommandRemote.java:237)
	at org.h2.jdbc.JdbcPreparedStatement.execute(JdbcPreparedStatement.java:250)
	at org.apache.commons.dbcp2.DelegatingPreparedStatement.execute(DelegatingPreparedStatement.java:94)
	at org.apache.commons.dbcp2.DelegatingPreparedStatement.execute(DelegatingPreparedStatement.java:94)
	at org.apache.ibatis.executor.statement.PreparedStatementHandler.update(PreparedStatementHandler.java:47)
	at org.apache.ibatis.executor.statement.RoutingStatementHandler.update(RoutingStatementHandler.java:74)
	at org.apache.ibatis.executor.ReuseExecutor.doUpdate(ReuseExecutor.java:52)
	at org.apache.ibatis.executor.BaseExecutor.update(BaseExecutor.java:117)
	at org.apache.ibatis.executor.CachingExecutor.update(CachingExecutor.java:76)
	at org.apache.ibatis.session.defaults.DefaultSqlSession.update(DefaultSqlSession.java:197)
	... 29 common frames omitted
2020.07.11 21:02:40 INFO  web[][o.s.p.ProcessEntryPoint] Hard stopping process
2020.07.11 21:02:41 WARN  web[][o.a.c.u.SessionIdGeneratorBase] Creation of SecureRandom instance for session ID generation using [SHA1PRNG] took [1,162] milliseconds.
2020.07.11 21:02:41 INFO  web[][o.s.s.p.w.MasterServletFilter] Initializing servlet filter org.sonar.server.platform.web.WebServiceFilter@3caa9641 [pattern=UrlPattern{inclusions=[/api/system/migrate_db.*, ...], exclusions=[/api/components/update_key, ...]}]
2020.07.11 21:02:41 WARN  web[][o.s.p.ProcessEntryPoint$HardStopperThread] Can not stop in 1000ms
2020.07.11 21:02:41 INFO  web[][o.s.s.a.EmbeddedTomcat] HTTP connector enabled on port 9000
2020.07.11 21:02:41 INFO  web[][o.s.s.p.d.EmbeddedDatabase] Embedded database stopped
2020.07.11 21:03:21 INFO  web[][o.s.p.ProcessEntryPoint] Starting web
2020.07.11 21:03:22 INFO  web[][o.a.t.u.n.NioSelectorPool] Using a shared selector for servlet write/read
2020.07.11 21:03:24 INFO  web[][o.e.p.PluginsService] no modules loaded
2020.07.11 21:03:24 INFO  web[][o.e.p.PluginsService] loaded plugin [org.elasticsearch.join.ParentJoinPlugin]
2020.07.11 21:03:24 INFO  web[][o.e.p.PluginsService] loaded plugin [org.elasticsearch.percolator.PercolatorPlugin]
2020.07.11 21:03:24 INFO  web[][o.e.p.PluginsService] loaded plugin [org.elasticsearch.transport.Netty4Plugin]
2020.07.11 21:03:27 INFO  web[][o.s.s.e.EsClientProvider] Connected to local Elasticsearch: [127.0.0.1:9001]
2020.07.11 21:03:27 INFO  web[][o.s.s.p.LogServerVersion] SonarQube Server / 8.3.1.34397 / 054c18b025be038b6343115894bf3ade0508f1e9
2020.07.11 21:03:28 INFO  web[][o.s.s.p.d.EmbeddedDatabase] Starting embedded database on port 9092 with url jdbc:h2:tcp://127.0.0.1:9092/sonar
2020.07.11 21:03:28 INFO  web[][o.s.s.p.d.EmbeddedDatabase] Embedded database started. Data stored in: C:\Users\abderrazzak\Desktop\sonarqube-8.3.1.34397\data
2020.07.11 21:03:28 INFO  web[][o.sonar.db.Database] Create JDBC data source for jdbc:h2:tcp://127.0.0.1:9092/sonar
2020.07.11 21:03:29 WARN  web[][o.s.db.dialect.H2] H2 database should be used for evaluation purpose only.
2020.07.11 21:03:30 INFO  web[][o.s.s.p.ServerFileSystemImpl] SonarQube home: C:\Users\abderrazzak\Desktop\sonarqube-8.3.1.34397
2020.07.11 21:03:30 INFO  web[][o.s.s.u.SystemPasscodeImpl] System authentication by passcode is disabled
2020.07.11 21:03:30 INFO  web[][o.s.s.p.ServerPluginRepository] Deploy plugin C# Code Quality and Security / 8.6.1.17183 / e9f4299031df68d8c4be6ba670fd4c0395eebf76
2020.07.11 21:03:30 INFO  web[][o.s.s.p.ServerPluginRepository] Deploy plugin Git / 1.11.1.2008 / 204dc9b2cc33ec6b780303f926234eed26aea67d
2020.07.11 21:03:30 INFO  web[][o.s.s.p.ServerPluginRepository] Deploy plugin JaCoCo / 1.1.0.898 / f65b288e6c2888393bd7fb72ad7ac1425f88eebf
2020.07.11 21:03:30 INFO  web[][o.s.s.p.ServerPluginRepository] Deploy plugin Java Code Quality and Security / 6.3.0.21585 / ecf8f9f571691771e6789b8e59ff5e6b4ef36ad8
2020.07.11 21:03:30 INFO  web[][o.s.s.p.ServerPluginRepository] Deploy plugin SonarCSS / 1.2.0.1325 / 8dc9fe17b6230c20715d3b4cb34e0b6d02151afd
2020.07.11 21:03:30 INFO  web[][o.s.s.p.ServerPluginRepository] Deploy plugin SonarFlex / 2.5.1.1831 / a0c44437f6abb0feec76edd073f91fec64db2a6c
2020.07.11 21:03:30 INFO  web[][o.s.s.p.ServerPluginRepository] Deploy plugin SonarGo / 1.6.0.719 / edcc6a9e42fcdd30bb6f84a779c6cd7009ec72fd
2020.07.11 21:03:30 INFO  web[][o.s.s.p.ServerPluginRepository] Deploy plugin SonarHTML / 3.2.0.2082 / 997a51b39c4d0a5399c73a8fb729030a69eb392b
2020.07.11 21:03:30 INFO  web[][o.s.s.p.ServerPluginRepository] Deploy plugin SonarJS / 6.2.0.12043 / 8b9c1eb83d6ecfd2eda2cc3798e593900b6735fd
2020.07.11 21:03:30 INFO  web[][o.s.s.p.ServerPluginRepository] Deploy plugin SonarKotlin / 1.5.0.315 / 4ff3a145a58f3f84f1b39846a205a129d742e993
2020.07.11 21:03:30 INFO  web[][o.s.s.p.ServerPluginRepository] Deploy plugin SonarPHP / 3.3.0.5166 / 88e11dffb965aeef9d5bdd6d8413f394d35fecba
2020.07.11 21:03:30 INFO  web[][o.s.s.p.ServerPluginRepository] Deploy plugin SonarPython / 2.8.0.6204 / 5600d1ed780882d2362bedb3604dbad7ea63eb27
2020.07.11 21:03:30 INFO  web[][o.s.s.p.ServerPluginRepository] Deploy plugin SonarRuby / 1.5.0.315 / 4ff3a145a58f3f84f1b39846a205a129d742e993
2020.07.11 21:03:30 INFO  web[][o.s.s.p.ServerPluginRepository] Deploy plugin SonarScala / 1.5.0.315 / 4ff3a145a58f3f84f1b39846a205a129d742e993
2020.07.11 21:03:30 INFO  web[][o.s.s.p.ServerPluginRepository] Deploy plugin SonarTS / 2.1.0.4359 / 268ba9581b700c4fb2bc194d4069d283da915213
2020.07.11 21:03:30 INFO  web[][o.s.s.p.ServerPluginRepository] Deploy plugin SonarXML / 2.0.1.2020 / c5b84004face582d56f110e24c29bf9c6a679e69
2020.07.11 21:03:30 INFO  web[][o.s.s.p.ServerPluginRepository] Deploy plugin Svn / 1.9.0.1295 / 942e075773975354e32691a60bfd968065703e04
2020.07.11 21:03:30 INFO  web[][o.s.s.p.ServerPluginRepository] Deploy plugin VB.NET Code Quality and Security / 8.6.1.17183 / e9f4299031df68d8c4be6ba670fd4c0395eebf76
2020.07.11 21:03:33 WARN  web[][o.a.c.u.SessionIdGeneratorBase] Creation of SecureRandom instance for session ID generation using [SHA1PRNG] took [798] milliseconds.
2020.07.11 21:03:34 INFO  web[][o.s.s.p.w.MasterServletFilter] Initializing servlet filter org.sonar.server.platform.web.WebServiceFilter@35d7c9e9 [pattern=UrlPattern{inclusions=[/api/system/migrate_db.*, ...], exclusions=[/api/components/update_key, ...]}]
2020.07.11 21:03:34 INFO  web[][o.s.s.a.EmbeddedTomcat] HTTP connector enabled on port 9000
2020.07.11 21:03:35 INFO  web[][o.s.s.p.UpdateCenterClient] Update center: https://update.sonarsource.org/update-center.properties (no proxy)
2020.07.11 21:03:36 INFO  web[][o.s.s.s.LogServerId] Server ID: BF41A1F2-AXJQp7RC3AlaujWLT3Ke
2020.07.11 21:03:36 WARN  web[][o.s.s.a.LogOAuthWarning] For security reasons, OAuth authentication should use HTTPS. You should set the property 'Administration > Configuration > Server base URL' to a HTTPS URL.
2020.07.11 21:03:37 WARN  web[][o.s.a.s.w.WebService$Action] The response example is not set on action api/plugins/download
2020.07.11 21:03:37 WARN  web[][o.s.a.s.w.WebService$Action] The response example is not set on action api/permissions/search_templates
2020.07.11 21:03:37 INFO  web[][o.s.s.t.TelemetryDaemon] Sharing of SonarQube statistics is enabled.
2020.07.11 21:03:37 INFO  web[][o.s.s.n.NotificationDaemon] Notification service started (delay 60 sec.)
2020.07.11 21:03:37 INFO  web[][o.s.s.s.GeneratePluginIndex] Generate scanner plugin index
2020.07.11 21:03:37 INFO  web[][o.s.s.s.RegisterPlugins] Register plugins
2020.07.11 21:03:37 INFO  web[][o.s.s.s.RegisterMetrics] Register metrics
2020.07.11 21:03:37 INFO  web[][o.s.s.r.RegisterRules] Register rules
2020.07.11 21:03:46 INFO  web[][o.s.s.q.BuiltInQProfileRepositoryImpl] Load quality profiles
2020.07.11 21:03:47 INFO  web[][o.s.s.q.RegisterQualityProfiles] Register quality profiles
2020.07.11 21:03:47 INFO  web[][o.s.s.q.RegisterQualityProfiles] Update profile css/Sonar way
2020.07.11 21:03:47 INFO  web[][o.s.s.q.RegisterQualityProfiles] Update profile scala/Sonar way
2020.07.11 21:03:47 INFO  web[][o.s.s.q.RegisterQualityProfiles] Update profile jsp/Sonar way
2020.07.11 21:03:47 INFO  web[][o.s.s.q.RegisterQualityProfiles] Update profile kotlin/Sonar way
2020.07.11 21:03:48 INFO  web[][o.s.s.q.RegisterQualityProfiles] Update profile go/Sonar way
2020.07.11 21:03:48 INFO  web[][o.s.s.q.RegisterQualityProfiles] Update profile js/Sonar way
2020.07.11 21:03:48 INFO  web[][o.s.s.q.RegisterQualityProfiles] Update profile js/Sonar way Recommended
2020.07.11 21:03:48 INFO  web[][o.s.s.q.RegisterQualityProfiles] Update profile py/Sonar way
2020.07.11 21:03:48 INFO  web[][o.s.s.q.RegisterQualityProfiles] Update profile ruby/Sonar way
2020.07.11 21:03:48 INFO  web[][o.s.s.q.RegisterQualityProfiles] Update profile cs/Sonar way
2020.07.11 21:03:49 INFO  web[][o.s.s.q.RegisterQualityProfiles] Update profile java/Sonar way
2020.07.11 21:03:49 INFO  web[][o.s.s.q.RegisterQualityProfiles] Update profile web/Sonar way
2020.07.11 21:03:49 INFO  web[][o.s.s.q.RegisterQualityProfiles] Update profile xml/Sonar way
2020.07.11 21:03:49 INFO  web[][o.s.s.q.RegisterQualityProfiles] Update profile flex/Sonar way
2020.07.11 21:03:49 INFO  web[][o.s.s.q.RegisterQualityProfiles] Update profile php/Sonar way
2020.07.11 21:03:49 INFO  web[][o.s.s.q.RegisterQualityProfiles] Update profile php/PSR-2
2020.07.11 21:03:49 INFO  web[][o.s.s.q.RegisterQualityProfiles] Update profile php/Drupal
2020.07.11 21:03:49 INFO  web[][o.s.s.q.RegisterQualityProfiles] Update profile vbnet/Sonar way
2020.07.11 21:03:49 INFO  web[][o.s.s.q.RegisterQualityProfiles] Update profile ts/Sonar way
2020.07.11 21:03:49 INFO  web[][o.s.s.q.RegisterQualityProfiles] Update profile ts/Sonar way recommended
2020.07.11 21:03:50 INFO  web[][o.s.s.s.RegisterPermissionTemplates] Register permission templates
2020.07.11 21:03:50 INFO  web[][o.s.s.s.RenameDeprecatedPropertyKeys] Rename deprecated property keys
2020.07.11 21:03:50 INFO  web[][o.s.s.p.w.MasterServletFilter] Initializing servlet filter org.sonar.server.platform.web.WebServiceFilter@7934bd59 [pattern=UrlPattern{inclusions=[/api/issues/delete_comment.*, ...], exclusions=[/api/authentication/login.*, ...]}]
2020.07.11 21:03:50 INFO  web[][o.s.s.p.w.MasterServletFilter] Initializing servlet filter org.sonar.server.platform.web.WebServiceReroutingFilter@6ad54ee0 [pattern=UrlPattern{inclusions=[/api/components/bulk_update_key, ...], exclusions=[]}]
2020.07.11 21:03:50 INFO  web[][o.s.s.p.w.MasterServletFilter] Initializing servlet filter org.sonar.server.authentication.InitFilter@1e329192 [pattern=UrlPattern{inclusions=[/sessions/init/*], exclusions=[]}]
2020.07.11 21:03:50 INFO  web[][o.s.s.p.w.MasterServletFilter] Initializing servlet filter org.sonar.server.authentication.OAuth2CallbackFilter@3717d7f3 [pattern=UrlPattern{inclusions=[/oauth2/callback/*], exclusions=[]}]
2020.07.11 21:03:50 INFO  web[][o.s.s.p.w.MasterServletFilter] Initializing servlet filter org.sonar.server.authentication.ws.LoginAction@3439228d [pattern=UrlPattern{inclusions=[/api/authentication/login], exclusions=[]}]
2020.07.11 21:03:50 INFO  web[][o.s.s.p.w.MasterServletFilter] Initializing servlet filter org.sonar.server.authentication.ws.LogoutAction@639eab6f [pattern=UrlPattern{inclusions=[/api/authentication/logout], exclusions=[]}]
2020.07.11 21:03:50 INFO  web[][o.s.s.p.w.MasterServletFilter] Initializing servlet filter org.sonar.server.authentication.ws.ValidateAction@4cc7ffd4 [pattern=UrlPattern{inclusions=[/api/authentication/validate], exclusions=[]}]
2020.07.11 21:03:50 INFO  web[][o.s.s.q.ProjectsInWarningDaemon] Counting number of projects in warning is not started as there are no projects in this situation.
2020.07.11 21:03:50 INFO  web[][o.s.s.p.p.PlatformLevelStartup] Running Community Edition
2020.07.11 21:03:50 INFO  web[][o.s.s.p.Platform] WebServer is operational
2020.07.11 21:04:41 INFO  web[][o.s.p.ProcessEntryPoint] Gracefully stopping process
2020.07.11 21:04:41 INFO  web[][o.s.s.n.NotificationDaemon] Notification service stopped
2020.07.11 21:04:42 INFO  web[][o.s.s.p.d.EmbeddedDatabase] Embedded database stopped
2020.07.11 21:04:42 INFO  web[][o.s.s.app.WebServer] WebServer stopped
2020.07.11 21:18:26 INFO  web[][o.s.p.ProcessEntryPoint] Starting web
2020.07.11 21:18:27 INFO  web[][o.a.t.u.n.NioSelectorPool] Using a shared selector for servlet write/read
2020.07.11 21:18:29 INFO  web[][o.e.p.PluginsService] no modules loaded
2020.07.11 21:18:29 INFO  web[][o.e.p.PluginsService] loaded plugin [org.elasticsearch.join.ParentJoinPlugin]
2020.07.11 21:18:29 INFO  web[][o.e.p.PluginsService] loaded plugin [org.elasticsearch.percolator.PercolatorPlugin]
2020.07.11 21:18:29 INFO  web[][o.e.p.PluginsService] loaded plugin [org.elasticsearch.transport.Netty4Plugin]
2020.07.11 21:18:32 INFO  web[][o.s.s.e.EsClientProvider] Connected to local Elasticsearch: [127.0.0.1:9001]
2020.07.11 21:18:32 INFO  web[][o.s.s.p.LogServerVersion] SonarQube Server / 8.3.1.34397 / 054c18b025be038b6343115894bf3ade0508f1e9
2020.07.11 21:18:35 INFO  web[][o.s.s.p.d.EmbeddedDatabase] Starting embedded database on port 9092 with url jdbc:h2:tcp://127.0.0.1:9092/sonar
2020.07.11 21:18:35 INFO  web[][o.s.s.p.d.EmbeddedDatabase] Embedded database started. Data stored in: C:\Users\abderrazzak\Desktop\sonarqube-8.3.1.34397\data
2020.07.11 21:18:35 INFO  web[][o.sonar.db.Database] Create JDBC data source for jdbc:h2:tcp://127.0.0.1:9092/sonar
2020.07.11 21:18:35 WARN  web[][o.s.db.dialect.H2] H2 database should be used for evaluation purpose only.
2020.07.11 21:18:37 INFO  web[][o.s.s.p.ServerFileSystemImpl] SonarQube home: C:\Users\abderrazzak\Desktop\sonarqube-8.3.1.34397
2020.07.11 21:18:37 INFO  web[][o.s.s.u.SystemPasscodeImpl] System authentication by passcode is disabled
2020.07.11 21:18:37 INFO  web[][o.s.s.p.ServerPluginRepository] Deploy plugin C# Code Quality and Security / 8.6.1.17183 / e9f4299031df68d8c4be6ba670fd4c0395eebf76
2020.07.11 21:18:37 INFO  web[][o.s.s.p.ServerPluginRepository] Deploy plugin Git / 1.11.1.2008 / 204dc9b2cc33ec6b780303f926234eed26aea67d
2020.07.11 21:18:37 INFO  web[][o.s.s.p.ServerPluginRepository] Deploy plugin JaCoCo / 1.1.0.898 / f65b288e6c2888393bd7fb72ad7ac1425f88eebf
2020.07.11 21:18:37 INFO  web[][o.s.s.p.ServerPluginRepository] Deploy plugin Java Code Quality and Security / 6.3.0.21585 / ecf8f9f571691771e6789b8e59ff5e6b4ef36ad8
2020.07.11 21:18:37 INFO  web[][o.s.s.p.ServerPluginRepository] Deploy plugin SonarCSS / 1.2.0.1325 / 8dc9fe17b6230c20715d3b4cb34e0b6d02151afd
2020.07.11 21:18:37 INFO  web[][o.s.s.p.ServerPluginRepository] Deploy plugin SonarFlex / 2.5.1.1831 / a0c44437f6abb0feec76edd073f91fec64db2a6c
2020.07.11 21:18:37 INFO  web[][o.s.s.p.ServerPluginRepository] Deploy plugin SonarGo / 1.6.0.719 / edcc6a9e42fcdd30bb6f84a779c6cd7009ec72fd
2020.07.11 21:18:37 INFO  web[][o.s.s.p.ServerPluginRepository] Deploy plugin SonarHTML / 3.2.0.2082 / 997a51b39c4d0a5399c73a8fb729030a69eb392b
2020.07.11 21:18:37 INFO  web[][o.s.s.p.ServerPluginRepository] Deploy plugin SonarJS / 6.2.0.12043 / 8b9c1eb83d6ecfd2eda2cc3798e593900b6735fd
2020.07.11 21:18:37 INFO  web[][o.s.s.p.ServerPluginRepository] Deploy plugin SonarKotlin / 1.5.0.315 / 4ff3a145a58f3f84f1b39846a205a129d742e993
2020.07.11 21:18:37 INFO  web[][o.s.s.p.ServerPluginRepository] Deploy plugin SonarPHP / 3.3.0.5166 / 88e11dffb965aeef9d5bdd6d8413f394d35fecba
2020.07.11 21:18:37 INFO  web[][o.s.s.p.ServerPluginRepository] Deploy plugin SonarPython / 2.8.0.6204 / 5600d1ed780882d2362bedb3604dbad7ea63eb27
2020.07.11 21:18:37 INFO  web[][o.s.s.p.ServerPluginRepository] Deploy plugin SonarRuby / 1.5.0.315 / 4ff3a145a58f3f84f1b39846a205a129d742e993
2020.07.11 21:18:37 INFO  web[][o.s.s.p.ServerPluginRepository] Deploy plugin SonarScala / 1.5.0.315 / 4ff3a145a58f3f84f1b39846a205a129d742e993
2020.07.11 21:18:37 INFO  web[][o.s.s.p.ServerPluginRepository] Deploy plugin SonarTS / 2.1.0.4359 / 268ba9581b700c4fb2bc194d4069d283da915213
2020.07.11 21:18:37 INFO  web[][o.s.s.p.ServerPluginRepository] Deploy plugin SonarXML / 2.0.1.2020 / c5b84004face582d56f110e24c29bf9c6a679e69
2020.07.11 21:18:37 INFO  web[][o.s.s.p.ServerPluginRepository] Deploy plugin Svn / 1.9.0.1295 / 942e075773975354e32691a60bfd968065703e04
2020.07.11 21:18:37 INFO  web[][o.s.s.p.ServerPluginRepository] Deploy plugin VB.NET Code Quality and Security / 8.6.1.17183 / e9f4299031df68d8c4be6ba670fd4c0395eebf76
2020.07.11 21:18:40 WARN  web[][o.a.c.u.SessionIdGeneratorBase] Creation of SecureRandom instance for session ID generation using [SHA1PRNG] took [735] milliseconds.
2020.07.11 21:18:40 INFO  web[][o.s.s.p.w.MasterServletFilter] Initializing servlet filter org.sonar.server.platform.web.WebServiceFilter@612d5d6f [pattern=UrlPattern{inclusions=[/api/system/migrate_db.*, ...], exclusions=[/api/components/update_key, ...]}]
2020.07.11 21:18:40 INFO  web[][o.s.s.a.EmbeddedTomcat] HTTP connector enabled on port 9000
2020.07.11 21:18:53 INFO  web[][o.s.s.p.UpdateCenterClient] Update center: https://update.sonarsource.org/update-center.properties (no proxy)
2020.07.11 21:18:54 INFO  web[][o.s.s.s.LogServerId] Server ID: BF41A1F2-AXJQp7RC3AlaujWLT3Ke
2020.07.11 21:18:54 WARN  web[][o.s.s.a.LogOAuthWarning] For security reasons, OAuth authentication should use HTTPS. You should set the property 'Administration > Configuration > Server base URL' to a HTTPS URL.
2020.07.11 21:18:54 WARN  web[][o.s.a.s.w.WebService$Action] The response example is not set on action api/plugins/download
2020.07.11 21:18:54 WARN  web[][o.s.a.s.w.WebService$Action] The response example is not set on action api/permissions/search_templates
2020.07.11 21:18:55 INFO  web[][o.s.s.t.TelemetryDaemon] Sharing of SonarQube statistics is enabled.
2020.07.11 21:18:55 INFO  web[][o.s.s.n.NotificationDaemon] Notification service started (delay 60 sec.)
2020.07.11 21:18:55 INFO  web[][o.s.s.s.GeneratePluginIndex] Generate scanner plugin index
2020.07.11 21:18:55 INFO  web[][o.s.s.s.RegisterPlugins] Register plugins
2020.07.11 21:18:55 INFO  web[][o.s.s.s.RegisterMetrics] Register metrics
2020.07.11 21:18:55 INFO  web[][o.s.s.r.RegisterRules] Register rules
2020.07.11 21:19:03 INFO  web[][o.s.s.q.BuiltInQProfileRepositoryImpl] Load quality profiles
2020.07.11 21:19:04 INFO  web[][o.s.s.q.RegisterQualityProfiles] Register quality profiles
2020.07.11 21:19:04 INFO  web[][o.s.s.q.RegisterQualityProfiles] Update profile css/Sonar way
2020.07.11 21:19:04 INFO  web[][o.s.s.q.RegisterQualityProfiles] Update profile scala/Sonar way
2020.07.11 21:19:04 INFO  web[][o.s.s.q.RegisterQualityProfiles] Update profile jsp/Sonar way
2020.07.11 21:19:04 INFO  web[][o.s.s.q.RegisterQualityProfiles] Update profile kotlin/Sonar way
2020.07.11 21:19:04 INFO  web[][o.s.s.q.RegisterQualityProfiles] Update profile go/Sonar way
2020.07.11 21:19:04 INFO  web[][o.s.s.q.RegisterQualityProfiles] Update profile js/Sonar way
2020.07.11 21:19:04 INFO  web[][o.s.s.q.RegisterQualityProfiles] Update profile js/Sonar way Recommended
2020.07.11 21:19:04 INFO  web[][o.s.s.q.RegisterQualityProfiles] Update profile py/Sonar way
2020.07.11 21:19:05 INFO  web[][o.s.s.q.RegisterQualityProfiles] Update profile ruby/Sonar way
2020.07.11 21:19:05 INFO  web[][o.s.s.q.RegisterQualityProfiles] Update profile cs/Sonar way
2020.07.11 21:19:05 INFO  web[][o.s.s.q.RegisterQualityProfiles] Update profile java/Sonar way
2020.07.11 21:19:05 INFO  web[][o.s.s.q.RegisterQualityProfiles] Update profile web/Sonar way
2020.07.11 21:19:05 INFO  web[][o.s.s.q.RegisterQualityProfiles] Update profile xml/Sonar way
2020.07.11 21:19:05 INFO  web[][o.s.s.q.RegisterQualityProfiles] Update profile flex/Sonar way
2020.07.11 21:19:05 INFO  web[][o.s.s.q.RegisterQualityProfiles] Update profile php/Sonar way
2020.07.11 21:19:05 INFO  web[][o.s.s.q.RegisterQualityProfiles] Update profile php/PSR-2
2020.07.11 21:19:05 INFO  web[][o.s.s.q.RegisterQualityProfiles] Update profile php/Drupal
2020.07.11 21:19:05 INFO  web[][o.s.s.q.RegisterQualityProfiles] Update profile vbnet/Sonar way
2020.07.11 21:19:05 INFO  web[][o.s.s.q.RegisterQualityProfiles] Update profile ts/Sonar way
2020.07.11 21:19:05 INFO  web[][o.s.s.q.RegisterQualityProfiles] Update profile ts/Sonar way recommended
2020.07.11 21:19:06 INFO  web[][o.s.s.s.RegisterPermissionTemplates] Register permission templates
2020.07.11 21:19:06 INFO  web[][o.s.s.s.RenameDeprecatedPropertyKeys] Rename deprecated property keys
2020.07.11 21:19:06 INFO  web[][o.s.s.p.w.MasterServletFilter] Initializing servlet filter org.sonar.server.platform.web.WebServiceFilter@746cb3b4 [pattern=UrlPattern{inclusions=[/api/issues/delete_comment.*, ...], exclusions=[/api/authentication/login.*, ...]}]
2020.07.11 21:19:06 INFO  web[][o.s.s.p.w.MasterServletFilter] Initializing servlet filter org.sonar.server.platform.web.WebServiceReroutingFilter@2c1a8609 [pattern=UrlPattern{inclusions=[/api/components/bulk_update_key, ...], exclusions=[]}]
2020.07.11 21:19:06 INFO  web[][o.s.s.p.w.MasterServletFilter] Initializing servlet filter org.sonar.server.authentication.InitFilter@7dc2746c [pattern=UrlPattern{inclusions=[/sessions/init/*], exclusions=[]}]
2020.07.11 21:19:06 INFO  web[][o.s.s.p.w.MasterServletFilter] Initializing servlet filter org.sonar.server.authentication.OAuth2CallbackFilter@60ed73b1 [pattern=UrlPattern{inclusions=[/oauth2/callback/*], exclusions=[]}]
2020.07.11 21:19:06 INFO  web[][o.s.s.p.w.MasterServletFilter] Initializing servlet filter org.sonar.server.authentication.ws.LoginAction@607f712e [pattern=UrlPattern{inclusions=[/api/authentication/login], exclusions=[]}]
2020.07.11 21:19:06 INFO  web[][o.s.s.p.w.MasterServletFilter] Initializing servlet filter org.sonar.server.authentication.ws.LogoutAction@f7ce696 [pattern=UrlPattern{inclusions=[/api/authentication/logout], exclusions=[]}]
2020.07.11 21:19:06 INFO  web[][o.s.s.p.w.MasterServletFilter] Initializing servlet filter org.sonar.server.authentication.ws.ValidateAction@1ac399be [pattern=UrlPattern{inclusions=[/api/authentication/validate], exclusions=[]}]
2020.07.11 21:19:06 INFO  web[][o.s.s.q.ProjectsInWarningDaemon] Counting number of projects in warning is not started as there are no projects in this situation.
2020.07.11 21:19:06 INFO  web[][o.s.s.p.p.PlatformLevelStartup] Running Community Edition
2020.07.11 21:19:06 INFO  web[][o.s.s.p.Platform] WebServer is operational
2020.07.11 21:19:43 INFO  web[][o.s.p.ProcessEntryPoint] Gracefully stopping process
2020.07.11 21:19:43 INFO  web[][o.s.s.n.NotificationDaemon] Notification service stopped
2020.07.11 21:19:44 INFO  web[][o.s.s.p.d.EmbeddedDatabase] Embedded database stopped
2020.07.11 21:19:44 INFO  web[][o.s.s.app.WebServer] WebServer stopped
2020.07.11 21:22:53 INFO  web[][o.s.p.ProcessEntryPoint] Starting web
2020.07.11 21:22:54 INFO  web[][o.a.t.u.n.NioSelectorPool] Using a shared selector for servlet write/read
2020.07.11 21:22:56 INFO  web[][o.e.p.PluginsService] no modules loaded
2020.07.11 21:22:56 INFO  web[][o.e.p.PluginsService] loaded plugin [org.elasticsearch.join.ParentJoinPlugin]
2020.07.11 21:22:56 INFO  web[][o.e.p.PluginsService] loaded plugin [org.elasticsearch.percolator.PercolatorPlugin]
2020.07.11 21:22:56 INFO  web[][o.e.p.PluginsService] loaded plugin [org.elasticsearch.transport.Netty4Plugin]
2020.07.11 21:22:59 INFO  web[][o.s.s.e.EsClientProvider] Connected to local Elasticsearch: [127.0.0.1:9001]
2020.07.11 21:22:59 INFO  web[][o.s.s.p.LogServerVersion] SonarQube Server / 8.3.1.34397 / 054c18b025be038b6343115894bf3ade0508f1e9
2020.07.11 21:23:00 INFO  web[][o.s.s.p.d.EmbeddedDatabase] Starting embedded database on port 9092 with url jdbc:h2:tcp://127.0.0.1:9092/sonar
2020.07.11 21:23:00 INFO  web[][o.s.s.p.d.EmbeddedDatabase] Embedded database started. Data stored in: C:\Users\abderrazzak\Desktop\sonarqube-8.3.1.34397\data
2020.07.11 21:23:00 INFO  web[][o.sonar.db.Database] Create JDBC data source for jdbc:h2:tcp://127.0.0.1:9092/sonar
2020.07.11 21:23:01 WARN  web[][o.s.db.dialect.H2] H2 database should be used for evaluation purpose only.
2020.07.11 21:23:02 INFO  web[][o.s.s.p.ServerFileSystemImpl] SonarQube home: C:\Users\abderrazzak\Desktop\sonarqube-8.3.1.34397
2020.07.11 21:23:02 INFO  web[][o.s.s.u.SystemPasscodeImpl] System authentication by passcode is disabled
2020.07.11 21:23:02 INFO  web[][o.s.s.p.ServerPluginRepository] Deploy plugin C# Code Quality and Security / 8.6.1.17183 / e9f4299031df68d8c4be6ba670fd4c0395eebf76
2020.07.11 21:23:02 INFO  web[][o.s.s.p.ServerPluginRepository] Deploy plugin Git / 1.11.1.2008 / 204dc9b2cc33ec6b780303f926234eed26aea67d
2020.07.11 21:23:02 INFO  web[][o.s.s.p.ServerPluginRepository] Deploy plugin JaCoCo / 1.1.0.898 / f65b288e6c2888393bd7fb72ad7ac1425f88eebf
2020.07.11 21:23:02 INFO  web[][o.s.s.p.ServerPluginRepository] Deploy plugin Java Code Quality and Security / 6.3.0.21585 / ecf8f9f571691771e6789b8e59ff5e6b4ef36ad8
2020.07.11 21:23:02 INFO  web[][o.s.s.p.ServerPluginRepository] Deploy plugin SonarCSS / 1.2.0.1325 / 8dc9fe17b6230c20715d3b4cb34e0b6d02151afd
2020.07.11 21:23:02 INFO  web[][o.s.s.p.ServerPluginRepository] Deploy plugin SonarFlex / 2.5.1.1831 / a0c44437f6abb0feec76edd073f91fec64db2a6c
2020.07.11 21:23:02 INFO  web[][o.s.s.p.ServerPluginRepository] Deploy plugin SonarGo / 1.6.0.719 / edcc6a9e42fcdd30bb6f84a779c6cd7009ec72fd
2020.07.11 21:23:02 INFO  web[][o.s.s.p.ServerPluginRepository] Deploy plugin SonarHTML / 3.2.0.2082 / 997a51b39c4d0a5399c73a8fb729030a69eb392b
2020.07.11 21:23:02 INFO  web[][o.s.s.p.ServerPluginRepository] Deploy plugin SonarJS / 6.2.0.12043 / 8b9c1eb83d6ecfd2eda2cc3798e593900b6735fd
2020.07.11 21:23:02 INFO  web[][o.s.s.p.ServerPluginRepository] Deploy plugin SonarKotlin / 1.5.0.315 / 4ff3a145a58f3f84f1b39846a205a129d742e993
2020.07.11 21:23:02 INFO  web[][o.s.s.p.ServerPluginRepository] Deploy plugin SonarPHP / 3.3.0.5166 / 88e11dffb965aeef9d5bdd6d8413f394d35fecba
2020.07.11 21:23:02 INFO  web[][o.s.s.p.ServerPluginRepository] Deploy plugin SonarPython / 2.8.0.6204 / 5600d1ed780882d2362bedb3604dbad7ea63eb27
2020.07.11 21:23:02 INFO  web[][o.s.s.p.ServerPluginRepository] Deploy plugin SonarRuby / 1.5.0.315 / 4ff3a145a58f3f84f1b39846a205a129d742e993
2020.07.11 21:23:02 INFO  web[][o.s.s.p.ServerPluginRepository] Deploy plugin SonarScala / 1.5.0.315 / 4ff3a145a58f3f84f1b39846a205a129d742e993
2020.07.11 21:23:02 INFO  web[][o.s.s.p.ServerPluginRepository] Deploy plugin SonarTS / 2.1.0.4359 / 268ba9581b700c4fb2bc194d4069d283da915213
2020.07.11 21:23:02 INFO  web[][o.s.s.p.ServerPluginRepository] Deploy plugin SonarXML / 2.0.1.2020 / c5b84004face582d56f110e24c29bf9c6a679e69
2020.07.11 21:23:02 INFO  web[][o.s.s.p.ServerPluginRepository] Deploy plugin Svn / 1.9.0.1295 / 942e075773975354e32691a60bfd968065703e04
2020.07.11 21:23:02 INFO  web[][o.s.s.p.ServerPluginRepository] Deploy plugin VB.NET Code Quality and Security / 8.6.1.17183 / e9f4299031df68d8c4be6ba670fd4c0395eebf76
2020.07.11 21:23:05 WARN  web[][o.a.c.u.SessionIdGeneratorBase] Creation of SecureRandom instance for session ID generation using [SHA1PRNG] took [960] milliseconds.
2020.07.11 21:23:05 INFO  web[][o.s.s.p.w.MasterServletFilter] Initializing servlet filter org.sonar.server.platform.web.WebServiceFilter@35d7c9e9 [pattern=UrlPattern{inclusions=[/api/system/migrate_db.*, ...], exclusions=[/api/components/update_key, ...]}]
2020.07.11 21:23:05 INFO  web[][o.s.s.a.EmbeddedTomcat] HTTP connector enabled on port 9000
2020.07.11 21:23:17 INFO  web[][o.s.s.p.UpdateCenterClient] Update center: https://update.sonarsource.org/update-center.properties (no proxy)
2020.07.11 21:23:18 INFO  web[][o.s.s.s.LogServerId] Server ID: BF41A1F2-AXJQp7RC3AlaujWLT3Ke
2020.07.11 21:23:18 WARN  web[][o.s.s.a.LogOAuthWarning] For security reasons, OAuth authentication should use HTTPS. You should set the property 'Administration > Configuration > Server base URL' to a HTTPS URL.
2020.07.11 21:23:18 WARN  web[][o.s.a.s.w.WebService$Action] The response example is not set on action api/plugins/download
2020.07.11 21:23:18 WARN  web[][o.s.a.s.w.WebService$Action] The response example is not set on action api/permissions/search_templates
2020.07.11 21:23:19 INFO  web[][o.s.s.t.TelemetryDaemon] Sharing of SonarQube statistics is enabled.
2020.07.11 21:23:19 INFO  web[][o.s.s.n.NotificationDaemon] Notification service started (delay 60 sec.)
2020.07.11 21:23:19 INFO  web[][o.s.s.s.GeneratePluginIndex] Generate scanner plugin index
2020.07.11 21:23:19 INFO  web[][o.s.s.s.RegisterPlugins] Register plugins
2020.07.11 21:23:19 INFO  web[][o.s.s.s.RegisterMetrics] Register metrics
2020.07.11 21:23:19 INFO  web[][o.s.s.r.RegisterRules] Register rules
2020.07.11 21:23:27 INFO  web[][o.s.s.q.BuiltInQProfileRepositoryImpl] Load quality profiles
2020.07.11 21:23:28 INFO  web[][o.s.s.q.RegisterQualityProfiles] Register quality profiles
2020.07.11 21:23:28 INFO  web[][o.s.s.q.RegisterQualityProfiles] Update profile css/Sonar way
2020.07.11 21:23:28 INFO  web[][o.s.s.q.RegisterQualityProfiles] Update profile scala/Sonar way
2020.07.11 21:23:28 INFO  web[][o.s.s.q.RegisterQualityProfiles] Update profile jsp/Sonar way
2020.07.11 21:23:28 INFO  web[][o.s.s.q.RegisterQualityProfiles] Update profile kotlin/Sonar way
2020.07.11 21:23:28 INFO  web[][o.s.s.q.RegisterQualityProfiles] Update profile go/Sonar way
2020.07.11 21:23:29 INFO  web[][o.s.s.q.RegisterQualityProfiles] Update profile js/Sonar way
2020.07.11 21:23:29 INFO  web[][o.s.s.q.RegisterQualityProfiles] Update profile js/Sonar way Recommended
2020.07.11 21:23:29 INFO  web[][o.s.s.q.RegisterQualityProfiles] Update profile py/Sonar way
2020.07.11 21:23:29 INFO  web[][o.s.s.q.RegisterQualityProfiles] Update profile ruby/Sonar way
2020.07.11 21:23:29 INFO  web[][o.s.s.q.RegisterQualityProfiles] Update profile cs/Sonar way
2020.07.11 21:23:29 INFO  web[][o.s.s.q.RegisterQualityProfiles] Update profile java/Sonar way
2020.07.11 21:23:29 INFO  web[][o.s.s.q.RegisterQualityProfiles] Update profile web/Sonar way
2020.07.11 21:23:29 INFO  web[][o.s.s.q.RegisterQualityProfiles] Update profile xml/Sonar way
2020.07.11 21:23:29 INFO  web[][o.s.s.q.RegisterQualityProfiles] Update profile flex/Sonar way
2020.07.11 21:23:29 INFO  web[][o.s.s.q.RegisterQualityProfiles] Update profile php/Sonar way
2020.07.11 21:23:30 INFO  web[][o.s.s.q.RegisterQualityProfiles] Update profile php/PSR-2
2020.07.11 21:23:30 INFO  web[][o.s.s.q.RegisterQualityProfiles] Update profile php/Drupal
2020.07.11 21:23:30 INFO  web[][o.s.s.q.RegisterQualityProfiles] Update profile vbnet/Sonar way
2020.07.11 21:23:30 INFO  web[][o.s.s.q.RegisterQualityProfiles] Update profile ts/Sonar way
2020.07.11 21:23:30 INFO  web[][o.s.s.q.RegisterQualityProfiles] Update profile ts/Sonar way recommended
2020.07.11 21:23:30 INFO  web[][o.s.s.s.RegisterPermissionTemplates] Register permission templates
2020.07.11 21:23:30 INFO  web[][o.s.s.s.RenameDeprecatedPropertyKeys] Rename deprecated property keys
2020.07.11 21:23:30 INFO  web[][o.s.s.p.w.MasterServletFilter] Initializing servlet filter org.sonar.server.platform.web.WebServiceFilter@4a04647f [pattern=UrlPattern{inclusions=[/api/issues/delete_comment.*, ...], exclusions=[/api/authentication/login.*, ...]}]
2020.07.11 21:23:30 INFO  web[][o.s.s.p.w.MasterServletFilter] Initializing servlet filter org.sonar.server.platform.web.WebServiceReroutingFilter@70d59781 [pattern=UrlPattern{inclusions=[/api/components/bulk_update_key, ...], exclusions=[]}]
2020.07.11 21:23:30 INFO  web[][o.s.s.p.w.MasterServletFilter] Initializing servlet filter org.sonar.server.authentication.InitFilter@43486bfe [pattern=UrlPattern{inclusions=[/sessions/init/*], exclusions=[]}]
2020.07.11 21:23:30 INFO  web[][o.s.s.p.w.MasterServletFilter] Initializing servlet filter org.sonar.server.authentication.OAuth2CallbackFilter@4229bda9 [pattern=UrlPattern{inclusions=[/oauth2/callback/*], exclusions=[]}]
2020.07.11 21:23:30 INFO  web[][o.s.s.p.w.MasterServletFilter] Initializing servlet filter org.sonar.server.authentication.ws.LoginAction@276c34f [pattern=UrlPattern{inclusions=[/api/authentication/login], exclusions=[]}]
2020.07.11 21:23:30 INFO  web[][o.s.s.p.w.MasterServletFilter] Initializing servlet filter org.sonar.server.authentication.ws.LogoutAction@711e5a1b [pattern=UrlPattern{inclusions=[/api/authentication/logout], exclusions=[]}]
2020.07.11 21:23:30 INFO  web[][o.s.s.p.w.MasterServletFilter] Initializing servlet filter org.sonar.server.authentication.ws.ValidateAction@4dd4e9f4 [pattern=UrlPattern{inclusions=[/api/authentication/validate], exclusions=[]}]
2020.07.11 21:23:30 INFO  web[][o.s.s.q.ProjectsInWarningDaemon] Counting number of projects in warning is not started as there are no projects in this situation.
2020.07.11 21:23:30 INFO  web[][o.s.s.p.p.PlatformLevelStartup] Running Community Edition
2020.07.11 21:23:30 INFO  web[][o.s.s.p.Platform] WebServer is operational
2020.07.11 21:24:51 INFO  web[][o.s.p.ProcessEntryPoint] Gracefully stopping process
2020.07.11 21:24:52 INFO  web[][o.s.s.n.NotificationDaemon] Notification service stopped
2020.07.11 21:24:52 INFO  web[][o.s.s.p.d.EmbeddedDatabase] Embedded database stopped
2020.07.11 21:24:52 INFO  web[][o.s.s.app.WebServer] WebServer stopped
2020.07.11 21:31:26 INFO  web[][o.s.p.ProcessEntryPoint] Starting web
2020.07.11 21:31:27 INFO  web[][o.a.t.u.n.NioSelectorPool] Using a shared selector for servlet write/read
2020.07.11 21:31:30 INFO  web[][o.e.p.PluginsService] no modules loaded
2020.07.11 21:31:30 INFO  web[][o.e.p.PluginsService] loaded plugin [org.elasticsearch.join.ParentJoinPlugin]
2020.07.11 21:31:30 INFO  web[][o.e.p.PluginsService] loaded plugin [org.elasticsearch.percolator.PercolatorPlugin]
2020.07.11 21:31:30 INFO  web[][o.e.p.PluginsService] loaded plugin [org.elasticsearch.transport.Netty4Plugin]
2020.07.11 21:31:33 INFO  web[][o.s.s.e.EsClientProvider] Connected to local Elasticsearch: [127.0.0.1:9001]
2020.07.11 21:31:33 INFO  web[][o.s.s.p.LogServerVersion] SonarQube Server / 8.3.1.34397 / 054c18b025be038b6343115894bf3ade0508f1e9
2020.07.11 21:31:34 INFO  web[][o.s.s.p.d.EmbeddedDatabase] Starting embedded database on port 9092 with url jdbc:h2:tcp://127.0.0.1:9092/sonar
2020.07.11 21:31:34 INFO  web[][o.s.s.p.d.EmbeddedDatabase] Embedded database started. Data stored in: C:\Users\abderrazzak\Desktop\sonarqube-8.3.1.34397\data
2020.07.11 21:31:34 INFO  web[][o.sonar.db.Database] Create JDBC data source for jdbc:h2:tcp://127.0.0.1:9092/sonar
2020.07.11 21:31:35 WARN  web[][o.s.db.dialect.H2] H2 database should be used for evaluation purpose only.
2020.07.11 21:31:36 INFO  web[][o.s.s.p.ServerFileSystemImpl] SonarQube home: C:\Users\abderrazzak\Desktop\sonarqube-8.3.1.34397
2020.07.11 21:31:36 INFO  web[][o.s.s.u.SystemPasscodeImpl] System authentication by passcode is disabled
2020.07.11 21:31:36 INFO  web[][o.s.s.p.ServerPluginRepository] Deploy plugin C# Code Quality and Security / 8.6.1.17183 / e9f4299031df68d8c4be6ba670fd4c0395eebf76
2020.07.11 21:31:36 INFO  web[][o.s.s.p.ServerPluginRepository] Deploy plugin Git / 1.11.1.2008 / 204dc9b2cc33ec6b780303f926234eed26aea67d
2020.07.11 21:31:36 INFO  web[][o.s.s.p.ServerPluginRepository] Deploy plugin JaCoCo / 1.1.0.898 / f65b288e6c2888393bd7fb72ad7ac1425f88eebf
2020.07.11 21:31:36 INFO  web[][o.s.s.p.ServerPluginRepository] Deploy plugin Java Code Quality and Security / 6.3.0.21585 / ecf8f9f571691771e6789b8e59ff5e6b4ef36ad8
2020.07.11 21:31:36 INFO  web[][o.s.s.p.ServerPluginRepository] Deploy plugin SonarCSS / 1.2.0.1325 / 8dc9fe17b6230c20715d3b4cb34e0b6d02151afd
2020.07.11 21:31:36 INFO  web[][o.s.s.p.ServerPluginRepository] Deploy plugin SonarFlex / 2.5.1.1831 / a0c44437f6abb0feec76edd073f91fec64db2a6c
2020.07.11 21:31:36 INFO  web[][o.s.s.p.ServerPluginRepository] Deploy plugin SonarGo / 1.6.0.719 / edcc6a9e42fcdd30bb6f84a779c6cd7009ec72fd
2020.07.11 21:31:36 INFO  web[][o.s.s.p.ServerPluginRepository] Deploy plugin SonarHTML / 3.2.0.2082 / 997a51b39c4d0a5399c73a8fb729030a69eb392b
2020.07.11 21:31:36 INFO  web[][o.s.s.p.ServerPluginRepository] Deploy plugin SonarJS / 6.2.0.12043 / 8b9c1eb83d6ecfd2eda2cc3798e593900b6735fd
2020.07.11 21:31:36 INFO  web[][o.s.s.p.ServerPluginRepository] Deploy plugin SonarKotlin / 1.5.0.315 / 4ff3a145a58f3f84f1b39846a205a129d742e993
2020.07.11 21:31:36 INFO  web[][o.s.s.p.ServerPluginRepository] Deploy plugin SonarPHP / 3.3.0.5166 / 88e11dffb965aeef9d5bdd6d8413f394d35fecba
2020.07.11 21:31:36 INFO  web[][o.s.s.p.ServerPluginRepository] Deploy plugin SonarPython / 2.8.0.6204 / 5600d1ed780882d2362bedb3604dbad7ea63eb27
2020.07.11 21:31:36 INFO  web[][o.s.s.p.ServerPluginRepository] Deploy plugin SonarRuby / 1.5.0.315 / 4ff3a145a58f3f84f1b39846a205a129d742e993
2020.07.11 21:31:36 INFO  web[][o.s.s.p.ServerPluginRepository] Deploy plugin SonarScala / 1.5.0.315 / 4ff3a145a58f3f84f1b39846a205a129d742e993
2020.07.11 21:31:36 INFO  web[][o.s.s.p.ServerPluginRepository] Deploy plugin SonarTS / 2.1.0.4359 / 268ba9581b700c4fb2bc194d4069d283da915213
2020.07.11 21:31:36 INFO  web[][o.s.s.p.ServerPluginRepository] Deploy plugin SonarXML / 2.0.1.2020 / c5b84004face582d56f110e24c29bf9c6a679e69
2020.07.11 21:31:36 INFO  web[][o.s.s.p.ServerPluginRepository] Deploy plugin Svn / 1.9.0.1295 / 942e075773975354e32691a60bfd968065703e04
2020.07.11 21:31:36 INFO  web[][o.s.s.p.ServerPluginRepository] Deploy plugin VB.NET Code Quality and Security / 8.6.1.17183 / e9f4299031df68d8c4be6ba670fd4c0395eebf76
2020.07.11 21:31:37 INFO  web[][o.s.p.ProcessEntryPoint] Gracefully stopping process
2020.07.11 21:31:39 WARN  web[][o.a.c.u.SessionIdGeneratorBase] Creation of SecureRandom instance for session ID generation using [SHA1PRNG] took [1,101] milliseconds.
2020.07.11 21:31:39 INFO  web[][o.s.s.p.w.MasterServletFilter] Initializing servlet filter org.sonar.server.platform.web.WebServiceFilter@536cf518 [pattern=UrlPattern{inclusions=[/api/system/migrate_db.*, ...], exclusions=[/api/components/update_key, ...]}]
2020.07.11 21:31:39 INFO  web[][o.s.s.a.EmbeddedTomcat] HTTP connector enabled on port 9000
2020.07.11 21:31:40 INFO  web[][o.s.s.p.d.EmbeddedDatabase] Embedded database stopped
2020.07.11 21:31:40 WARN  web[][o.a.c.l.WebappClassLoaderBase] The web application [ROOT] appears to have started a thread named [SQ starter] but has failed to stop it. This is very likely to create a memory leak. Stack trace of thread:
 java.base@11.0.7/java.util.zip.Inflater.inflateBytesBytes(Native Method)
 java.base@11.0.7/java.util.zip.Inflater.inflate(Inflater.java:385)
 java.base@11.0.7/java.util.zip.InflaterInputStream.read(InflaterInputStream.java:153)
 java.base@11.0.7/jdk.internal.loader.Resource.getBytes(Resource.java:124)
 java.base@11.0.7/jdk.internal.loader.BuiltinClassLoader.defineClass(BuiltinClassLoader.java:797)
 java.base@11.0.7/jdk.internal.loader.BuiltinClassLoader.findClassOnClassPathOrNull(BuiltinClassLoader.java:698)
 java.base@11.0.7/jdk.internal.loader.BuiltinClassLoader.loadClassOrNull(BuiltinClassLoader.java:621)
 java.base@11.0.7/jdk.internal.loader.BuiltinClassLoader.loadClass(BuiltinClassLoader.java:579)
 java.base@11.0.7/jdk.internal.loader.ClassLoaders$AppClassLoader.loadClass(ClassLoaders.java:178)
 java.base@11.0.7/java.lang.ClassLoader.loadClass(ClassLoader.java:521)
 java.base@11.0.7/java.lang.Class.getDeclaredMethods0(Native Method)
 java.base@11.0.7/java.lang.Class.privateGetDeclaredMethods(Class.java:3166)
 java.base@11.0.7/java.lang.Class.getDeclaredMethods(Class.java:2309)
 app//org.picocontainer.injectors.AdaptingInjection$1.run(AdaptingInjection.java:203)
 java.base@11.0.7/java.security.AccessController.doPrivileged(Native Method)
 app//org.picocontainer.injectors.AdaptingInjection.injectionMethodAnnotated(AdaptingInjection.java:200)
 app//org.picocontainer.injectors.AdaptingInjection.methodAnnotatedInjectionAdapter(AdaptingInjection.java:171)
 app//org.picocontainer.injectors.AdaptingInjection.createComponentAdapter(AdaptingInjection.java:70)
 app//org.picocontainer.behaviors.AbstractBehaviorFactory.createComponentAdapter(AbstractBehaviorFactory.java:44)
 app//org.picocontainer.behaviors.OptInCaching.createComponentAdapter(OptInCaching.java:45)
 app//org.picocontainer.DefaultPicoContainer.addComponent(DefaultPicoContainer.java:536)
 app//org.picocontainer.DefaultPicoContainer.access$300(DefaultPicoContainer.java:84)
 app//org.picocontainer.DefaultPicoContainer$AsPropertiesPicoContainer.addComponent(DefaultPicoContainer.java:1149)
 app//org.sonar.core.platform.ComponentContainer.addComponent(ComponentContainer.java:229)
 app//org.sonar.core.platform.Module.add(Module.java:46)
 app//org.sonar.server.issue.notification.IssuesChangesNotificationModule.configureModule(IssuesChangesNotificationModule.java:27)
 app//org.sonar.core.platform.Module.configure(Module.java:32)
 app//org.sonar.server.platform.platformlevel.PlatformLevel.configure(PlatformLevel.java:78)
 app//org.sonar.server.platform.PlatformImpl.start(PlatformImpl.java:210)
 app//org.sonar.server.platform.PlatformImpl.startLevel34Containers(PlatformImpl.java:187)
 app//org.sonar.server.platform.PlatformImpl.access$500(PlatformImpl.java:46)
 app//org.sonar.server.platform.PlatformImpl$1.lambda$doRun$0(PlatformImpl.java:120)
 app//org.sonar.server.platform.PlatformImpl$1$$Lambda$1211/0x000000010075e840.run(Unknown Source)
 app//org.sonar.server.platform.PlatformImpl$AutoStarterRunnable.runIfNotAborted(PlatformImpl.java:370)
 app//org.sonar.server.platform.PlatformImpl$1.doRun(PlatformImpl.java:120)
 app//org.sonar.server.platform.PlatformImpl$AutoStarterRunnable.run(PlatformImpl.java:354)
 java.base@11.0.7/java.lang.Thread.run(Thread.java:834)
2020.07.11 21:31:40 INFO  web[][o.s.s.app.WebServer] WebServer stopped
2020.07.11 22:15:37 INFO  web[][o.s.p.ProcessEntryPoint] Starting web
2020.07.11 22:15:39 INFO  web[][o.a.t.u.n.NioSelectorPool] Using a shared selector for servlet write/read
2020.07.11 22:15:43 INFO  web[][o.e.p.PluginsService] no modules loaded
2020.07.11 22:15:43 INFO  web[][o.e.p.PluginsService] loaded plugin [org.elasticsearch.join.ParentJoinPlugin]
2020.07.11 22:15:43 INFO  web[][o.e.p.PluginsService] loaded plugin [org.elasticsearch.percolator.PercolatorPlugin]
2020.07.11 22:15:43 INFO  web[][o.e.p.PluginsService] loaded plugin [org.elasticsearch.transport.Netty4Plugin]
2020.07.11 22:15:47 INFO  web[][o.s.s.e.EsClientProvider] Connected to local Elasticsearch: [127.0.0.1:9001]
2020.07.11 22:15:47 INFO  web[][o.s.s.p.LogServerVersion] SonarQube Server / 8.3.1.34397 / 054c18b025be038b6343115894bf3ade0508f1e9
2020.07.11 22:15:51 INFO  web[][o.s.s.p.d.EmbeddedDatabase] Starting embedded database on port 9092 with url jdbc:h2:tcp://127.0.0.1:9092/sonar
2020.07.11 22:15:51 INFO  web[][o.s.s.p.d.EmbeddedDatabase] Embedded database started. Data stored in: C:\Users\abderrazzak\Desktop\sonarqube-8.3.1.34397\data
2020.07.11 22:15:51 INFO  web[][o.sonar.db.Database] Create JDBC data source for jdbc:h2:tcp://127.0.0.1:9092/sonar
2020.07.11 22:15:52 WARN  web[][o.s.db.dialect.H2] H2 database should be used for evaluation purpose only.
2020.07.11 22:15:55 INFO  web[][o.s.s.p.ServerFileSystemImpl] SonarQube home: C:\Users\abderrazzak\Desktop\sonarqube-8.3.1.34397
2020.07.11 22:15:55 INFO  web[][o.s.s.u.SystemPasscodeImpl] System authentication by passcode is disabled
2020.07.11 22:15:58 INFO  web[][o.s.s.p.ServerPluginRepository] Deploy plugin C# Code Quality and Security / 8.6.1.17183 / e9f4299031df68d8c4be6ba670fd4c0395eebf76
2020.07.11 22:15:58 INFO  web[][o.s.s.p.ServerPluginRepository] Deploy plugin Git / 1.11.1.2008 / 204dc9b2cc33ec6b780303f926234eed26aea67d
2020.07.11 22:15:58 INFO  web[][o.s.s.p.ServerPluginRepository] Deploy plugin JaCoCo / 1.1.0.898 / f65b288e6c2888393bd7fb72ad7ac1425f88eebf
2020.07.11 22:15:58 INFO  web[][o.s.s.p.ServerPluginRepository] Deploy plugin Java Code Quality and Security / 6.3.0.21585 / ecf8f9f571691771e6789b8e59ff5e6b4ef36ad8
2020.07.11 22:15:58 INFO  web[][o.s.s.p.ServerPluginRepository] Deploy plugin SonarCSS / 1.2.0.1325 / 8dc9fe17b6230c20715d3b4cb34e0b6d02151afd
2020.07.11 22:15:58 INFO  web[][o.s.s.p.ServerPluginRepository] Deploy plugin SonarFlex / 2.5.1.1831 / a0c44437f6abb0feec76edd073f91fec64db2a6c
2020.07.11 22:15:58 INFO  web[][o.s.s.p.ServerPluginRepository] Deploy plugin SonarGo / 1.6.0.719 / edcc6a9e42fcdd30bb6f84a779c6cd7009ec72fd
2020.07.11 22:15:58 INFO  web[][o.s.s.p.ServerPluginRepository] Deploy plugin SonarHTML / 3.2.0.2082 / 997a51b39c4d0a5399c73a8fb729030a69eb392b
2020.07.11 22:15:58 INFO  web[][o.s.s.p.ServerPluginRepository] Deploy plugin SonarJS / 6.2.0.12043 / 8b9c1eb83d6ecfd2eda2cc3798e593900b6735fd
2020.07.11 22:15:58 INFO  web[][o.s.s.p.ServerPluginRepository] Deploy plugin SonarKotlin / 1.5.0.315 / 4ff3a145a58f3f84f1b39846a205a129d742e993
2020.07.11 22:15:58 INFO  web[][o.s.s.p.ServerPluginRepository] Deploy plugin SonarPHP / 3.3.0.5166 / 88e11dffb965aeef9d5bdd6d8413f394d35fecba
2020.07.11 22:15:58 INFO  web[][o.s.s.p.ServerPluginRepository] Deploy plugin SonarPython / 2.8.0.6204 / 5600d1ed780882d2362bedb3604dbad7ea63eb27
2020.07.11 22:15:58 INFO  web[][o.s.s.p.ServerPluginRepository] Deploy plugin SonarRuby / 1.5.0.315 / 4ff3a145a58f3f84f1b39846a205a129d742e993
2020.07.11 22:15:58 INFO  web[][o.s.s.p.ServerPluginRepository] Deploy plugin SonarScala / 1.5.0.315 / 4ff3a145a58f3f84f1b39846a205a129d742e993
2020.07.11 22:15:58 INFO  web[][o.s.s.p.ServerPluginRepository] Deploy plugin SonarTS / 2.1.0.4359 / 268ba9581b700c4fb2bc194d4069d283da915213
2020.07.11 22:15:58 INFO  web[][o.s.s.p.ServerPluginRepository] Deploy plugin SonarXML / 2.0.1.2020 / c5b84004face582d56f110e24c29bf9c6a679e69
2020.07.11 22:15:58 INFO  web[][o.s.s.p.ServerPluginRepository] Deploy plugin Svn / 1.9.0.1295 / 942e075773975354e32691a60bfd968065703e04
2020.07.11 22:15:58 INFO  web[][o.s.s.p.ServerPluginRepository] Deploy plugin VB.NET Code Quality and Security / 8.6.1.17183 / e9f4299031df68d8c4be6ba670fd4c0395eebf76
2020.07.11 22:16:04 WARN  web[][o.a.c.u.SessionIdGeneratorBase] Creation of SecureRandom instance for session ID generation using [SHA1PRNG] took [587] milliseconds.
2020.07.11 22:16:04 INFO  web[][o.s.s.p.w.MasterServletFilter] Initializing servlet filter org.sonar.server.platform.web.WebServiceFilter@6bc1e175 [pattern=UrlPattern{inclusions=[/api/system/migrate_db.*, ...], exclusions=[/api/components/update_key, ...]}]
2020.07.11 22:16:05 INFO  web[][o.s.s.a.EmbeddedTomcat] HTTP connector enabled on port 9000
2020.07.11 22:16:21 INFO  web[][o.s.s.p.UpdateCenterClient] Update center: https://update.sonarsource.org/update-center.properties (no proxy)
2020.07.11 22:16:23 INFO  web[][o.s.s.s.LogServerId] Server ID: BF41A1F2-AXJQp7RC3AlaujWLT3Ke
2020.07.11 22:16:23 WARN  web[][o.s.s.a.LogOAuthWarning] For security reasons, OAuth authentication should use HTTPS. You should set the property 'Administration > Configuration > Server base URL' to a HTTPS URL.
2020.07.11 22:16:24 WARN  web[][o.s.a.s.w.WebService$Action] The response example is not set on action api/plugins/download
2020.07.11 22:16:24 WARN  web[][o.s.a.s.w.WebService$Action] The response example is not set on action api/permissions/search_templates
2020.07.11 22:16:24 INFO  web[][o.s.s.t.TelemetryDaemon] Sharing of SonarQube statistics is enabled.
2020.07.11 22:16:24 INFO  web[][o.s.s.n.NotificationDaemon] Notification service started (delay 60 sec.)
2020.07.11 22:16:24 INFO  web[][o.s.s.s.GeneratePluginIndex] Generate scanner plugin index
2020.07.11 22:16:24 INFO  web[][o.s.s.s.RegisterPlugins] Register plugins
2020.07.11 22:16:24 INFO  web[][o.s.s.s.RegisterMetrics] Register metrics
2020.07.11 22:16:24 INFO  web[][o.s.s.r.RegisterRules] Register rules
2020.07.11 22:16:36 INFO  web[][o.s.s.q.BuiltInQProfileRepositoryImpl] Load quality profiles
2020.07.11 22:16:38 INFO  web[][o.s.s.q.RegisterQualityProfiles] Register quality profiles
2020.07.11 22:16:38 INFO  web[][o.s.s.q.RegisterQualityProfiles] Update profile css/Sonar way
2020.07.11 22:16:38 INFO  web[][o.s.s.q.RegisterQualityProfiles] Update profile scala/Sonar way
2020.07.11 22:16:38 INFO  web[][o.s.s.q.RegisterQualityProfiles] Update profile jsp/Sonar way
2020.07.11 22:16:38 INFO  web[][o.s.s.q.RegisterQualityProfiles] Update profile kotlin/Sonar way
2020.07.11 22:16:38 INFO  web[][o.s.s.q.RegisterQualityProfiles] Update profile go/Sonar way
2020.07.11 22:16:38 INFO  web[][o.s.s.q.RegisterQualityProfiles] Update profile js/Sonar way
2020.07.11 22:16:38 INFO  web[][o.s.s.q.RegisterQualityProfiles] Update profile js/Sonar way Recommended
2020.07.11 22:16:38 INFO  web[][o.s.s.q.RegisterQualityProfiles] Update profile py/Sonar way
2020.07.11 22:16:39 INFO  web[][o.s.s.q.RegisterQualityProfiles] Update profile ruby/Sonar way
2020.07.11 22:16:39 INFO  web[][o.s.s.q.RegisterQualityProfiles] Update profile cs/Sonar way
2020.07.11 22:16:39 INFO  web[][o.s.s.q.RegisterQualityProfiles] Update profile java/Sonar way
2020.07.11 22:16:39 INFO  web[][o.s.s.q.RegisterQualityProfiles] Update profile web/Sonar way
2020.07.11 22:16:39 INFO  web[][o.s.s.q.RegisterQualityProfiles] Update profile xml/Sonar way
2020.07.11 22:16:39 INFO  web[][o.s.s.q.RegisterQualityProfiles] Update profile flex/Sonar way
2020.07.11 22:16:39 INFO  web[][o.s.s.q.RegisterQualityProfiles] Update profile php/Sonar way
2020.07.11 22:16:39 INFO  web[][o.s.s.q.RegisterQualityProfiles] Update profile php/PSR-2
2020.07.11 22:16:40 INFO  web[][o.s.s.q.RegisterQualityProfiles] Update profile php/Drupal
2020.07.11 22:16:40 INFO  web[][o.s.s.q.RegisterQualityProfiles] Update profile vbnet/Sonar way
2020.07.11 22:16:40 INFO  web[][o.s.s.q.RegisterQualityProfiles] Update profile ts/Sonar way
2020.07.11 22:16:40 INFO  web[][o.s.s.q.RegisterQualityProfiles] Update profile ts/Sonar way recommended
2020.07.11 22:16:40 INFO  web[][o.s.s.s.RegisterPermissionTemplates] Register permission templates
2020.07.11 22:16:40 INFO  web[][o.s.s.s.RenameDeprecatedPropertyKeys] Rename deprecated property keys
2020.07.11 22:16:40 INFO  web[][o.s.s.p.w.MasterServletFilter] Initializing servlet filter org.sonar.server.platform.web.WebServiceFilter@7efe83f6 [pattern=UrlPattern{inclusions=[/api/issues/delete_comment.*, ...], exclusions=[/api/authentication/login.*, ...]}]
2020.07.11 22:16:40 INFO  web[][o.s.s.p.w.MasterServletFilter] Initializing servlet filter org.sonar.server.platform.web.WebServiceReroutingFilter@2c665176 [pattern=UrlPattern{inclusions=[/api/components/bulk_update_key, ...], exclusions=[]}]
2020.07.11 22:16:40 INFO  web[][o.s.s.p.w.MasterServletFilter] Initializing servlet filter org.sonar.server.authentication.InitFilter@2dd3703f [pattern=UrlPattern{inclusions=[/sessions/init/*], exclusions=[]}]
2020.07.11 22:16:40 INFO  web[][o.s.s.p.w.MasterServletFilter] Initializing servlet filter org.sonar.server.authentication.OAuth2CallbackFilter@7160486a [pattern=UrlPattern{inclusions=[/oauth2/callback/*], exclusions=[]}]
2020.07.11 22:16:40 INFO  web[][o.s.s.p.w.MasterServletFilter] Initializing servlet filter org.sonar.server.authentication.ws.LoginAction@d7249d2 [pattern=UrlPattern{inclusions=[/api/authentication/login], exclusions=[]}]
2020.07.11 22:16:40 INFO  web[][o.s.s.p.w.MasterServletFilter] Initializing servlet filter org.sonar.server.authentication.ws.LogoutAction@b0c86bb [pattern=UrlPattern{inclusions=[/api/authentication/logout], exclusions=[]}]
2020.07.11 22:16:40 INFO  web[][o.s.s.p.w.MasterServletFilter] Initializing servlet filter org.sonar.server.authentication.ws.ValidateAction@1b16e86c [pattern=UrlPattern{inclusions=[/api/authentication/validate], exclusions=[]}]
2020.07.11 22:16:40 INFO  web[][o.s.s.q.ProjectsInWarningDaemon] Counting number of projects in warning is not started as there are no projects in this situation.
2020.07.11 22:16:40 INFO  web[][o.s.s.p.p.PlatformLevelStartup] Running Community Edition
2020.07.11 22:16:40 INFO  web[][o.s.s.p.Platform] WebServer is operational
